[2025-01-06 12:18:57,953][flwr][INFO] - Starting Flower simulation, config: num_rounds=100, no round_timeout
[2025-01-06 12:19:01,926][flwr][INFO] - Flower VCE: Ray initialized with resources: {'object_store_memory': 66268777267.0, 'node:115.145.172.224': 1.0, 'accelerator_type:G': 1.0, 'GPU': 2.0, 'node:__internal_head__': 1.0, 'memory': 144627146957.0, 'CPU': 256.0}
[2025-01-06 12:19:01,926][flwr][INFO] - Optimize your simulation with Flower VCE: https://flower.ai/docs/framework/how-to-run-simulations.html
[2025-01-06 12:19:01,927][flwr][INFO] - Flower VCE: Resources for each Virtual Client: {'num_cpus': 24, 'num_gpus': 0.125}
[2025-01-06 12:19:01,943][flwr][INFO] - Flower VCE: Creating VirtualClientEngineActorPool with 10 actors
[2025-01-06 12:19:01,944][flwr][INFO] - [INIT]
[2025-01-06 12:19:01,944][flwr][INFO] - Requesting initial parameters from one random client
[2025-01-06 12:19:05,977][flwr][INFO] - Received initial parameters from one random client
[2025-01-06 12:19:05,977][flwr][INFO] - Evaluating initial global parameters
[2025-01-06 12:19:12,427][flwr][INFO] - initial parameters (loss, other metrics): 227.2494809627533, {'accuracy': 0.0944168371821105}
[2025-01-06 12:19:12,427][flwr][INFO] - 
[2025-01-06 12:19:12,427][flwr][INFO] - [ROUND 1]
[2025-01-06 12:19:12,427][flwr][INFO] - configure_fit: strategy sampled 2 clients (out of 50)
[2025-01-06 12:19:17,213][flwr][INFO] - aggregate_fit: received 2 results and 0 failures
[2025-01-06 12:19:17,316][flwr][WARNING] - No fit_metrics_aggregation_fn provided
[2025-01-06 12:19:22,952][flwr][INFO] - fit progress: (1, 584.926394701004, {'accuracy': 0.16924875767319497}, 10.524417480977718)
[2025-01-06 12:19:22,952][flwr][INFO] - configure_evaluate: strategy sampled 2 clients (out of 50)
[2025-01-06 12:19:23,419][flwr][INFO] - aggregate_evaluate: received 2 results and 0 failures
[2025-01-06 12:19:23,419][flwr][INFO] - 
[2025-01-06 12:19:23,419][flwr][INFO] - [ROUND 2]
[2025-01-06 12:19:23,419][flwr][INFO] - configure_fit: strategy sampled 2 clients (out of 50)
[2025-01-06 12:19:25,335][flwr][INFO] - aggregate_fit: received 2 results and 0 failures
[2025-01-06 12:19:30,107][flwr][INFO] - fit progress: (2, 1072.9841451644897, {'accuracy': 0.07132417421806489}, 17.67955926799914)
[2025-01-06 12:19:30,107][flwr][INFO] - configure_evaluate: strategy sampled 2 clients (out of 50)
[2025-01-06 12:19:30,528][flwr][INFO] - aggregate_evaluate: received 2 results and 0 failures
[2025-01-06 12:19:30,528][flwr][INFO] - 
[2025-01-06 12:19:30,528][flwr][INFO] - [ROUND 3]
[2025-01-06 12:19:30,529][flwr][INFO] - configure_fit: strategy sampled 2 clients (out of 50)
[2025-01-06 12:19:32,638][flwr][INFO] - aggregate_fit: received 2 results and 0 failures
[2025-01-06 12:19:37,385][flwr][INFO] - fit progress: (3, 967.0692238807678, {'accuracy': 0.07395498392282958}, 24.957563981006388)
[2025-01-06 12:19:37,385][flwr][INFO] - configure_evaluate: strategy sampled 2 clients (out of 50)
[2025-01-06 12:19:37,728][flwr][INFO] - aggregate_evaluate: received 2 results and 0 failures
[2025-01-06 12:19:37,728][flwr][INFO] - 
[2025-01-06 12:19:37,728][flwr][INFO] - [ROUND 4]
[2025-01-06 12:19:37,728][flwr][INFO] - configure_fit: strategy sampled 2 clients (out of 50)
[2025-01-06 12:19:39,654][flwr][INFO] - aggregate_fit: received 2 results and 0 failures
[2025-01-06 12:19:44,871][flwr][INFO] - fit progress: (4, 1169.861756324768, {'accuracy': 0.07132417421806489}, 32.444301622977946)
[2025-01-06 12:19:44,874][flwr][INFO] - configure_evaluate: strategy sampled 2 clients (out of 50)
[2025-01-06 12:19:45,147][flwr][INFO] - aggregate_evaluate: received 2 results and 0 failures
[2025-01-06 12:19:45,147][flwr][INFO] - 
[2025-01-06 12:19:45,147][flwr][INFO] - [ROUND 5]
[2025-01-06 12:19:45,147][flwr][INFO] - configure_fit: strategy sampled 2 clients (out of 50)
[2025-01-06 12:19:46,764][flwr][INFO] - aggregate_fit: received 2 results and 0 failures
[2025-01-06 12:19:52,795][flwr][INFO] - fit progress: (5, 851.5900678634644, {'accuracy': 0.1356328558900906}, 40.367385478981305)
[2025-01-06 12:19:52,795][flwr][INFO] - configure_evaluate: strategy sampled 2 clients (out of 50)
[2025-01-06 12:19:53,313][flwr][INFO] - aggregate_evaluate: received 2 results and 0 failures
[2025-01-06 12:19:53,313][flwr][INFO] - 
[2025-01-06 12:19:53,313][flwr][INFO] - [ROUND 6]
[2025-01-06 12:19:53,314][flwr][INFO] - configure_fit: strategy sampled 2 clients (out of 50)
[2025-01-06 12:19:54,126][flwr][INFO] - aggregate_fit: received 2 results and 0 failures
[2025-01-06 12:19:59,056][flwr][INFO] - fit progress: (6, 1337.2496910095215, {'accuracy': 0.1824028061970184}, 46.628524466010276)
[2025-01-06 12:19:59,056][flwr][INFO] - configure_evaluate: strategy sampled 2 clients (out of 50)
[2025-01-06 12:19:59,421][flwr][INFO] - aggregate_evaluate: received 2 results and 0 failures
[2025-01-06 12:19:59,421][flwr][INFO] - 
[2025-01-06 12:19:59,421][flwr][INFO] - [ROUND 7]
[2025-01-06 12:19:59,422][flwr][INFO] - configure_fit: strategy sampled 2 clients (out of 50)
[2025-01-06 12:20:01,791][flwr][INFO] - aggregate_fit: received 2 results and 0 failures
[2025-01-06 12:20:07,079][flwr][INFO] - fit progress: (7, 872.3044300079346, {'accuracy': 0.1657410114001754}, 54.65180234599393)
[2025-01-06 12:20:07,079][flwr][INFO] - configure_evaluate: strategy sampled 2 clients (out of 50)
[2025-01-06 12:20:07,460][flwr][INFO] - aggregate_evaluate: received 2 results and 0 failures
[2025-01-06 12:20:07,460][flwr][INFO] - 
[2025-01-06 12:20:07,460][flwr][INFO] - [ROUND 8]
[2025-01-06 12:20:07,460][flwr][INFO] - configure_fit: strategy sampled 2 clients (out of 50)
[2025-01-06 12:20:09,192][flwr][INFO] - aggregate_fit: received 2 results and 0 failures
[2025-01-06 12:20:14,432][flwr][INFO] - fit progress: (8, 1911.1099891662598, {'accuracy': 0.0710318620286466}, 62.00434706598753)
[2025-01-06 12:20:14,432][flwr][INFO] - configure_evaluate: strategy sampled 2 clients (out of 50)
[2025-01-06 12:20:14,967][flwr][INFO] - aggregate_evaluate: received 2 results and 0 failures
[2025-01-06 12:20:14,967][flwr][INFO] - 
[2025-01-06 12:20:14,967][flwr][INFO] - [ROUND 9]
[2025-01-06 12:20:14,968][flwr][INFO] - configure_fit: strategy sampled 2 clients (out of 50)
[2025-01-06 12:20:16,499][flwr][INFO] - aggregate_fit: received 2 results and 0 failures
[2025-01-06 12:20:22,498][flwr][INFO] - fit progress: (9, 2735.6465644836426, {'accuracy': 0.19467991815258695}, 70.0711673879996)
[2025-01-06 12:20:22,499][flwr][INFO] - configure_evaluate: strategy sampled 2 clients (out of 50)
[2025-01-06 12:20:22,854][flwr][INFO] - aggregate_evaluate: received 2 results and 0 failures
[2025-01-06 12:20:22,855][flwr][INFO] - 
[2025-01-06 12:20:22,855][flwr][INFO] - [ROUND 10]
[2025-01-06 12:20:22,855][flwr][INFO] - configure_fit: strategy sampled 2 clients (out of 50)
[2025-01-06 12:20:24,526][flwr][INFO] - aggregate_fit: received 2 results and 0 failures
[2025-01-06 12:20:29,622][flwr][INFO] - fit progress: (10, 790.4468083381653, {'accuracy': 0.1607717041800643}, 77.19492728001205)
[2025-01-06 12:20:29,622][flwr][INFO] - configure_evaluate: strategy sampled 2 clients (out of 50)
[2025-01-06 12:20:29,916][flwr][INFO] - aggregate_evaluate: received 2 results and 0 failures
[2025-01-06 12:20:29,916][flwr][INFO] - 
[2025-01-06 12:20:29,916][flwr][INFO] - [ROUND 11]
[2025-01-06 12:20:29,916][flwr][INFO] - configure_fit: strategy sampled 2 clients (out of 50)
[2025-01-06 12:20:31,341][flwr][INFO] - aggregate_fit: received 2 results and 0 failures
[2025-01-06 12:20:36,451][flwr][INFO] - fit progress: (11, 1953.5986604690552, {'accuracy': 0.08535515931014323}, 84.02424027997768)
[2025-01-06 12:20:36,452][flwr][INFO] - configure_evaluate: strategy sampled 2 clients (out of 50)
[2025-01-06 12:20:36,796][flwr][INFO] - aggregate_evaluate: received 2 results and 0 failures
[2025-01-06 12:20:36,797][flwr][INFO] - 
[2025-01-06 12:20:36,797][flwr][INFO] - [ROUND 12]
[2025-01-06 12:20:36,797][flwr][INFO] - configure_fit: strategy sampled 2 clients (out of 50)
[2025-01-06 12:20:37,900][flwr][INFO] - aggregate_fit: received 2 results and 0 failures
[2025-01-06 12:20:42,908][flwr][INFO] - fit progress: (12, 1715.2656335830688, {'accuracy': 0.0932475884244373}, 90.48075724602677)
[2025-01-06 12:20:42,909][flwr][INFO] - configure_evaluate: strategy sampled 2 clients (out of 50)
[2025-01-06 12:20:43,222][flwr][INFO] - aggregate_evaluate: received 2 results and 0 failures
[2025-01-06 12:20:43,223][flwr][INFO] - 
[2025-01-06 12:20:43,223][flwr][INFO] - [ROUND 13]
[2025-01-06 12:20:43,223][flwr][INFO] - configure_fit: strategy sampled 2 clients (out of 50)
[2025-01-06 12:20:45,255][flwr][INFO] - aggregate_fit: received 2 results and 0 failures
[2025-01-06 12:20:50,234][flwr][INFO] - fit progress: (13, 2013.7393236160278, {'accuracy': 0.16691026015784857}, 97.80661040800624)
[2025-01-06 12:20:50,234][flwr][INFO] - configure_evaluate: strategy sampled 2 clients (out of 50)
[2025-01-06 12:20:50,557][flwr][INFO] - aggregate_evaluate: received 2 results and 0 failures
[2025-01-06 12:20:50,558][flwr][INFO] - 
[2025-01-06 12:20:50,558][flwr][INFO] - [ROUND 14]
[2025-01-06 12:20:50,558][flwr][INFO] - configure_fit: strategy sampled 2 clients (out of 50)
[2025-01-06 12:20:52,506][flwr][INFO] - aggregate_fit: received 2 results and 0 failures
[2025-01-06 12:20:57,369][flwr][INFO] - fit progress: (14, 3437.783212661743, {'accuracy': 0.19467991815258695}, 104.94207733601797)
[2025-01-06 12:20:57,370][flwr][INFO] - configure_evaluate: strategy sampled 2 clients (out of 50)
[2025-01-06 12:20:57,720][flwr][INFO] - aggregate_evaluate: received 2 results and 0 failures
[2025-01-06 12:20:57,720][flwr][INFO] - 
[2025-01-06 12:20:57,720][flwr][INFO] - [ROUND 15]
[2025-01-06 12:20:57,720][flwr][INFO] - configure_fit: strategy sampled 2 clients (out of 50)
[2025-01-06 12:20:59,284][flwr][INFO] - aggregate_fit: received 2 results and 0 failures
[2025-01-06 12:21:04,801][flwr][INFO] - fit progress: (15, 2030.9283018112183, {'accuracy': 0.08301666179479684}, 112.37369432399282)
[2025-01-06 12:21:04,802][flwr][INFO] - configure_evaluate: strategy sampled 2 clients (out of 50)
[2025-01-06 12:21:05,114][flwr][INFO] - aggregate_evaluate: received 2 results and 0 failures
[2025-01-06 12:21:05,114][flwr][INFO] - 
[2025-01-06 12:21:05,115][flwr][INFO] - [ROUND 16]
[2025-01-06 12:21:05,115][flwr][INFO] - configure_fit: strategy sampled 2 clients (out of 50)
[2025-01-06 12:21:06,595][flwr][INFO] - aggregate_fit: received 2 results and 0 failures
[2025-01-06 12:21:11,565][flwr][INFO] - fit progress: (16, 1018.3833928108215, {'accuracy': 0.059339374451914645}, 119.13798924797447)
[2025-01-06 12:21:11,566][flwr][INFO] - configure_evaluate: strategy sampled 2 clients (out of 50)
[2025-01-06 12:21:11,977][flwr][INFO] - aggregate_evaluate: received 2 results and 0 failures
[2025-01-06 12:21:11,977][flwr][INFO] - 
[2025-01-06 12:21:11,977][flwr][INFO] - [ROUND 17]
[2025-01-06 12:21:11,977][flwr][INFO] - configure_fit: strategy sampled 2 clients (out of 50)
[2025-01-06 12:21:13,234][flwr][INFO] - aggregate_fit: received 2 results and 0 failures
[2025-01-06 12:21:18,067][flwr][INFO] - fit progress: (17, 2516.5283126831055, {'accuracy': 0.08477053493130664}, 125.64009448199067)
[2025-01-06 12:21:18,068][flwr][INFO] - configure_evaluate: strategy sampled 2 clients (out of 50)
[2025-01-06 12:21:18,425][flwr][INFO] - aggregate_evaluate: received 2 results and 0 failures
[2025-01-06 12:21:18,425][flwr][INFO] - 
[2025-01-06 12:21:18,425][flwr][INFO] - [ROUND 18]
[2025-01-06 12:21:18,425][flwr][INFO] - configure_fit: strategy sampled 2 clients (out of 50)
[2025-01-06 12:21:19,192][flwr][INFO] - aggregate_fit: received 2 results and 0 failures
[2025-01-06 12:21:24,441][flwr][INFO] - fit progress: (18, 2940.7686882019043, {'accuracy': 0.08301666179479684}, 132.01348806201713)
[2025-01-06 12:21:24,441][flwr][INFO] - configure_evaluate: strategy sampled 2 clients (out of 50)
[2025-01-06 12:21:24,833][flwr][INFO] - aggregate_evaluate: received 2 results and 0 failures
[2025-01-06 12:21:24,833][flwr][INFO] - 
[2025-01-06 12:21:24,833][flwr][INFO] - [ROUND 19]
[2025-01-06 12:21:24,833][flwr][INFO] - configure_fit: strategy sampled 2 clients (out of 50)
[2025-01-06 12:21:26,520][flwr][INFO] - aggregate_fit: received 2 results and 0 failures
[2025-01-06 12:21:31,522][flwr][INFO] - fit progress: (19, 4272.672401428223, {'accuracy': 0.07132417421806489}, 139.09474094799953)
[2025-01-06 12:21:31,523][flwr][INFO] - configure_evaluate: strategy sampled 2 clients (out of 50)
[2025-01-06 12:21:32,068][flwr][INFO] - aggregate_evaluate: received 2 results and 0 failures
[2025-01-06 12:21:32,068][flwr][INFO] - 
[2025-01-06 12:21:32,068][flwr][INFO] - [ROUND 20]
[2025-01-06 12:21:32,068][flwr][INFO] - configure_fit: strategy sampled 2 clients (out of 50)
[2025-01-06 12:21:33,487][flwr][INFO] - aggregate_fit: received 2 results and 0 failures
[2025-01-06 12:21:38,279][flwr][INFO] - fit progress: (20, 5099.3070640563965, {'accuracy': 0.07132417421806489}, 145.85227680200478)
[2025-01-06 12:21:38,280][flwr][INFO] - configure_evaluate: strategy sampled 2 clients (out of 50)
[2025-01-06 12:21:38,587][flwr][INFO] - aggregate_evaluate: received 2 results and 0 failures
[2025-01-06 12:21:38,587][flwr][INFO] - 
[2025-01-06 12:21:38,587][flwr][INFO] - [ROUND 21]
[2025-01-06 12:21:38,588][flwr][INFO] - configure_fit: strategy sampled 2 clients (out of 50)
[2025-01-06 12:21:41,208][flwr][INFO] - aggregate_fit: received 2 results and 0 failures
[2025-01-06 12:21:46,023][flwr][INFO] - fit progress: (21, 2510.051315307617, {'accuracy': 0.07395498392282958}, 153.5962619750062)
[2025-01-06 12:21:46,024][flwr][INFO] - configure_evaluate: strategy sampled 2 clients (out of 50)
[2025-01-06 12:21:46,456][flwr][INFO] - aggregate_evaluate: received 2 results and 0 failures
[2025-01-06 12:21:46,456][flwr][INFO] - 
[2025-01-06 12:21:46,456][flwr][INFO] - [ROUND 22]
[2025-01-06 12:21:46,457][flwr][INFO] - configure_fit: strategy sampled 2 clients (out of 50)
[2025-01-06 12:21:49,037][flwr][INFO] - aggregate_fit: received 2 results and 0 failures
[2025-01-06 12:21:53,909][flwr][INFO] - fit progress: (22, 6860.5069007873535, {'accuracy': 0.0710318620286466}, 161.48195334000047)
[2025-01-06 12:21:53,909][flwr][INFO] - configure_evaluate: strategy sampled 2 clients (out of 50)
[2025-01-06 12:21:54,382][flwr][INFO] - aggregate_evaluate: received 2 results and 0 failures
[2025-01-06 12:21:54,382][flwr][INFO] - 
[2025-01-06 12:21:54,382][flwr][INFO] - [ROUND 23]
[2025-01-06 12:21:54,382][flwr][INFO] - configure_fit: strategy sampled 2 clients (out of 50)
[2025-01-06 12:21:55,331][flwr][INFO] - aggregate_fit: received 2 results and 0 failures
[2025-01-06 12:22:00,146][flwr][INFO] - fit progress: (23, 3803.2892627716064, {'accuracy': 0.0710318620286466}, 167.71879385900684)
[2025-01-06 12:22:00,147][flwr][INFO] - configure_evaluate: strategy sampled 2 clients (out of 50)
[2025-01-06 12:22:00,535][flwr][INFO] - aggregate_evaluate: received 2 results and 0 failures
[2025-01-06 12:22:00,535][flwr][INFO] - 
[2025-01-06 12:22:00,535][flwr][INFO] - [ROUND 24]
[2025-01-06 12:22:00,535][flwr][INFO] - configure_fit: strategy sampled 2 clients (out of 50)
[2025-01-06 12:22:02,020][flwr][INFO] - aggregate_fit: received 2 results and 0 failures
[2025-01-06 12:22:06,839][flwr][INFO] - fit progress: (24, 2789.6167888641357, {'accuracy': 0.0710318620286466}, 174.41171086701797)
[2025-01-06 12:22:06,839][flwr][INFO] - configure_evaluate: strategy sampled 2 clients (out of 50)
[2025-01-06 12:22:07,206][flwr][INFO] - aggregate_evaluate: received 2 results and 0 failures
[2025-01-06 12:22:07,206][flwr][INFO] - 
[2025-01-06 12:22:07,206][flwr][INFO] - [ROUND 25]
[2025-01-06 12:22:07,206][flwr][INFO] - configure_fit: strategy sampled 2 clients (out of 50)
[2025-01-06 12:22:08,623][flwr][INFO] - aggregate_fit: received 2 results and 0 failures
[2025-01-06 12:22:13,373][flwr][INFO] - fit progress: (25, 4249.3669509887695, {'accuracy': 0.08272434960537854}, 180.94625991903013)
[2025-01-06 12:22:13,374][flwr][INFO] - configure_evaluate: strategy sampled 2 clients (out of 50)
[2025-01-06 12:22:13,801][flwr][INFO] - aggregate_evaluate: received 2 results and 0 failures
[2025-01-06 12:22:13,801][flwr][INFO] - 
[2025-01-06 12:22:13,801][flwr][INFO] - [ROUND 26]
[2025-01-06 12:22:13,802][flwr][INFO] - configure_fit: strategy sampled 2 clients (out of 50)
[2025-01-06 12:22:14,836][flwr][INFO] - aggregate_fit: received 2 results and 0 failures
[2025-01-06 12:22:19,568][flwr][INFO] - fit progress: (26, 2378.432153701782, {'accuracy': 0.15492546039169833}, 187.14049054699717)
[2025-01-06 12:22:19,568][flwr][INFO] - configure_evaluate: strategy sampled 2 clients (out of 50)
[2025-01-06 12:22:20,192][flwr][INFO] - aggregate_evaluate: received 2 results and 0 failures
[2025-01-06 12:22:20,192][flwr][INFO] - 
[2025-01-06 12:22:20,192][flwr][INFO] - [ROUND 27]
[2025-01-06 12:22:20,192][flwr][INFO] - configure_fit: strategy sampled 2 clients (out of 50)
[2025-01-06 12:22:21,688][flwr][INFO] - aggregate_fit: received 2 results and 0 failures
[2025-01-06 12:22:26,441][flwr][INFO] - fit progress: (27, 3984.0223426818848, {'accuracy': 0.19467991815258695}, 194.0137916560052)
[2025-01-06 12:22:26,442][flwr][INFO] - configure_evaluate: strategy sampled 2 clients (out of 50)
[2025-01-06 12:22:26,759][flwr][INFO] - aggregate_evaluate: received 2 results and 0 failures
[2025-01-06 12:22:26,759][flwr][INFO] - 
[2025-01-06 12:22:26,759][flwr][INFO] - [ROUND 28]
[2025-01-06 12:22:26,759][flwr][INFO] - configure_fit: strategy sampled 2 clients (out of 50)
[2025-01-06 12:22:28,664][flwr][INFO] - aggregate_fit: received 2 results and 0 failures
[2025-01-06 12:22:33,515][flwr][INFO] - fit progress: (28, 4062.790885925293, {'accuracy': 0.07278573516515639}, 201.08769161300734)
[2025-01-06 12:22:33,515][flwr][INFO] - configure_evaluate: strategy sampled 2 clients (out of 50)
[2025-01-06 12:22:33,864][flwr][INFO] - aggregate_evaluate: received 2 results and 0 failures
[2025-01-06 12:22:33,864][flwr][INFO] - 
[2025-01-06 12:22:33,864][flwr][INFO] - [ROUND 29]
[2025-01-06 12:22:33,865][flwr][INFO] - configure_fit: strategy sampled 2 clients (out of 50)
[2025-01-06 12:22:36,057][flwr][INFO] - aggregate_fit: received 2 results and 0 failures
[2025-01-06 12:22:40,881][flwr][INFO] - fit progress: (29, 4575.056739807129, {'accuracy': 0.09090909090909091}, 208.45412422099616)
[2025-01-06 12:22:40,882][flwr][INFO] - configure_evaluate: strategy sampled 2 clients (out of 50)
[2025-01-06 12:22:41,203][flwr][INFO] - aggregate_evaluate: received 2 results and 0 failures
[2025-01-06 12:22:41,203][flwr][INFO] - 
[2025-01-06 12:22:41,203][flwr][INFO] - [ROUND 30]
[2025-01-06 12:22:41,203][flwr][INFO] - configure_fit: strategy sampled 2 clients (out of 50)
[2025-01-06 12:22:42,484][flwr][INFO] - aggregate_fit: received 2 results and 0 failures
[2025-01-06 12:22:47,213][flwr][INFO] - fit progress: (30, 3021.0698413848877, {'accuracy': 0.08827828120432622}, 214.78564639901742)
[2025-01-06 12:22:47,213][flwr][INFO] - configure_evaluate: strategy sampled 2 clients (out of 50)
[2025-01-06 12:22:47,555][flwr][INFO] - aggregate_evaluate: received 2 results and 0 failures
[2025-01-06 12:22:47,556][flwr][INFO] - 
[2025-01-06 12:22:47,556][flwr][INFO] - [ROUND 31]
[2025-01-06 12:22:47,556][flwr][INFO] - configure_fit: strategy sampled 2 clients (out of 50)
[2025-01-06 12:22:49,157][flwr][INFO] - aggregate_fit: received 2 results and 0 failures
[2025-01-06 12:22:54,137][flwr][INFO] - fit progress: (31, 3064.086530685425, {'accuracy': 0.16924875767319497}, 221.70978061598726)
[2025-01-06 12:22:54,138][flwr][INFO] - configure_evaluate: strategy sampled 2 clients (out of 50)
[2025-01-06 12:22:54,463][flwr][INFO] - aggregate_evaluate: received 2 results and 0 failures
[2025-01-06 12:22:54,463][flwr][INFO] - 
[2025-01-06 12:22:54,463][flwr][INFO] - [ROUND 32]
[2025-01-06 12:22:54,464][flwr][INFO] - configure_fit: strategy sampled 2 clients (out of 50)
[2025-01-06 12:22:56,400][flwr][INFO] - aggregate_fit: received 2 results and 0 failures
[2025-01-06 12:23:01,544][flwr][INFO] - fit progress: (32, 3988.7493934631348, {'accuracy': 0.07132417421806489}, 229.11683184897993)
[2025-01-06 12:23:01,545][flwr][INFO] - configure_evaluate: strategy sampled 2 clients (out of 50)
[2025-01-06 12:23:01,987][flwr][INFO] - aggregate_evaluate: received 2 results and 0 failures
[2025-01-06 12:23:01,987][flwr][INFO] - 
[2025-01-06 12:23:01,987][flwr][INFO] - [ROUND 33]
[2025-01-06 12:23:01,987][flwr][INFO] - configure_fit: strategy sampled 2 clients (out of 50)
[2025-01-06 12:23:03,471][flwr][INFO] - aggregate_fit: received 2 results and 0 failures
[2025-01-06 12:23:08,328][flwr][INFO] - fit progress: (33, 5530.125160217285, {'accuracy': 0.09090909090909091}, 235.90121863997774)
[2025-01-06 12:23:08,329][flwr][INFO] - configure_evaluate: strategy sampled 2 clients (out of 50)
[2025-01-06 12:23:08,651][flwr][INFO] - aggregate_evaluate: received 2 results and 0 failures
[2025-01-06 12:23:08,652][flwr][INFO] - 
[2025-01-06 12:23:08,652][flwr][INFO] - [ROUND 34]
[2025-01-06 12:23:08,652][flwr][INFO] - configure_fit: strategy sampled 2 clients (out of 50)
[2025-01-06 12:23:10,475][flwr][INFO] - aggregate_fit: received 2 results and 0 failures
[2025-01-06 12:23:15,699][flwr][INFO] - fit progress: (34, 3451.73722076416, {'accuracy': 0.06460099386144402}, 243.27224939101143)
[2025-01-06 12:23:15,700][flwr][INFO] - configure_evaluate: strategy sampled 2 clients (out of 50)
[2025-01-06 12:23:16,029][flwr][INFO] - aggregate_evaluate: received 2 results and 0 failures
[2025-01-06 12:23:16,029][flwr][INFO] - 
[2025-01-06 12:23:16,029][flwr][INFO] - [ROUND 35]
[2025-01-06 12:23:16,029][flwr][INFO] - configure_fit: strategy sampled 2 clients (out of 50)
[2025-01-06 12:23:17,898][flwr][INFO] - aggregate_fit: received 2 results and 0 failures
[2025-01-06 12:23:23,241][flwr][INFO] - fit progress: (35, 3776.3338871002197, {'accuracy': 0.0710318620286466}, 250.8133914389764)
[2025-01-06 12:23:23,241][flwr][INFO] - configure_evaluate: strategy sampled 2 clients (out of 50)
[2025-01-06 12:23:23,732][flwr][INFO] - aggregate_evaluate: received 2 results and 0 failures
[2025-01-06 12:23:23,733][flwr][INFO] - 
[2025-01-06 12:23:23,733][flwr][INFO] - [ROUND 36]
[2025-01-06 12:23:23,733][flwr][INFO] - configure_fit: strategy sampled 2 clients (out of 50)
[2025-01-06 12:23:24,714][flwr][INFO] - aggregate_fit: received 2 results and 0 failures
[2025-01-06 12:23:30,055][flwr][INFO] - fit progress: (36, 1677.6663036346436, {'accuracy': 0.1148786904413914}, 257.62795837200247)
[2025-01-06 12:23:30,056][flwr][INFO] - configure_evaluate: strategy sampled 2 clients (out of 50)
[2025-01-06 12:23:30,364][flwr][INFO] - aggregate_evaluate: received 2 results and 0 failures
[2025-01-06 12:23:30,365][flwr][INFO] - 
[2025-01-06 12:23:30,365][flwr][INFO] - [ROUND 37]
[2025-01-06 12:23:30,365][flwr][INFO] - configure_fit: strategy sampled 2 clients (out of 50)
[2025-01-06 12:23:31,749][flwr][INFO] - aggregate_fit: received 2 results and 0 failures
[2025-01-06 12:23:36,915][flwr][INFO] - fit progress: (37, 4712.520999908447, {'accuracy': 0.19847997661502484}, 264.48776950303)
[2025-01-06 12:23:36,915][flwr][INFO] - configure_evaluate: strategy sampled 2 clients (out of 50)
[2025-01-06 12:23:37,261][flwr][INFO] - aggregate_evaluate: received 2 results and 0 failures
[2025-01-06 12:23:37,261][flwr][INFO] - 
[2025-01-06 12:23:37,261][flwr][INFO] - [ROUND 38]
[2025-01-06 12:23:37,261][flwr][INFO] - configure_fit: strategy sampled 2 clients (out of 50)
[2025-01-06 12:23:38,877][flwr][INFO] - aggregate_fit: received 2 results and 0 failures
[2025-01-06 12:23:44,007][flwr][INFO] - fit progress: (38, 4055.2906742095947, {'accuracy': 0.19467991815258695}, 271.5792768410174)
[2025-01-06 12:23:44,007][flwr][INFO] - configure_evaluate: strategy sampled 2 clients (out of 50)
[2025-01-06 12:23:44,427][flwr][INFO] - aggregate_evaluate: received 2 results and 0 failures
[2025-01-06 12:23:44,427][flwr][INFO] - 
[2025-01-06 12:23:44,427][flwr][INFO] - [ROUND 39]
[2025-01-06 12:23:44,427][flwr][INFO] - configure_fit: strategy sampled 2 clients (out of 50)
[2025-01-06 12:23:45,899][flwr][INFO] - aggregate_fit: received 2 results and 0 failures
[2025-01-06 12:23:51,015][flwr][INFO] - fit progress: (39, 5264.789489746094, {'accuracy': 0.19467991815258695}, 278.5873881939915)
[2025-01-06 12:23:51,015][flwr][INFO] - configure_evaluate: strategy sampled 2 clients (out of 50)
[2025-01-06 12:23:51,805][flwr][INFO] - aggregate_evaluate: received 2 results and 0 failures
[2025-01-06 12:23:51,805][flwr][INFO] - 
[2025-01-06 12:23:51,805][flwr][INFO] - [ROUND 40]
[2025-01-06 12:23:51,805][flwr][INFO] - configure_fit: strategy sampled 2 clients (out of 50)
[2025-01-06 12:23:53,889][flwr][INFO] - aggregate_fit: received 2 results and 0 failures
[2025-01-06 12:23:58,733][flwr][INFO] - fit progress: (40, 7468.7155685424805, {'accuracy': 0.1824028061970184}, 286.3059899969958)
[2025-01-06 12:23:58,734][flwr][INFO] - configure_evaluate: strategy sampled 2 clients (out of 50)
[2025-01-06 12:23:59,116][flwr][INFO] - aggregate_evaluate: received 2 results and 0 failures
[2025-01-06 12:23:59,117][flwr][INFO] - 
[2025-01-06 12:23:59,117][flwr][INFO] - [ROUND 41]
[2025-01-06 12:23:59,117][flwr][INFO] - configure_fit: strategy sampled 2 clients (out of 50)
[2025-01-06 12:24:00,690][flwr][INFO] - aggregate_fit: received 2 results and 0 failures
[2025-01-06 12:24:05,618][flwr][INFO] - fit progress: (41, 6399.321529388428, {'accuracy': 0.07132417421806489}, 293.1905123280012)
[2025-01-06 12:24:05,618][flwr][INFO] - configure_evaluate: strategy sampled 2 clients (out of 50)
[2025-01-06 12:24:05,949][flwr][INFO] - aggregate_evaluate: received 2 results and 0 failures
[2025-01-06 12:24:05,949][flwr][INFO] - 
[2025-01-06 12:24:05,949][flwr][INFO] - [ROUND 42]
[2025-01-06 12:24:05,949][flwr][INFO] - configure_fit: strategy sampled 2 clients (out of 50)
[2025-01-06 12:24:06,995][flwr][INFO] - aggregate_fit: received 2 results and 0 failures
[2025-01-06 12:24:11,804][flwr][INFO] - fit progress: (42, 3276.5891094207764, {'accuracy': 0.07132417421806489}, 299.37733965797815)
[2025-01-06 12:24:11,805][flwr][INFO] - configure_evaluate: strategy sampled 2 clients (out of 50)
[2025-01-06 12:24:12,469][flwr][INFO] - aggregate_evaluate: received 2 results and 0 failures
[2025-01-06 12:24:12,469][flwr][INFO] - 
[2025-01-06 12:24:12,469][flwr][INFO] - [ROUND 43]
[2025-01-06 12:24:12,470][flwr][INFO] - configure_fit: strategy sampled 2 clients (out of 50)
[2025-01-06 12:24:14,174][flwr][INFO] - aggregate_fit: received 2 results and 0 failures
[2025-01-06 12:24:19,092][flwr][INFO] - fit progress: (43, 6705.808883666992, {'accuracy': 0.07132417421806489}, 306.6644575530081)
[2025-01-06 12:24:19,092][flwr][INFO] - configure_evaluate: strategy sampled 2 clients (out of 50)
[2025-01-06 12:24:19,464][flwr][INFO] - aggregate_evaluate: received 2 results and 0 failures
[2025-01-06 12:24:19,464][flwr][INFO] - 
[2025-01-06 12:24:19,464][flwr][INFO] - [ROUND 44]
[2025-01-06 12:24:19,464][flwr][INFO] - configure_fit: strategy sampled 2 clients (out of 50)
[2025-01-06 12:24:20,572][flwr][INFO] - aggregate_fit: received 2 results and 0 failures
[2025-01-06 12:24:25,381][flwr][INFO] - fit progress: (44, 5029.981246948242, {'accuracy': 0.07132417421806489}, 312.95399888802785)
[2025-01-06 12:24:25,382][flwr][INFO] - configure_evaluate: strategy sampled 2 clients (out of 50)
[2025-01-06 12:24:25,709][flwr][INFO] - aggregate_evaluate: received 2 results and 0 failures
[2025-01-06 12:24:25,709][flwr][INFO] - 
[2025-01-06 12:24:25,709][flwr][INFO] - [ROUND 45]
[2025-01-06 12:24:25,709][flwr][INFO] - configure_fit: strategy sampled 2 clients (out of 50)
[2025-01-06 12:24:26,514][flwr][INFO] - aggregate_fit: received 2 results and 0 failures
[2025-01-06 12:24:31,510][flwr][INFO] - fit progress: (45, 6050.509922027588, {'accuracy': 0.07132417421806489}, 319.0830916999839)
[2025-01-06 12:24:31,511][flwr][INFO] - configure_evaluate: strategy sampled 2 clients (out of 50)
[2025-01-06 12:24:31,855][flwr][INFO] - aggregate_evaluate: received 2 results and 0 failures
[2025-01-06 12:24:31,855][flwr][INFO] - 
[2025-01-06 12:24:31,855][flwr][INFO] - [ROUND 46]
[2025-01-06 12:24:31,856][flwr][INFO] - configure_fit: strategy sampled 2 clients (out of 50)
[2025-01-06 12:24:33,803][flwr][INFO] - aggregate_fit: received 2 results and 0 failures
[2025-01-06 12:24:38,806][flwr][INFO] - fit progress: (46, 3423.5813732147217, {'accuracy': 0.15784858228588133}, 326.37889933102997)
[2025-01-06 12:24:38,807][flwr][INFO] - configure_evaluate: strategy sampled 2 clients (out of 50)
[2025-01-06 12:24:39,134][flwr][INFO] - aggregate_evaluate: received 2 results and 0 failures
[2025-01-06 12:24:39,134][flwr][INFO] - 
[2025-01-06 12:24:39,135][flwr][INFO] - [ROUND 47]
[2025-01-06 12:24:39,135][flwr][INFO] - configure_fit: strategy sampled 2 clients (out of 50)
[2025-01-06 12:24:40,227][flwr][INFO] - aggregate_fit: received 2 results and 0 failures
[2025-01-06 12:24:45,024][flwr][INFO] - fit progress: (47, 5721.523914337158, {'accuracy': 0.07132417421806489}, 332.5971221809741)
[2025-01-06 12:24:45,025][flwr][INFO] - configure_evaluate: strategy sampled 2 clients (out of 50)
[2025-01-06 12:24:45,365][flwr][INFO] - aggregate_evaluate: received 2 results and 0 failures
[2025-01-06 12:24:45,365][flwr][INFO] - 
[2025-01-06 12:24:45,365][flwr][INFO] - [ROUND 48]
[2025-01-06 12:24:45,365][flwr][INFO] - configure_fit: strategy sampled 2 clients (out of 50)
[2025-01-06 12:24:46,755][flwr][INFO] - aggregate_fit: received 2 results and 0 failures
[2025-01-06 12:24:51,513][flwr][INFO] - fit progress: (48, 2647.1682109832764, {'accuracy': 0.13855597778427362}, 339.0857822760008)
[2025-01-06 12:24:51,513][flwr][INFO] - configure_evaluate: strategy sampled 2 clients (out of 50)
[2025-01-06 12:24:51,830][flwr][INFO] - aggregate_evaluate: received 2 results and 0 failures
[2025-01-06 12:24:51,830][flwr][INFO] - 
[2025-01-06 12:24:51,830][flwr][INFO] - [ROUND 49]
[2025-01-06 12:24:51,830][flwr][INFO] - configure_fit: strategy sampled 2 clients (out of 50)
[2025-01-06 12:24:53,464][flwr][INFO] - aggregate_fit: received 2 results and 0 failures
[2025-01-06 12:24:58,289][flwr][INFO] - fit progress: (49, 1266.3477334976196, {'accuracy': 0.11049400760011692}, 345.86159374099225)
[2025-01-06 12:24:58,289][flwr][INFO] - configure_evaluate: strategy sampled 2 clients (out of 50)
[2025-01-06 12:24:59,067][flwr][INFO] - aggregate_evaluate: received 2 results and 0 failures
[2025-01-06 12:24:59,067][flwr][INFO] - 
[2025-01-06 12:24:59,068][flwr][INFO] - [ROUND 50]
[2025-01-06 12:24:59,068][flwr][INFO] - configure_fit: strategy sampled 2 clients (out of 50)
[2025-01-06 12:25:01,106][flwr][INFO] - aggregate_fit: received 2 results and 0 failures
[2025-01-06 12:25:05,886][flwr][INFO] - fit progress: (50, 5163.66471862793, {'accuracy': 0.07132417421806489}, 353.4593212589971)
[2025-01-06 12:25:05,887][flwr][INFO] - configure_evaluate: strategy sampled 2 clients (out of 50)
[2025-01-06 12:25:06,237][flwr][INFO] - aggregate_evaluate: received 2 results and 0 failures
[2025-01-06 12:25:06,238][flwr][INFO] - 
[2025-01-06 12:25:06,238][flwr][INFO] - [ROUND 51]
[2025-01-06 12:25:06,238][flwr][INFO] - configure_fit: strategy sampled 2 clients (out of 50)
[2025-01-06 12:25:07,983][flwr][INFO] - aggregate_fit: received 2 results and 0 failures
[2025-01-06 12:25:12,747][flwr][INFO] - fit progress: (51, 5315.527980804443, {'accuracy': 0.07366267173341129}, 360.3198124379851)
[2025-01-06 12:25:12,747][flwr][INFO] - configure_evaluate: strategy sampled 2 clients (out of 50)
[2025-01-06 12:25:13,068][flwr][INFO] - aggregate_evaluate: received 2 results and 0 failures
[2025-01-06 12:25:13,068][flwr][INFO] - 
[2025-01-06 12:25:13,068][flwr][INFO] - [ROUND 52]
[2025-01-06 12:25:13,068][flwr][INFO] - configure_fit: strategy sampled 2 clients (out of 50)
[2025-01-06 12:25:14,185][flwr][INFO] - aggregate_fit: received 2 results and 0 failures
[2025-01-06 12:25:18,955][flwr][INFO] - fit progress: (52, 3870.162031173706, {'accuracy': 0.19438760596316867}, 366.5275538539863)
[2025-01-06 12:25:18,955][flwr][INFO] - configure_evaluate: strategy sampled 2 clients (out of 50)
[2025-01-06 12:25:19,245][flwr][INFO] - aggregate_evaluate: received 2 results and 0 failures
[2025-01-06 12:25:19,245][flwr][INFO] - 
[2025-01-06 12:25:19,245][flwr][INFO] - [ROUND 53]
[2025-01-06 12:25:19,245][flwr][INFO] - configure_fit: strategy sampled 2 clients (out of 50)
[2025-01-06 12:25:20,548][flwr][INFO] - aggregate_fit: received 2 results and 0 failures
[2025-01-06 12:25:25,379][flwr][INFO] - fit progress: (53, 4894.102565765381, {'accuracy': 0.06810874013446361}, 372.951902899018)
[2025-01-06 12:25:25,380][flwr][INFO] - configure_evaluate: strategy sampled 2 clients (out of 50)
[2025-01-06 12:25:25,662][flwr][INFO] - aggregate_evaluate: received 2 results and 0 failures
[2025-01-06 12:25:25,662][flwr][INFO] - 
[2025-01-06 12:25:25,662][flwr][INFO] - [ROUND 54]
[2025-01-06 12:25:25,662][flwr][INFO] - configure_fit: strategy sampled 2 clients (out of 50)
[2025-01-06 12:25:27,698][flwr][INFO] - aggregate_fit: received 2 results and 0 failures
[2025-01-06 12:25:32,540][flwr][INFO] - fit progress: (54, 3979.38738822937, {'accuracy': 0.08184741303712365}, 380.1125094750314)
[2025-01-06 12:25:32,540][flwr][INFO] - configure_evaluate: strategy sampled 2 clients (out of 50)
[2025-01-06 12:25:32,896][flwr][INFO] - aggregate_evaluate: received 2 results and 0 failures
[2025-01-06 12:25:32,896][flwr][INFO] - 
[2025-01-06 12:25:32,896][flwr][INFO] - [ROUND 55]
[2025-01-06 12:25:32,896][flwr][INFO] - configure_fit: strategy sampled 2 clients (out of 50)
[2025-01-06 12:25:33,672][flwr][INFO] - aggregate_fit: received 2 results and 0 failures
[2025-01-06 12:25:38,438][flwr][INFO] - fit progress: (55, 4806.910619735718, {'accuracy': 0.08857059339374451}, 386.0108159260126)
[2025-01-06 12:25:38,439][flwr][INFO] - configure_evaluate: strategy sampled 2 clients (out of 50)
[2025-01-06 12:25:38,779][flwr][INFO] - aggregate_evaluate: received 2 results and 0 failures
[2025-01-06 12:25:38,779][flwr][INFO] - 
[2025-01-06 12:25:38,779][flwr][INFO] - [ROUND 56]
[2025-01-06 12:25:38,779][flwr][INFO] - configure_fit: strategy sampled 2 clients (out of 50)
[2025-01-06 12:25:40,803][flwr][INFO] - aggregate_fit: received 2 results and 0 failures
[2025-01-06 12:25:45,685][flwr][INFO] - fit progress: (56, 6740.339351654053, {'accuracy': 0.05349313066354867}, 393.2579977620044)
[2025-01-06 12:25:45,685][flwr][INFO] - configure_evaluate: strategy sampled 2 clients (out of 50)
[2025-01-06 12:25:46,056][flwr][INFO] - aggregate_evaluate: received 2 results and 0 failures
[2025-01-06 12:25:46,056][flwr][INFO] - 
[2025-01-06 12:25:46,056][flwr][INFO] - [ROUND 57]
[2025-01-06 12:25:46,056][flwr][INFO] - configure_fit: strategy sampled 2 clients (out of 50)
[2025-01-06 12:25:47,261][flwr][INFO] - aggregate_fit: received 2 results and 0 failures
[2025-01-06 12:25:52,086][flwr][INFO] - fit progress: (57, 6753.572132110596, {'accuracy': 0.19467991815258695}, 399.65847380599007)
[2025-01-06 12:25:52,086][flwr][INFO] - configure_evaluate: strategy sampled 2 clients (out of 50)
[2025-01-06 12:25:52,391][flwr][INFO] - aggregate_evaluate: received 2 results and 0 failures
[2025-01-06 12:25:52,391][flwr][INFO] - 
[2025-01-06 12:25:52,392][flwr][INFO] - [ROUND 58]
[2025-01-06 12:25:52,392][flwr][INFO] - configure_fit: strategy sampled 2 clients (out of 50)
[2025-01-06 12:25:53,397][flwr][INFO] - aggregate_fit: received 2 results and 0 failures
[2025-01-06 12:25:58,466][flwr][INFO] - fit progress: (58, 4234.900890350342, {'accuracy': 0.1625255773165741}, 406.03882926201914)
[2025-01-06 12:25:58,467][flwr][INFO] - configure_evaluate: strategy sampled 2 clients (out of 50)
[2025-01-06 12:25:58,745][flwr][INFO] - aggregate_evaluate: received 2 results and 0 failures
[2025-01-06 12:25:58,745][flwr][INFO] - 
[2025-01-06 12:25:58,745][flwr][INFO] - [ROUND 59]
[2025-01-06 12:25:58,745][flwr][INFO] - configure_fit: strategy sampled 2 clients (out of 50)
[2025-01-06 12:25:59,457][flwr][INFO] - aggregate_fit: received 2 results and 0 failures
[2025-01-06 12:26:05,125][flwr][INFO] - fit progress: (59, 4464.629722595215, {'accuracy': 0.07775504238526747}, 412.6981421739911)
[2025-01-06 12:26:05,126][flwr][INFO] - configure_evaluate: strategy sampled 2 clients (out of 50)
[2025-01-06 12:26:05,803][flwr][INFO] - aggregate_evaluate: received 2 results and 0 failures
[2025-01-06 12:26:05,803][flwr][INFO] - 
[2025-01-06 12:26:05,803][flwr][INFO] - [ROUND 60]
[2025-01-06 12:26:05,803][flwr][INFO] - configure_fit: strategy sampled 2 clients (out of 50)
[2025-01-06 12:26:07,666][flwr][INFO] - aggregate_fit: received 2 results and 0 failures
[2025-01-06 12:26:12,586][flwr][INFO] - fit progress: (60, 6152.324577331543, {'accuracy': 0.0710318620286466}, 420.1588698020205)
[2025-01-06 12:26:12,587][flwr][INFO] - configure_evaluate: strategy sampled 2 clients (out of 50)
[2025-01-06 12:26:12,993][flwr][INFO] - aggregate_evaluate: received 2 results and 0 failures
[2025-01-06 12:26:12,993][flwr][INFO] - 
[2025-01-06 12:26:12,993][flwr][INFO] - [ROUND 61]
[2025-01-06 12:26:12,993][flwr][INFO] - configure_fit: strategy sampled 2 clients (out of 50)
[2025-01-06 12:26:14,948][flwr][INFO] - aggregate_fit: received 2 results and 0 failures
[2025-01-06 12:26:20,593][flwr][INFO] - fit progress: (61, 6817.51139831543, {'accuracy': 0.1824028061970184}, 428.165378523001)
[2025-01-06 12:26:20,593][flwr][INFO] - configure_evaluate: strategy sampled 2 clients (out of 50)
[2025-01-06 12:26:20,978][flwr][INFO] - aggregate_evaluate: received 2 results and 0 failures
[2025-01-06 12:26:20,978][flwr][INFO] - 
[2025-01-06 12:26:20,979][flwr][INFO] - [ROUND 62]
[2025-01-06 12:26:20,979][flwr][INFO] - configure_fit: strategy sampled 2 clients (out of 50)
[2025-01-06 12:26:22,175][flwr][INFO] - aggregate_fit: received 2 results and 0 failures
[2025-01-06 12:26:27,865][flwr][INFO] - fit progress: (62, 6135.562576293945, {'accuracy': 0.07132417421806489}, 435.4382330760127)
[2025-01-06 12:26:27,866][flwr][INFO] - configure_evaluate: strategy sampled 2 clients (out of 50)
[2025-01-06 12:26:28,182][flwr][INFO] - aggregate_evaluate: received 2 results and 0 failures
[2025-01-06 12:26:28,183][flwr][INFO] - 
[2025-01-06 12:26:28,183][flwr][INFO] - [ROUND 63]
[2025-01-06 12:26:28,183][flwr][INFO] - configure_fit: strategy sampled 2 clients (out of 50)
[2025-01-06 12:26:30,363][flwr][INFO] - aggregate_fit: received 2 results and 0 failures
[2025-01-06 12:26:36,028][flwr][INFO] - fit progress: (63, 3078.0206604003906, {'accuracy': 0.08535515931014323}, 443.60133740102174)
[2025-01-06 12:26:36,029][flwr][INFO] - configure_evaluate: strategy sampled 2 clients (out of 50)
[2025-01-06 12:26:36,327][flwr][INFO] - aggregate_evaluate: received 2 results and 0 failures
[2025-01-06 12:26:36,327][flwr][INFO] - 
[2025-01-06 12:26:36,327][flwr][INFO] - [ROUND 64]
[2025-01-06 12:26:36,327][flwr][INFO] - configure_fit: strategy sampled 2 clients (out of 50)
[2025-01-06 12:26:37,727][flwr][INFO] - aggregate_fit: received 2 results and 0 failures
[2025-01-06 12:26:42,595][flwr][INFO] - fit progress: (64, 2165.884635925293, {'accuracy': 0.2303420052616194}, 450.16823917400325)
[2025-01-06 12:26:42,596][flwr][INFO] - configure_evaluate: strategy sampled 2 clients (out of 50)
[2025-01-06 12:26:42,919][flwr][INFO] - aggregate_evaluate: received 2 results and 0 failures
[2025-01-06 12:26:42,919][flwr][INFO] - 
[2025-01-06 12:26:42,919][flwr][INFO] - [ROUND 65]
[2025-01-06 12:26:42,919][flwr][INFO] - configure_fit: strategy sampled 2 clients (out of 50)
[2025-01-06 12:26:44,001][flwr][INFO] - aggregate_fit: received 2 results and 0 failures
[2025-01-06 12:26:49,636][flwr][INFO] - fit progress: (65, 2643.4878492355347, {'accuracy': 0.0912014030985092}, 457.2084559969953)
[2025-01-06 12:26:49,636][flwr][INFO] - configure_evaluate: strategy sampled 2 clients (out of 50)
[2025-01-06 12:26:49,978][flwr][INFO] - aggregate_evaluate: received 2 results and 0 failures
[2025-01-06 12:26:49,978][flwr][INFO] - 
[2025-01-06 12:26:49,978][flwr][INFO] - [ROUND 66]
[2025-01-06 12:26:49,978][flwr][INFO] - configure_fit: strategy sampled 2 clients (out of 50)
[2025-01-06 12:26:51,004][flwr][INFO] - aggregate_fit: received 2 results and 0 failures
[2025-01-06 12:26:55,780][flwr][INFO] - fit progress: (66, 2862.4824924468994, {'accuracy': 0.08857059339374451}, 463.35300653701415)
[2025-01-06 12:26:55,780][flwr][INFO] - configure_evaluate: strategy sampled 2 clients (out of 50)
[2025-01-06 12:26:56,428][flwr][INFO] - aggregate_evaluate: received 2 results and 0 failures
[2025-01-06 12:26:56,428][flwr][INFO] - 
[2025-01-06 12:26:56,428][flwr][INFO] - [ROUND 67]
[2025-01-06 12:26:56,428][flwr][INFO] - configure_fit: strategy sampled 2 clients (out of 50)
[2025-01-06 12:26:57,440][flwr][INFO] - aggregate_fit: received 2 results and 0 failures
[2025-01-06 12:27:02,862][flwr][INFO] - fit progress: (67, 2839.0355548858643, {'accuracy': 0.07395498392282958}, 470.43496761098504)
[2025-01-06 12:27:02,862][flwr][INFO] - configure_evaluate: strategy sampled 2 clients (out of 50)
[2025-01-06 12:27:03,173][flwr][INFO] - aggregate_evaluate: received 2 results and 0 failures
[2025-01-06 12:27:03,173][flwr][INFO] - 
[2025-01-06 12:27:03,173][flwr][INFO] - [ROUND 68]
[2025-01-06 12:27:03,173][flwr][INFO] - configure_fit: strategy sampled 2 clients (out of 50)
[2025-01-06 12:27:04,342][flwr][INFO] - aggregate_fit: received 2 results and 0 failures
[2025-01-06 12:27:09,858][flwr][INFO] - fit progress: (68, 5120.885219573975, {'accuracy': 0.15492546039169833}, 477.43082667601993)
[2025-01-06 12:27:09,858][flwr][INFO] - configure_evaluate: strategy sampled 2 clients (out of 50)
[2025-01-06 12:27:10,161][flwr][INFO] - aggregate_evaluate: received 2 results and 0 failures
[2025-01-06 12:27:10,161][flwr][INFO] - 
[2025-01-06 12:27:10,161][flwr][INFO] - [ROUND 69]
[2025-01-06 12:27:10,162][flwr][INFO] - configure_fit: strategy sampled 2 clients (out of 50)
[2025-01-06 12:27:11,782][flwr][INFO] - aggregate_fit: received 2 results and 0 failures
[2025-01-06 12:27:17,415][flwr][INFO] - fit progress: (69, 4281.260612487793, {'accuracy': 0.07366267173341129}, 484.9877681080252)
[2025-01-06 12:27:17,416][flwr][INFO] - configure_evaluate: strategy sampled 2 clients (out of 50)
[2025-01-06 12:27:17,978][flwr][INFO] - aggregate_evaluate: received 2 results and 0 failures
[2025-01-06 12:27:17,979][flwr][INFO] - 
[2025-01-06 12:27:17,979][flwr][INFO] - [ROUND 70]
[2025-01-06 12:27:17,979][flwr][INFO] - configure_fit: strategy sampled 2 clients (out of 50)
[2025-01-06 12:27:19,598][flwr][INFO] - aggregate_fit: received 2 results and 0 failures
[2025-01-06 12:27:25,317][flwr][INFO] - fit progress: (70, 5432.556358337402, {'accuracy': 0.07132417421806489}, 492.88939587800996)
[2025-01-06 12:27:25,317][flwr][INFO] - configure_evaluate: strategy sampled 2 clients (out of 50)
[2025-01-06 12:27:25,716][flwr][INFO] - aggregate_evaluate: received 2 results and 0 failures
[2025-01-06 12:27:25,717][flwr][INFO] - 
[2025-01-06 12:27:25,717][flwr][INFO] - [ROUND 71]
[2025-01-06 12:27:25,717][flwr][INFO] - configure_fit: strategy sampled 2 clients (out of 50)
[2025-01-06 12:27:27,023][flwr][INFO] - aggregate_fit: received 2 results and 0 failures
[2025-01-06 12:27:31,885][flwr][INFO] - fit progress: (71, 7384.550952911377, {'accuracy': 0.07132417421806489}, 499.45791044901125)
[2025-01-06 12:27:31,886][flwr][INFO] - configure_evaluate: strategy sampled 2 clients (out of 50)
[2025-01-06 12:27:32,238][flwr][INFO] - aggregate_evaluate: received 2 results and 0 failures
[2025-01-06 12:27:32,239][flwr][INFO] - 
[2025-01-06 12:27:32,239][flwr][INFO] - [ROUND 72]
[2025-01-06 12:27:32,239][flwr][INFO] - configure_fit: strategy sampled 2 clients (out of 50)
[2025-01-06 12:27:33,718][flwr][INFO] - aggregate_fit: received 2 results and 0 failures
[2025-01-06 12:27:38,850][flwr][INFO] - fit progress: (72, 7132.304279327393, {'accuracy': 0.07132417421806489}, 506.4229850730044)
[2025-01-06 12:27:38,851][flwr][INFO] - configure_evaluate: strategy sampled 2 clients (out of 50)
[2025-01-06 12:27:39,168][flwr][INFO] - aggregate_evaluate: received 2 results and 0 failures
[2025-01-06 12:27:39,168][flwr][INFO] - 
[2025-01-06 12:27:39,168][flwr][INFO] - [ROUND 73]
[2025-01-06 12:27:39,168][flwr][INFO] - configure_fit: strategy sampled 2 clients (out of 50)
[2025-01-06 12:27:40,533][flwr][INFO] - aggregate_fit: received 2 results and 0 failures
[2025-01-06 12:27:45,387][flwr][INFO] - fit progress: (73, 3969.2585277557373, {'accuracy': 0.07132417421806489}, 512.9600985349971)
[2025-01-06 12:27:45,388][flwr][INFO] - configure_evaluate: strategy sampled 2 clients (out of 50)
[2025-01-06 12:27:45,714][flwr][INFO] - aggregate_evaluate: received 2 results and 0 failures
[2025-01-06 12:27:45,715][flwr][INFO] - 
[2025-01-06 12:27:45,715][flwr][INFO] - [ROUND 74]
[2025-01-06 12:27:45,715][flwr][INFO] - configure_fit: strategy sampled 2 clients (out of 50)
[2025-01-06 12:27:46,818][flwr][INFO] - aggregate_fit: received 2 results and 0 failures
[2025-01-06 12:27:51,666][flwr][INFO] - fit progress: (74, 7230.201622009277, {'accuracy': 0.07132417421806489}, 519.2386781870155)
[2025-01-06 12:27:51,666][flwr][INFO] - configure_evaluate: strategy sampled 2 clients (out of 50)
[2025-01-06 12:27:52,021][flwr][INFO] - aggregate_evaluate: received 2 results and 0 failures
[2025-01-06 12:27:52,021][flwr][INFO] - 
[2025-01-06 12:27:52,021][flwr][INFO] - [ROUND 75]
[2025-01-06 12:27:52,022][flwr][INFO] - configure_fit: strategy sampled 2 clients (out of 50)
[2025-01-06 12:27:53,085][flwr][INFO] - aggregate_fit: received 2 results and 0 failures
[2025-01-06 12:27:57,858][flwr][INFO] - fit progress: (75, 7173.516956329346, {'accuracy': 0.07132417421806489}, 525.4308816490229)
[2025-01-06 12:27:57,858][flwr][INFO] - configure_evaluate: strategy sampled 2 clients (out of 50)
[2025-01-06 12:27:58,141][flwr][INFO] - aggregate_evaluate: received 2 results and 0 failures
[2025-01-06 12:27:58,141][flwr][INFO] - 
[2025-01-06 12:27:58,142][flwr][INFO] - [ROUND 76]
[2025-01-06 12:27:58,142][flwr][INFO] - configure_fit: strategy sampled 2 clients (out of 50)
[2025-01-06 12:27:59,885][flwr][INFO] - aggregate_fit: received 2 results and 0 failures
[2025-01-06 12:28:04,859][flwr][INFO] - fit progress: (76, 5689.951221466064, {'accuracy': 0.08593978368897984}, 532.4322404050035)
[2025-01-06 12:28:04,860][flwr][INFO] - configure_evaluate: strategy sampled 2 clients (out of 50)
[2025-01-06 12:28:05,241][flwr][INFO] - aggregate_evaluate: received 2 results and 0 failures
[2025-01-06 12:28:05,241][flwr][INFO] - 
[2025-01-06 12:28:05,241][flwr][INFO] - [ROUND 77]
[2025-01-06 12:28:05,241][flwr][INFO] - configure_fit: strategy sampled 2 clients (out of 50)
[2025-01-06 12:28:07,713][flwr][INFO] - aggregate_fit: received 2 results and 0 failures
[2025-01-06 12:28:12,453][flwr][INFO] - fit progress: (77, 2005.4252700805664, {'accuracy': 0.12510961707103185}, 540.0258331369841)
[2025-01-06 12:28:12,454][flwr][INFO] - configure_evaluate: strategy sampled 2 clients (out of 50)
[2025-01-06 12:28:12,790][flwr][INFO] - aggregate_evaluate: received 2 results and 0 failures
[2025-01-06 12:28:12,790][flwr][INFO] - 
[2025-01-06 12:28:12,790][flwr][INFO] - [ROUND 78]
[2025-01-06 12:28:12,791][flwr][INFO] - configure_fit: strategy sampled 2 clients (out of 50)
[2025-01-06 12:28:14,377][flwr][INFO] - aggregate_fit: received 2 results and 0 failures
[2025-01-06 12:28:19,102][flwr][INFO] - fit progress: (78, 2801.168659210205, {'accuracy': 0.1824028061970184}, 546.6752304760157)
[2025-01-06 12:28:19,103][flwr][INFO] - configure_evaluate: strategy sampled 2 clients (out of 50)
[2025-01-06 12:28:19,428][flwr][INFO] - aggregate_evaluate: received 2 results and 0 failures
[2025-01-06 12:28:19,428][flwr][INFO] - 
[2025-01-06 12:28:19,428][flwr][INFO] - [ROUND 79]
[2025-01-06 12:28:19,428][flwr][INFO] - configure_fit: strategy sampled 2 clients (out of 50)
[2025-01-06 12:28:21,628][flwr][INFO] - aggregate_fit: received 2 results and 0 failures
[2025-01-06 12:28:26,418][flwr][INFO] - fit progress: (79, 3605.9476947784424, {'accuracy': 0.0710318620286466}, 553.9910042699776)
[2025-01-06 12:28:26,418][flwr][INFO] - configure_evaluate: strategy sampled 2 clients (out of 50)
[2025-01-06 12:28:26,803][flwr][INFO] - aggregate_evaluate: received 2 results and 0 failures
[2025-01-06 12:28:26,803][flwr][INFO] - 
[2025-01-06 12:28:26,803][flwr][INFO] - [ROUND 80]
[2025-01-06 12:28:26,803][flwr][INFO] - configure_fit: strategy sampled 2 clients (out of 50)
[2025-01-06 12:28:28,497][flwr][INFO] - aggregate_fit: received 2 results and 0 failures
[2025-01-06 12:28:33,220][flwr][INFO] - fit progress: (80, 3969.0701179504395, {'accuracy': 0.12423268050277697}, 560.7926113409922)
[2025-01-06 12:28:33,220][flwr][INFO] - configure_evaluate: strategy sampled 2 clients (out of 50)
[2025-01-06 12:28:33,571][flwr][INFO] - aggregate_evaluate: received 2 results and 0 failures
[2025-01-06 12:28:33,571][flwr][INFO] - 
[2025-01-06 12:28:33,571][flwr][INFO] - [ROUND 81]
[2025-01-06 12:28:33,571][flwr][INFO] - configure_fit: strategy sampled 2 clients (out of 50)
[2025-01-06 12:28:35,544][flwr][INFO] - aggregate_fit: received 2 results and 0 failures
[2025-01-06 12:28:40,278][flwr][INFO] - fit progress: (81, 3650.2582397460938, {'accuracy': 0.07132417421806489}, 567.8506243739976)
[2025-01-06 12:28:40,278][flwr][INFO] - configure_evaluate: strategy sampled 2 clients (out of 50)
[2025-01-06 12:28:40,626][flwr][INFO] - aggregate_evaluate: received 2 results and 0 failures
[2025-01-06 12:28:40,626][flwr][INFO] - 
[2025-01-06 12:28:40,626][flwr][INFO] - [ROUND 82]
[2025-01-06 12:28:40,626][flwr][INFO] - configure_fit: strategy sampled 2 clients (out of 50)
[2025-01-06 12:28:41,815][flwr][INFO] - aggregate_fit: received 2 results and 0 failures
[2025-01-06 12:28:46,534][flwr][INFO] - fit progress: (82, 3800.404344558716, {'accuracy': 0.2098801520023385}, 574.106454282999)
[2025-01-06 12:28:46,534][flwr][INFO] - configure_evaluate: strategy sampled 2 clients (out of 50)
[2025-01-06 12:28:46,875][flwr][INFO] - aggregate_evaluate: received 2 results and 0 failures
[2025-01-06 12:28:46,875][flwr][INFO] - 
[2025-01-06 12:28:46,875][flwr][INFO] - [ROUND 83]
[2025-01-06 12:28:46,875][flwr][INFO] - configure_fit: strategy sampled 2 clients (out of 50)
[2025-01-06 12:28:48,075][flwr][INFO] - aggregate_fit: received 2 results and 0 failures
[2025-01-06 12:28:53,184][flwr][INFO] - fit progress: (83, 3419.5604858398438, {'accuracy': 0.0689856767027185}, 580.7570582390181)
[2025-01-06 12:28:53,185][flwr][INFO] - configure_evaluate: strategy sampled 2 clients (out of 50)
[2025-01-06 12:28:53,765][flwr][INFO] - aggregate_evaluate: received 2 results and 0 failures
[2025-01-06 12:28:53,765][flwr][INFO] - 
[2025-01-06 12:28:53,765][flwr][INFO] - [ROUND 84]
[2025-01-06 12:28:53,765][flwr][INFO] - configure_fit: strategy sampled 2 clients (out of 50)
[2025-01-06 12:28:55,239][flwr][INFO] - aggregate_fit: received 2 results and 0 failures
[2025-01-06 12:29:00,185][flwr][INFO] - fit progress: (84, 2462.51864528656, {'accuracy': 0.058754750073078045}, 587.7581467760028)
[2025-01-06 12:29:00,186][flwr][INFO] - configure_evaluate: strategy sampled 2 clients (out of 50)
[2025-01-06 12:29:00,542][flwr][INFO] - aggregate_evaluate: received 2 results and 0 failures
[2025-01-06 12:29:00,542][flwr][INFO] - 
[2025-01-06 12:29:00,542][flwr][INFO] - [ROUND 85]
[2025-01-06 12:29:00,542][flwr][INFO] - configure_fit: strategy sampled 2 clients (out of 50)
[2025-01-06 12:29:02,135][flwr][INFO] - aggregate_fit: received 2 results and 0 failures
[2025-01-06 12:29:07,216][flwr][INFO] - fit progress: (85, 1209.4597916603088, {'accuracy': 0.137971353405437}, 594.7883705439745)
[2025-01-06 12:29:07,216][flwr][INFO] - configure_evaluate: strategy sampled 2 clients (out of 50)
[2025-01-06 12:29:07,664][flwr][INFO] - aggregate_evaluate: received 2 results and 0 failures
[2025-01-06 12:29:07,664][flwr][INFO] - 
[2025-01-06 12:29:07,664][flwr][INFO] - [ROUND 86]
[2025-01-06 12:29:07,664][flwr][INFO] - configure_fit: strategy sampled 2 clients (out of 50)
[2025-01-06 12:29:09,033][flwr][INFO] - aggregate_fit: received 2 results and 0 failures
[2025-01-06 12:29:14,160][flwr][INFO] - fit progress: (86, 2346.847441673279, {'accuracy': 0.17801812335574393}, 601.7326987429988)
[2025-01-06 12:29:14,160][flwr][INFO] - configure_evaluate: strategy sampled 2 clients (out of 50)
[2025-01-06 12:29:14,668][flwr][INFO] - aggregate_evaluate: received 2 results and 0 failures
[2025-01-06 12:29:14,668][flwr][INFO] - 
[2025-01-06 12:29:14,668][flwr][INFO] - [ROUND 87]
[2025-01-06 12:29:14,669][flwr][INFO] - configure_fit: strategy sampled 2 clients (out of 50)
[2025-01-06 12:29:17,339][flwr][INFO] - aggregate_fit: received 2 results and 0 failures
[2025-01-06 12:29:22,048][flwr][INFO] - fit progress: (87, 3327.1611289978027, {'accuracy': 0.11312481730488161}, 609.6207445460022)
[2025-01-06 12:29:22,048][flwr][INFO] - configure_evaluate: strategy sampled 2 clients (out of 50)
[2025-01-06 12:29:22,531][flwr][INFO] - aggregate_evaluate: received 2 results and 0 failures
[2025-01-06 12:29:22,531][flwr][INFO] - 
[2025-01-06 12:29:22,531][flwr][INFO] - [ROUND 88]
[2025-01-06 12:29:22,531][flwr][INFO] - configure_fit: strategy sampled 2 clients (out of 50)
[2025-01-06 12:29:25,286][flwr][INFO] - aggregate_fit: received 2 results and 0 failures
[2025-01-06 12:29:30,038][flwr][INFO] - fit progress: (88, 2999.9709510803223, {'accuracy': 0.0719087985969015}, 617.6107870920096)
[2025-01-06 12:29:30,038][flwr][INFO] - configure_evaluate: strategy sampled 2 clients (out of 50)
[2025-01-06 12:29:30,340][flwr][INFO] - aggregate_evaluate: received 2 results and 0 failures
[2025-01-06 12:29:30,340][flwr][INFO] - 
[2025-01-06 12:29:30,340][flwr][INFO] - [ROUND 89]
[2025-01-06 12:29:30,340][flwr][INFO] - configure_fit: strategy sampled 2 clients (out of 50)
[2025-01-06 12:29:31,528][flwr][INFO] - aggregate_fit: received 2 results and 0 failures
[2025-01-06 12:29:36,509][flwr][INFO] - fit progress: (89, 1797.9195928573608, {'accuracy': 0.19643379128909674}, 624.082010261016)
[2025-01-06 12:29:36,509][flwr][INFO] - configure_evaluate: strategy sampled 2 clients (out of 50)
[2025-01-06 12:29:36,829][flwr][INFO] - aggregate_evaluate: received 2 results and 0 failures
[2025-01-06 12:29:36,829][flwr][INFO] - 
[2025-01-06 12:29:36,829][flwr][INFO] - [ROUND 90]
[2025-01-06 12:29:36,829][flwr][INFO] - configure_fit: strategy sampled 2 clients (out of 50)
[2025-01-06 12:29:38,846][flwr][INFO] - aggregate_fit: received 2 results and 0 failures
[2025-01-06 12:29:43,883][flwr][INFO] - fit progress: (90, 2401.00239944458, {'accuracy': 0.19467991815258695}, 631.4560104549746)
[2025-01-06 12:29:43,884][flwr][INFO] - configure_evaluate: strategy sampled 2 clients (out of 50)
[2025-01-06 12:29:44,335][flwr][INFO] - aggregate_evaluate: received 2 results and 0 failures
[2025-01-06 12:29:44,335][flwr][INFO] - 
[2025-01-06 12:29:44,335][flwr][INFO] - [ROUND 91]
[2025-01-06 12:29:44,336][flwr][INFO] - configure_fit: strategy sampled 2 clients (out of 50)
[2025-01-06 12:29:45,375][flwr][INFO] - aggregate_fit: received 2 results and 0 failures
[2025-01-06 12:29:51,654][flwr][INFO] - fit progress: (91, 1669.6619596481323, {'accuracy': 0.1411867874890383}, 639.2267738059745)
[2025-01-06 12:29:51,654][flwr][INFO] - configure_evaluate: strategy sampled 2 clients (out of 50)
[2025-01-06 12:29:52,022][flwr][INFO] - aggregate_evaluate: received 2 results and 0 failures
[2025-01-06 12:29:52,022][flwr][INFO] - 
[2025-01-06 12:29:52,023][flwr][INFO] - [ROUND 92]
[2025-01-06 12:29:52,023][flwr][INFO] - configure_fit: strategy sampled 2 clients (out of 50)
[2025-01-06 12:29:53,515][flwr][INFO] - aggregate_fit: received 2 results and 0 failures
[2025-01-06 12:29:58,896][flwr][INFO] - fit progress: (92, 3187.0813331604004, {'accuracy': 0.13300204618532593}, 646.4690835860092)
[2025-01-06 12:29:58,897][flwr][INFO] - configure_evaluate: strategy sampled 2 clients (out of 50)
[2025-01-06 12:29:59,248][flwr][INFO] - aggregate_evaluate: received 2 results and 0 failures
[2025-01-06 12:29:59,248][flwr][INFO] - 
[2025-01-06 12:29:59,248][flwr][INFO] - [ROUND 93]
[2025-01-06 12:29:59,248][flwr][INFO] - configure_fit: strategy sampled 2 clients (out of 50)
[2025-01-06 12:30:01,716][flwr][INFO] - aggregate_fit: received 2 results and 0 failures
[2025-01-06 12:30:07,416][flwr][INFO] - fit progress: (93, 2536.7585639953613, {'accuracy': 0.06664717918737212}, 654.9890139159979)
[2025-01-06 12:30:07,417][flwr][INFO] - configure_evaluate: strategy sampled 2 clients (out of 50)
[2025-01-06 12:30:07,773][flwr][INFO] - aggregate_evaluate: received 2 results and 0 failures
[2025-01-06 12:30:07,773][flwr][INFO] - 
[2025-01-06 12:30:07,773][flwr][INFO] - [ROUND 94]
[2025-01-06 12:30:07,773][flwr][INFO] - configure_fit: strategy sampled 2 clients (out of 50)
[2025-01-06 12:30:09,833][flwr][INFO] - aggregate_fit: received 2 results and 0 failures
[2025-01-06 12:30:15,468][flwr][INFO] - fit progress: (94, 3372.280906677246, {'accuracy': 0.13124817304881614}, 663.0411474939901)
[2025-01-06 12:30:15,469][flwr][INFO] - configure_evaluate: strategy sampled 2 clients (out of 50)
[2025-01-06 12:30:15,795][flwr][INFO] - aggregate_evaluate: received 2 results and 0 failures
[2025-01-06 12:30:15,795][flwr][INFO] - 
[2025-01-06 12:30:15,795][flwr][INFO] - [ROUND 95]
[2025-01-06 12:30:15,795][flwr][INFO] - configure_fit: strategy sampled 2 clients (out of 50)
[2025-01-06 12:30:17,052][flwr][INFO] - aggregate_fit: received 2 results and 0 failures
[2025-01-06 12:30:21,812][flwr][INFO] - fit progress: (95, 3199.8925075531006, {'accuracy': 0.13504823151125403}, 669.3852310220245)
[2025-01-06 12:30:21,813][flwr][INFO] - configure_evaluate: strategy sampled 2 clients (out of 50)
[2025-01-06 12:30:22,169][flwr][INFO] - aggregate_evaluate: received 2 results and 0 failures
[2025-01-06 12:30:22,170][flwr][INFO] - 
[2025-01-06 12:30:22,170][flwr][INFO] - [ROUND 96]
[2025-01-06 12:30:22,170][flwr][INFO] - configure_fit: strategy sampled 2 clients (out of 50)
[2025-01-06 12:30:23,331][flwr][INFO] - aggregate_fit: received 2 results and 0 failures
[2025-01-06 12:30:28,131][flwr][INFO] - fit progress: (96, 3924.240758895874, {'accuracy': 0.09587839812920199}, 675.7032879620092)
[2025-01-06 12:30:28,131][flwr][INFO] - configure_evaluate: strategy sampled 2 clients (out of 50)
[2025-01-06 12:30:28,500][flwr][INFO] - aggregate_evaluate: received 2 results and 0 failures
[2025-01-06 12:30:28,500][flwr][INFO] - 
[2025-01-06 12:30:28,500][flwr][INFO] - [ROUND 97]
[2025-01-06 12:30:28,501][flwr][INFO] - configure_fit: strategy sampled 2 clients (out of 50)
[2025-01-06 12:30:29,519][flwr][INFO] - aggregate_fit: received 2 results and 0 failures
[2025-01-06 12:30:35,166][flwr][INFO] - fit progress: (97, 3991.1170654296875, {'accuracy': 0.07220111078631979}, 682.7392132820096)
[2025-01-06 12:30:35,167][flwr][INFO] - configure_evaluate: strategy sampled 2 clients (out of 50)
[2025-01-06 12:30:35,694][flwr][INFO] - aggregate_evaluate: received 2 results and 0 failures
[2025-01-06 12:30:35,695][flwr][INFO] - 
[2025-01-06 12:30:35,695][flwr][INFO] - [ROUND 98]
[2025-01-06 12:30:35,695][flwr][INFO] - configure_fit: strategy sampled 2 clients (out of 50)
[2025-01-06 12:30:37,099][flwr][INFO] - aggregate_fit: received 2 results and 0 failures
[2025-01-06 12:30:42,821][flwr][INFO] - fit progress: (98, 2211.5103044509888, {'accuracy': 0.1867874890382929}, 690.3933051850181)
[2025-01-06 12:30:42,821][flwr][INFO] - configure_evaluate: strategy sampled 2 clients (out of 50)
[2025-01-06 12:30:43,268][flwr][INFO] - aggregate_evaluate: received 2 results and 0 failures
[2025-01-06 12:30:43,268][flwr][INFO] - 
[2025-01-06 12:30:43,268][flwr][INFO] - [ROUND 99]
[2025-01-06 12:30:43,268][flwr][INFO] - configure_fit: strategy sampled 2 clients (out of 50)
[2025-01-06 12:30:45,750][flwr][INFO] - aggregate_fit: received 2 results and 0 failures
[2025-01-06 12:30:50,551][flwr][INFO] - fit progress: (99, 1896.5813541412354, {'accuracy': 0.1180941245249927}, 698.1237042829744)
[2025-01-06 12:30:50,551][flwr][INFO] - configure_evaluate: strategy sampled 2 clients (out of 50)
[2025-01-06 12:30:50,823][flwr][INFO] - aggregate_evaluate: received 2 results and 0 failures
[2025-01-06 12:30:50,824][flwr][INFO] - 
[2025-01-06 12:30:50,824][flwr][INFO] - [ROUND 100]
[2025-01-06 12:30:50,824][flwr][INFO] - configure_fit: strategy sampled 2 clients (out of 50)
[2025-01-06 12:30:52,740][flwr][INFO] - aggregate_fit: received 2 results and 0 failures
[2025-01-06 12:30:57,546][flwr][INFO] - fit progress: (100, 3543.5602378845215, {'accuracy': 0.16924875767319497}, 705.1190879700007)
[2025-01-06 12:30:57,547][flwr][INFO] - configure_evaluate: strategy sampled 2 clients (out of 50)
[2025-01-06 12:30:57,840][flwr][INFO] - aggregate_evaluate: received 2 results and 0 failures
[2025-01-06 12:30:57,840][flwr][INFO] - 
[2025-01-06 12:30:57,840][flwr][INFO] - [SUMMARY]
[2025-01-06 12:30:57,840][flwr][INFO] - Run finished 100 round(s) in 705.41s
[2025-01-06 12:30:57,843][flwr][INFO] - 	History (loss, distributed):
[2025-01-06 12:30:57,843][flwr][INFO] - 		round 1: 12.639898958959078
[2025-01-06 12:30:57,843][flwr][INFO] - 		round 2: 8.542461509704589
[2025-01-06 12:30:57,843][flwr][INFO] - 		round 3: 5.6975913365681965
[2025-01-06 12:30:57,843][flwr][INFO] - 		round 4: 11.376434326171875
[2025-01-06 12:30:57,843][flwr][INFO] - 		round 5: 5.416842965703261
[2025-01-06 12:30:57,843][flwr][INFO] - 		round 6: 17.12962439752394
[2025-01-06 12:30:57,843][flwr][INFO] - 		round 7: 5.4431617749043
[2025-01-06 12:30:57,843][flwr][INFO] - 		round 8: 15.759384218851725
[2025-01-06 12:30:57,843][flwr][INFO] - 		round 9: 27.68125246859145
[2025-01-06 12:30:57,844][flwr][INFO] - 		round 10: 11.414220537458148
[2025-01-06 12:30:57,844][flwr][INFO] - 		round 11: 16.47852415508694
[2025-01-06 12:30:57,844][flwr][INFO] - 		round 12: 18.282835642496746
[2025-01-06 12:30:57,844][flwr][INFO] - 		round 13: 29.27247417674345
[2025-01-06 12:30:57,844][flwr][INFO] - 		round 14: 37.70564270019531
[2025-01-06 12:30:57,844][flwr][INFO] - 		round 15: 9.924542477256374
[2025-01-06 12:30:57,844][flwr][INFO] - 		round 16: 8.052806952420402
[2025-01-06 12:30:57,844][flwr][INFO] - 		round 17: 28.72462263772654
[2025-01-06 12:30:57,844][flwr][INFO] - 		round 18: 27.799881331774653
[2025-01-06 12:30:57,844][flwr][INFO] - 		round 19: 38.68129221598307
[2025-01-06 12:30:57,844][flwr][INFO] - 		round 20: 54.605062757219585
[2025-01-06 12:30:57,844][flwr][INFO] - 		round 21: 28.67058039934207
[2025-01-06 12:30:57,844][flwr][INFO] - 		round 22: 48.248325717064645
[2025-01-06 12:30:57,844][flwr][INFO] - 		round 23: 46.89843905413592
[2025-01-06 12:30:57,844][flwr][INFO] - 		round 24: 22.662624222891672
[2025-01-06 12:30:57,844][flwr][INFO] - 		round 25: 44.35213252476284
[2025-01-06 12:30:57,844][flwr][INFO] - 		round 26: 49.19466867446899
[2025-01-06 12:30:57,844][flwr][INFO] - 		round 27: 43.522217837246984
[2025-01-06 12:30:57,844][flwr][INFO] - 		round 28: 38.01690659433041
[2025-01-06 12:30:57,844][flwr][INFO] - 		round 29: 26.981149344608703
[2025-01-06 12:30:57,844][flwr][INFO] - 		round 30: 20.027742226918537
[2025-01-06 12:30:57,845][flwr][INFO] - 		round 31: 14.450882647679691
[2025-01-06 12:30:57,845][flwr][INFO] - 		round 32: 18.70572548943597
[2025-01-06 12:30:57,845][flwr][INFO] - 		round 33: 47.32666905721029
[2025-01-06 12:30:57,845][flwr][INFO] - 		round 34: 34.932470286976205
[2025-01-06 12:30:57,845][flwr][INFO] - 		round 35: 31.508928298950195
[2025-01-06 12:30:57,845][flwr][INFO] - 		round 36: 16.120535009047565
[2025-01-06 12:30:57,845][flwr][INFO] - 		round 37: 52.49706758771624
[2025-01-06 12:30:57,845][flwr][INFO] - 		round 38: 34.99152226123995
[2025-01-06 12:30:57,845][flwr][INFO] - 		round 39: 21.80229229397244
[2025-01-06 12:30:57,845][flwr][INFO] - 		round 40: 74.98400087969019
[2025-01-06 12:30:57,845][flwr][INFO] - 		round 41: 62.426591102113115
[2025-01-06 12:30:57,845][flwr][INFO] - 		round 42: 25.074832916259766
[2025-01-06 12:30:57,845][flwr][INFO] - 		round 43: 69.32217508951823
[2025-01-06 12:30:57,845][flwr][INFO] - 		round 44: 47.20582071940104
[2025-01-06 12:30:57,845][flwr][INFO] - 		round 45: 54.1769375520594
[2025-01-06 12:30:57,845][flwr][INFO] - 		round 46: 47.53707934788295
[2025-01-06 12:30:57,845][flwr][INFO] - 		round 47: 62.779989878336586
[2025-01-06 12:30:57,845][flwr][INFO] - 		round 48: 38.030334433730765
[2025-01-06 12:30:57,845][flwr][INFO] - 		round 49: 19.723161132712114
[2025-01-06 12:30:57,845][flwr][INFO] - 		round 50: 43.64068046776024
[2025-01-06 12:30:57,845][flwr][INFO] - 		round 51: 68.45522922939725
[2025-01-06 12:30:57,845][flwr][INFO] - 		round 52: 42.45107342646672
[2025-01-06 12:30:57,846][flwr][INFO] - 		round 53: 37.72070630391439
[2025-01-06 12:30:57,846][flwr][INFO] - 		round 54: 33.16853486337969
[2025-01-06 12:30:57,846][flwr][INFO] - 		round 55: 42.13672637939453
[2025-01-06 12:30:57,846][flwr][INFO] - 		round 56: 51.69397184583876
[2025-01-06 12:30:57,846][flwr][INFO] - 		round 57: 64.21487099783761
[2025-01-06 12:30:57,846][flwr][INFO] - 		round 58: 41.73253377278646
[2025-01-06 12:30:57,846][flwr][INFO] - 		round 59: 60.97491582234701
[2025-01-06 12:30:57,846][flwr][INFO] - 		round 60: 49.87459396362305
[2025-01-06 12:30:57,846][flwr][INFO] - 		round 61: 121.82846064848059
[2025-01-06 12:30:57,846][flwr][INFO] - 		round 62: 82.25669613400021
[2025-01-06 12:30:57,846][flwr][INFO] - 		round 63: 22.461721420288086
[2025-01-06 12:30:57,846][flwr][INFO] - 		round 64: 19.427437373570033
[2025-01-06 12:30:57,846][flwr][INFO] - 		round 65: 15.53146390353932
[2025-01-06 12:30:57,846][flwr][INFO] - 		round 66: 29.80751733931284
[2025-01-06 12:30:57,846][flwr][INFO] - 		round 67: 24.41154087611607
[2025-01-06 12:30:57,846][flwr][INFO] - 		round 68: 23.28188100354425
[2025-01-06 12:30:57,846][flwr][INFO] - 		round 69: 34.63390677315848
[2025-01-06 12:30:57,846][flwr][INFO] - 		round 70: 49.380764389038085
[2025-01-06 12:30:57,846][flwr][INFO] - 		round 71: 75.10389386993094
[2025-01-06 12:30:57,846][flwr][INFO] - 		round 72: 80.55189946981577
[2025-01-06 12:30:57,846][flwr][INFO] - 		round 73: 27.82348696390788
[2025-01-06 12:30:57,847][flwr][INFO] - 		round 74: 75.09896511501736
[2025-01-06 12:30:57,847][flwr][INFO] - 		round 75: 71.75744147049754
[2025-01-06 12:30:57,847][flwr][INFO] - 		round 76: 64.7184156009129
[2025-01-06 12:30:57,847][flwr][INFO] - 		round 77: 14.421262872630152
[2025-01-06 12:30:57,847][flwr][INFO] - 		round 78: 17.83607731309048
[2025-01-06 12:30:57,847][flwr][INFO] - 		round 79: 38.370689392089844
[2025-01-06 12:30:57,847][flwr][INFO] - 		round 80: 21.877410888671875
[2025-01-06 12:30:57,847][flwr][INFO] - 		round 81: 34.15120266853495
[2025-01-06 12:30:57,847][flwr][INFO] - 		round 82: 71.71813756769353
[2025-01-06 12:30:57,847][flwr][INFO] - 		round 83: 21.636741638183594
[2025-01-06 12:30:57,847][flwr][INFO] - 		round 84: 27.839203224807488
[2025-01-06 12:30:57,847][flwr][INFO] - 		round 85: 9.326915032523019
[2025-01-06 12:30:57,847][flwr][INFO] - 		round 86: 12.594539144764775
[2025-01-06 12:30:57,847][flwr][INFO] - 		round 87: 14.33394774744066
[2025-01-06 12:30:57,847][flwr][INFO] - 		round 88: 27.747564922679555
[2025-01-06 12:30:57,847][flwr][INFO] - 		round 89: 22.832757737901474
[2025-01-06 12:30:57,847][flwr][INFO] - 		round 90: 26.308977028419232
[2025-01-06 12:30:57,847][flwr][INFO] - 		round 91: 19.071859590934984
[2025-01-06 12:30:57,847][flwr][INFO] - 		round 92: 40.57777609143938
[2025-01-06 12:30:57,847][flwr][INFO] - 		round 93: 24.651530936912255
[2025-01-06 12:30:57,847][flwr][INFO] - 		round 94: 19.107975632803782
[2025-01-06 12:30:57,847][flwr][INFO] - 		round 95: 45.77199010151188
[2025-01-06 12:30:57,848][flwr][INFO] - 		round 96: 25.49414745596952
[2025-01-06 12:30:57,848][flwr][INFO] - 		round 97: 38.74425437233665
[2025-01-06 12:30:57,848][flwr][INFO] - 		round 98: 42.25208363388524
[2025-01-06 12:30:57,848][flwr][INFO] - 		round 99: 6.7231921619839135
[2025-01-06 12:30:57,848][flwr][INFO] - 		round 100: 32.05589891734876
[2025-01-06 12:30:57,848][flwr][INFO] - 	History (loss, centralized):
[2025-01-06 12:30:57,848][flwr][INFO] - 		round 0: 227.2494809627533
[2025-01-06 12:30:57,848][flwr][INFO] - 		round 1: 584.926394701004
[2025-01-06 12:30:57,848][flwr][INFO] - 		round 2: 1072.9841451644897
[2025-01-06 12:30:57,848][flwr][INFO] - 		round 3: 967.0692238807678
[2025-01-06 12:30:57,848][flwr][INFO] - 		round 4: 1169.861756324768
[2025-01-06 12:30:57,848][flwr][INFO] - 		round 5: 851.5900678634644
[2025-01-06 12:30:57,848][flwr][INFO] - 		round 6: 1337.2496910095215
[2025-01-06 12:30:57,848][flwr][INFO] - 		round 7: 872.3044300079346
[2025-01-06 12:30:57,848][flwr][INFO] - 		round 8: 1911.1099891662598
[2025-01-06 12:30:57,848][flwr][INFO] - 		round 9: 2735.6465644836426
[2025-01-06 12:30:57,848][flwr][INFO] - 		round 10: 790.4468083381653
[2025-01-06 12:30:57,848][flwr][INFO] - 		round 11: 1953.5986604690552
[2025-01-06 12:30:57,848][flwr][INFO] - 		round 12: 1715.2656335830688
[2025-01-06 12:30:57,848][flwr][INFO] - 		round 13: 2013.7393236160278
[2025-01-06 12:30:57,848][flwr][INFO] - 		round 14: 3437.783212661743
[2025-01-06 12:30:57,848][flwr][INFO] - 		round 15: 2030.9283018112183
[2025-01-06 12:30:57,849][flwr][INFO] - 		round 16: 1018.3833928108215
[2025-01-06 12:30:57,849][flwr][INFO] - 		round 17: 2516.5283126831055
[2025-01-06 12:30:57,849][flwr][INFO] - 		round 18: 2940.7686882019043
[2025-01-06 12:30:57,849][flwr][INFO] - 		round 19: 4272.672401428223
[2025-01-06 12:30:57,849][flwr][INFO] - 		round 20: 5099.3070640563965
[2025-01-06 12:30:57,849][flwr][INFO] - 		round 21: 2510.051315307617
[2025-01-06 12:30:57,849][flwr][INFO] - 		round 22: 6860.5069007873535
[2025-01-06 12:30:57,849][flwr][INFO] - 		round 23: 3803.2892627716064
[2025-01-06 12:30:57,849][flwr][INFO] - 		round 24: 2789.6167888641357
[2025-01-06 12:30:57,849][flwr][INFO] - 		round 25: 4249.3669509887695
[2025-01-06 12:30:57,849][flwr][INFO] - 		round 26: 2378.432153701782
[2025-01-06 12:30:57,849][flwr][INFO] - 		round 27: 3984.0223426818848
[2025-01-06 12:30:57,849][flwr][INFO] - 		round 28: 4062.790885925293
[2025-01-06 12:30:57,849][flwr][INFO] - 		round 29: 4575.056739807129
[2025-01-06 12:30:57,849][flwr][INFO] - 		round 30: 3021.0698413848877
[2025-01-06 12:30:57,849][flwr][INFO] - 		round 31: 3064.086530685425
[2025-01-06 12:30:57,849][flwr][INFO] - 		round 32: 3988.7493934631348
[2025-01-06 12:30:57,849][flwr][INFO] - 		round 33: 5530.125160217285
[2025-01-06 12:30:57,849][flwr][INFO] - 		round 34: 3451.73722076416
[2025-01-06 12:30:57,849][flwr][INFO] - 		round 35: 3776.3338871002197
[2025-01-06 12:30:57,849][flwr][INFO] - 		round 36: 1677.6663036346436
[2025-01-06 12:30:57,850][flwr][INFO] - 		round 37: 4712.520999908447
[2025-01-06 12:30:57,850][flwr][INFO] - 		round 38: 4055.2906742095947
[2025-01-06 12:30:57,850][flwr][INFO] - 		round 39: 5264.789489746094
[2025-01-06 12:30:57,850][flwr][INFO] - 		round 40: 7468.7155685424805
[2025-01-06 12:30:57,850][flwr][INFO] - 		round 41: 6399.321529388428
[2025-01-06 12:30:57,850][flwr][INFO] - 		round 42: 3276.5891094207764
[2025-01-06 12:30:57,850][flwr][INFO] - 		round 43: 6705.808883666992
[2025-01-06 12:30:57,850][flwr][INFO] - 		round 44: 5029.981246948242
[2025-01-06 12:30:57,850][flwr][INFO] - 		round 45: 6050.509922027588
[2025-01-06 12:30:57,850][flwr][INFO] - 		round 46: 3423.5813732147217
[2025-01-06 12:30:57,850][flwr][INFO] - 		round 47: 5721.523914337158
[2025-01-06 12:30:57,850][flwr][INFO] - 		round 48: 2647.1682109832764
[2025-01-06 12:30:57,850][flwr][INFO] - 		round 49: 1266.3477334976196
[2025-01-06 12:30:57,850][flwr][INFO] - 		round 50: 5163.66471862793
[2025-01-06 12:30:57,850][flwr][INFO] - 		round 51: 5315.527980804443
[2025-01-06 12:30:57,850][flwr][INFO] - 		round 52: 3870.162031173706
[2025-01-06 12:30:57,850][flwr][INFO] - 		round 53: 4894.102565765381
[2025-01-06 12:30:57,850][flwr][INFO] - 		round 54: 3979.38738822937
[2025-01-06 12:30:57,850][flwr][INFO] - 		round 55: 4806.910619735718
[2025-01-06 12:30:57,850][flwr][INFO] - 		round 56: 6740.339351654053
[2025-01-06 12:30:57,850][flwr][INFO] - 		round 57: 6753.572132110596
[2025-01-06 12:30:57,850][flwr][INFO] - 		round 58: 4234.900890350342
[2025-01-06 12:30:57,851][flwr][INFO] - 		round 59: 4464.629722595215
[2025-01-06 12:30:57,851][flwr][INFO] - 		round 60: 6152.324577331543
[2025-01-06 12:30:57,851][flwr][INFO] - 		round 61: 6817.51139831543
[2025-01-06 12:30:57,851][flwr][INFO] - 		round 62: 6135.562576293945
[2025-01-06 12:30:57,851][flwr][INFO] - 		round 63: 3078.0206604003906
[2025-01-06 12:30:57,851][flwr][INFO] - 		round 64: 2165.884635925293
[2025-01-06 12:30:57,851][flwr][INFO] - 		round 65: 2643.4878492355347
[2025-01-06 12:30:57,851][flwr][INFO] - 		round 66: 2862.4824924468994
[2025-01-06 12:30:57,851][flwr][INFO] - 		round 67: 2839.0355548858643
[2025-01-06 12:30:57,851][flwr][INFO] - 		round 68: 5120.885219573975
[2025-01-06 12:30:57,851][flwr][INFO] - 		round 69: 4281.260612487793
[2025-01-06 12:30:57,851][flwr][INFO] - 		round 70: 5432.556358337402
[2025-01-06 12:30:57,851][flwr][INFO] - 		round 71: 7384.550952911377
[2025-01-06 12:30:57,851][flwr][INFO] - 		round 72: 7132.304279327393
[2025-01-06 12:30:57,851][flwr][INFO] - 		round 73: 3969.2585277557373
[2025-01-06 12:30:57,851][flwr][INFO] - 		round 74: 7230.201622009277
[2025-01-06 12:30:57,851][flwr][INFO] - 		round 75: 7173.516956329346
[2025-01-06 12:30:57,851][flwr][INFO] - 		round 76: 5689.951221466064
[2025-01-06 12:30:57,851][flwr][INFO] - 		round 77: 2005.4252700805664
[2025-01-06 12:30:57,851][flwr][INFO] - 		round 78: 2801.168659210205
[2025-01-06 12:30:57,851][flwr][INFO] - 		round 79: 3605.9476947784424
[2025-01-06 12:30:57,851][flwr][INFO] - 		round 80: 3969.0701179504395
[2025-01-06 12:30:57,852][flwr][INFO] - 		round 81: 3650.2582397460938
[2025-01-06 12:30:57,852][flwr][INFO] - 		round 82: 3800.404344558716
[2025-01-06 12:30:57,852][flwr][INFO] - 		round 83: 3419.5604858398438
[2025-01-06 12:30:57,852][flwr][INFO] - 		round 84: 2462.51864528656
[2025-01-06 12:30:57,852][flwr][INFO] - 		round 85: 1209.4597916603088
[2025-01-06 12:30:57,852][flwr][INFO] - 		round 86: 2346.847441673279
[2025-01-06 12:30:57,852][flwr][INFO] - 		round 87: 3327.1611289978027
[2025-01-06 12:30:57,852][flwr][INFO] - 		round 88: 2999.9709510803223
[2025-01-06 12:30:57,852][flwr][INFO] - 		round 89: 1797.9195928573608
[2025-01-06 12:30:57,852][flwr][INFO] - 		round 90: 2401.00239944458
[2025-01-06 12:30:57,852][flwr][INFO] - 		round 91: 1669.6619596481323
[2025-01-06 12:30:57,852][flwr][INFO] - 		round 92: 3187.0813331604004
[2025-01-06 12:30:57,852][flwr][INFO] - 		round 93: 2536.7585639953613
[2025-01-06 12:30:57,852][flwr][INFO] - 		round 94: 3372.280906677246
[2025-01-06 12:30:57,852][flwr][INFO] - 		round 95: 3199.8925075531006
[2025-01-06 12:30:57,852][flwr][INFO] - 		round 96: 3924.240758895874
[2025-01-06 12:30:57,852][flwr][INFO] - 		round 97: 3991.1170654296875
[2025-01-06 12:30:57,852][flwr][INFO] - 		round 98: 2211.5103044509888
[2025-01-06 12:30:57,852][flwr][INFO] - 		round 99: 1896.5813541412354
[2025-01-06 12:30:57,852][flwr][INFO] - 		round 100: 3543.5602378845215
[2025-01-06 12:30:57,852][flwr][INFO] - 	History (metrics, distributed, evaluate):
[2025-01-06 12:30:57,852][flwr][INFO] - 	{'accuracy': [(1, 0.013157894736842105),
[2025-01-06 12:30:57,853][flwr][INFO] - 	              (2, 0.08),
[2025-01-06 12:30:57,853][flwr][INFO] - 	              (3, 0.0),
[2025-01-06 12:30:57,853][flwr][INFO] - 	              (4, 0.15789473684210525),
[2025-01-06 12:30:57,853][flwr][INFO] - 	              (5, 0.13157894736842105),
[2025-01-06 12:30:57,853][flwr][INFO] - 	              (6, 0.0),
[2025-01-06 12:30:57,853][flwr][INFO] - 	              (7, 0.1794871794871795),
[2025-01-06 12:30:57,853][flwr][INFO] - 	              (8, 0.21666666666666667),
[2025-01-06 12:30:57,853][flwr][INFO] - 	              (9, 0.011494252873563218),
[2025-01-06 12:30:57,853][flwr][INFO] - 	              (10, 0.047619047619047616),
[2025-01-06 12:30:57,853][flwr][INFO] - 	              (11, 0.1388888888888889),
[2025-01-06 12:30:57,853][flwr][INFO] - 	              (12, 0.047619047619047616),
[2025-01-06 12:30:57,853][flwr][INFO] - 	              (13, 0.0),
[2025-01-06 12:30:57,853][flwr][INFO] - 	              (14, 0.125),
[2025-01-06 12:30:57,853][flwr][INFO] - 	              (15, 0.47368421052631576),
[2025-01-06 12:30:57,853][flwr][INFO] - 	              (16, 0.08823529411764706),
[2025-01-06 12:30:57,853][flwr][INFO] - 	              (17, 0.046511627906976744),
[2025-01-06 12:30:57,853][flwr][INFO] - 	              (18, 0.10204081632653061),
[2025-01-06 12:30:57,853][flwr][INFO] - 	              (19, 0.0),
[2025-01-06 12:30:57,853][flwr][INFO] - 	              (20, 0.05357142857142857),
[2025-01-06 12:30:57,853][flwr][INFO] - 	              (21, 0.05128205128205128),
[2025-01-06 12:30:57,853][flwr][INFO] - 	              (22, 0.22580645161290322),
[2025-01-06 12:30:57,853][flwr][INFO] - 	              (23, 0.0),
[2025-01-06 12:30:57,854][flwr][INFO] - 	              (24, 0.017857142857142856),
[2025-01-06 12:30:57,854][flwr][INFO] - 	              (25, 0.0),
[2025-01-06 12:30:57,854][flwr][INFO] - 	              (26, 0.0),
[2025-01-06 12:30:57,854][flwr][INFO] - 	              (27, 0.0),
[2025-01-06 12:30:57,854][flwr][INFO] - 	              (28, 0.0),
[2025-01-06 12:30:57,854][flwr][INFO] - 	              (29, 0.2413793103448276),
[2025-01-06 12:30:57,854][flwr][INFO] - 	              (30, 0.16666666666666666),
[2025-01-06 12:30:57,854][flwr][INFO] - 	              (31, 0.35714285714285715),
[2025-01-06 12:30:57,854][flwr][INFO] - 	              (32, 0.0),
[2025-01-06 12:30:57,854][flwr][INFO] - 	              (33, 0.06666666666666667),
[2025-01-06 12:30:57,854][flwr][INFO] - 	              (34, 0.01818181818181818),
[2025-01-06 12:30:57,854][flwr][INFO] - 	              (35, 0.13829787234042554),
[2025-01-06 12:30:57,854][flwr][INFO] - 	              (36, 0.058823529411764705),
[2025-01-06 12:30:57,854][flwr][INFO] - 	              (37, 0.0),
[2025-01-06 12:30:57,854][flwr][INFO] - 	              (38, 0.13592233009708737),
[2025-01-06 12:30:57,854][flwr][INFO] - 	              (39, 0.6296296296296297),
[2025-01-06 12:30:57,854][flwr][INFO] - 	              (40, 0.21100917431192662),
[2025-01-06 12:30:57,854][flwr][INFO] - 	              (41, 0.0425531914893617),
[2025-01-06 12:30:57,854][flwr][INFO] - 	              (42, 0.2222222222222222),
[2025-01-06 12:30:57,854][flwr][INFO] - 	              (43, 0.0),
[2025-01-06 12:30:57,854][flwr][INFO] - 	              (44, 0.0),
[2025-01-06 12:30:57,854][flwr][INFO] - 	              (45, 0.11764705882352941),
[2025-01-06 12:30:57,855][flwr][INFO] - 	              (46, 0.12857142857142856),
[2025-01-06 12:30:57,855][flwr][INFO] - 	              (47, 0.0),
[2025-01-06 12:30:57,855][flwr][INFO] - 	              (48, 0.14285714285714285),
[2025-01-06 12:30:57,855][flwr][INFO] - 	              (49, 0.02631578947368421),
[2025-01-06 12:30:57,855][flwr][INFO] - 	              (50, 0.0),
[2025-01-06 12:30:57,855][flwr][INFO] - 	              (51, 0.1111111111111111),
[2025-01-06 12:30:57,855][flwr][INFO] - 	              (52, 0.0),
[2025-01-06 12:30:57,855][flwr][INFO] - 	              (53, 0.0),
[2025-01-06 12:30:57,855][flwr][INFO] - 	              (54, 0.3064516129032258),
[2025-01-06 12:30:57,855][flwr][INFO] - 	              (55, 0.07142857142857142),
[2025-01-06 12:30:57,855][flwr][INFO] - 	              (56, 0.05555555555555555),
[2025-01-06 12:30:57,855][flwr][INFO] - 	              (57, 0.0),
[2025-01-06 12:30:57,855][flwr][INFO] - 	              (58, 0.0),
[2025-01-06 12:30:57,855][flwr][INFO] - 	              (59, 0.047619047619047616),
[2025-01-06 12:30:57,855][flwr][INFO] - 	              (60, 0.02),
[2025-01-06 12:30:57,855][flwr][INFO] - 	              (61, 0.2235294117647059),
[2025-01-06 12:30:57,855][flwr][INFO] - 	              (62, 0.05405405405405406),
[2025-01-06 12:30:57,855][flwr][INFO] - 	              (63, 0.3),
[2025-01-06 12:30:57,855][flwr][INFO] - 	              (64, 0.5),
[2025-01-06 12:30:57,855][flwr][INFO] - 	              (65, 0.4411764705882353),
[2025-01-06 12:30:57,855][flwr][INFO] - 	              (66, 0.0),
[2025-01-06 12:30:57,855][flwr][INFO] - 	              (67, 0.2),
[2025-01-06 12:30:57,856][flwr][INFO] - 	              (68, 0.4482758620689655),
[2025-01-06 12:30:57,856][flwr][INFO] - 	              (69, 0.02857142857142857),
[2025-01-06 12:30:57,856][flwr][INFO] - 	              (70, 0.025),
[2025-01-06 12:30:57,856][flwr][INFO] - 	              (71, 0.0),
[2025-01-06 12:30:57,856][flwr][INFO] - 	              (72, 0.15384615384615385),
[2025-01-06 12:30:57,856][flwr][INFO] - 	              (73, 0.1111111111111111),
[2025-01-06 12:30:57,856][flwr][INFO] - 	              (74, 0.018518518518518517),
[2025-01-06 12:30:57,856][flwr][INFO] - 	              (75, 0.0),
[2025-01-06 12:30:57,856][flwr][INFO] - 	              (76, 0.0),
[2025-01-06 12:30:57,856][flwr][INFO] - 	              (77, 0.034482758620689655),
[2025-01-06 12:30:57,856][flwr][INFO] - 	              (78, 0.16279069767441862),
[2025-01-06 12:30:57,856][flwr][INFO] - 	              (79, 0.02564102564102564),
[2025-01-06 12:30:57,856][flwr][INFO] - 	              (80, 0.14285714285714285),
[2025-01-06 12:30:57,856][flwr][INFO] - 	              (81, 0.0),
[2025-01-06 12:30:57,856][flwr][INFO] - 	              (82, 0.022727272727272728),
[2025-01-06 12:30:57,856][flwr][INFO] - 	              (83, 0.02564102564102564),
[2025-01-06 12:30:57,856][flwr][INFO] - 	              (84, 0.04918032786885246),
[2025-01-06 12:30:57,856][flwr][INFO] - 	              (85, 0.15714285714285714),
[2025-01-06 12:30:57,856][flwr][INFO] - 	              (86, 0.5507246376811594),
[2025-01-06 12:30:57,856][flwr][INFO] - 	              (87, 0.23728813559322035),
[2025-01-06 12:30:57,856][flwr][INFO] - 	              (88, 0.045454545454545456),
[2025-01-06 12:30:57,857][flwr][INFO] - 	              (89, 0.07407407407407407),
[2025-01-06 12:30:57,857][flwr][INFO] - 	              (90, 0.06896551724137931),
[2025-01-06 12:30:57,857][flwr][INFO] - 	              (91, 0.06060606060606061),
[2025-01-06 12:30:57,857][flwr][INFO] - 	              (92, 0.05714285714285714),
[2025-01-06 12:30:57,857][flwr][INFO] - 	              (93, 0.0),
[2025-01-06 12:30:57,857][flwr][INFO] - 	              (94, 0.18571428571428572),
[2025-01-06 12:30:57,857][flwr][INFO] - 	              (95, 0.024390243902439025),
[2025-01-06 12:30:57,857][flwr][INFO] - 	              (96, 0.18604651162790697),
[2025-01-06 12:30:57,857][flwr][INFO] - 	              (97, 0.0),
[2025-01-06 12:30:57,857][flwr][INFO] - 	              (98, 0.0),
[2025-01-06 12:30:57,857][flwr][INFO] - 	              (99, 0.3333333333333333),
[2025-01-06 12:30:57,857][flwr][INFO] - 	              (100, 0.02631578947368421)]}
[2025-01-06 12:30:57,857][flwr][INFO] - 	History (metrics, centralized):
[2025-01-06 12:30:57,857][flwr][INFO] - 	{'accuracy': [(0, 0.0944168371821105),
[2025-01-06 12:30:57,857][flwr][INFO] - 	              (1, 0.16924875767319497),
[2025-01-06 12:30:57,857][flwr][INFO] - 	              (2, 0.07132417421806489),
[2025-01-06 12:30:57,857][flwr][INFO] - 	              (3, 0.07395498392282958),
[2025-01-06 12:30:57,857][flwr][INFO] - 	              (4, 0.07132417421806489),
[2025-01-06 12:30:57,857][flwr][INFO] - 	              (5, 0.1356328558900906),
[2025-01-06 12:30:57,857][flwr][INFO] - 	              (6, 0.1824028061970184),
[2025-01-06 12:30:57,857][flwr][INFO] - 	              (7, 0.1657410114001754),
[2025-01-06 12:30:57,858][flwr][INFO] - 	              (8, 0.0710318620286466),
[2025-01-06 12:30:57,858][flwr][INFO] - 	              (9, 0.19467991815258695),
[2025-01-06 12:30:57,858][flwr][INFO] - 	              (10, 0.1607717041800643),
[2025-01-06 12:30:57,858][flwr][INFO] - 	              (11, 0.08535515931014323),
[2025-01-06 12:30:57,858][flwr][INFO] - 	              (12, 0.0932475884244373),
[2025-01-06 12:30:57,858][flwr][INFO] - 	              (13, 0.16691026015784857),
[2025-01-06 12:30:57,858][flwr][INFO] - 	              (14, 0.19467991815258695),
[2025-01-06 12:30:57,858][flwr][INFO] - 	              (15, 0.08301666179479684),
[2025-01-06 12:30:57,858][flwr][INFO] - 	              (16, 0.059339374451914645),
[2025-01-06 12:30:57,858][flwr][INFO] - 	              (17, 0.08477053493130664),
[2025-01-06 12:30:57,858][flwr][INFO] - 	              (18, 0.08301666179479684),
[2025-01-06 12:30:57,858][flwr][INFO] - 	              (19, 0.07132417421806489),
[2025-01-06 12:30:57,858][flwr][INFO] - 	              (20, 0.07132417421806489),
[2025-01-06 12:30:57,858][flwr][INFO] - 	              (21, 0.07395498392282958),
[2025-01-06 12:30:57,858][flwr][INFO] - 	              (22, 0.0710318620286466),
[2025-01-06 12:30:57,858][flwr][INFO] - 	              (23, 0.0710318620286466),
[2025-01-06 12:30:57,858][flwr][INFO] - 	              (24, 0.0710318620286466),
[2025-01-06 12:30:57,858][flwr][INFO] - 	              (25, 0.08272434960537854),
[2025-01-06 12:30:57,858][flwr][INFO] - 	              (26, 0.15492546039169833),
[2025-01-06 12:30:57,858][flwr][INFO] - 	              (27, 0.19467991815258695),
[2025-01-06 12:30:57,858][flwr][INFO] - 	              (28, 0.07278573516515639),
[2025-01-06 12:30:57,858][flwr][INFO] - 	              (29, 0.09090909090909091),
[2025-01-06 12:30:57,858][flwr][INFO] - 	              (30, 0.08827828120432622),
[2025-01-06 12:30:57,859][flwr][INFO] - 	              (31, 0.16924875767319497),
[2025-01-06 12:30:57,859][flwr][INFO] - 	              (32, 0.07132417421806489),
[2025-01-06 12:30:57,859][flwr][INFO] - 	              (33, 0.09090909090909091),
[2025-01-06 12:30:57,859][flwr][INFO] - 	              (34, 0.06460099386144402),
[2025-01-06 12:30:57,859][flwr][INFO] - 	              (35, 0.0710318620286466),
[2025-01-06 12:30:57,859][flwr][INFO] - 	              (36, 0.1148786904413914),
[2025-01-06 12:30:57,859][flwr][INFO] - 	              (37, 0.19847997661502484),
[2025-01-06 12:30:57,859][flwr][INFO] - 	              (38, 0.19467991815258695),
[2025-01-06 12:30:57,859][flwr][INFO] - 	              (39, 0.19467991815258695),
[2025-01-06 12:30:57,859][flwr][INFO] - 	              (40, 0.1824028061970184),
[2025-01-06 12:30:57,859][flwr][INFO] - 	              (41, 0.07132417421806489),
[2025-01-06 12:30:57,859][flwr][INFO] - 	              (42, 0.07132417421806489),
[2025-01-06 12:30:57,859][flwr][INFO] - 	              (43, 0.07132417421806489),
[2025-01-06 12:30:57,859][flwr][INFO] - 	              (44, 0.07132417421806489),
[2025-01-06 12:30:57,859][flwr][INFO] - 	              (45, 0.07132417421806489),
[2025-01-06 12:30:57,859][flwr][INFO] - 	              (46, 0.15784858228588133),
[2025-01-06 12:30:57,859][flwr][INFO] - 	              (47, 0.07132417421806489),
[2025-01-06 12:30:57,859][flwr][INFO] - 	              (48, 0.13855597778427362),
[2025-01-06 12:30:57,859][flwr][INFO] - 	              (49, 0.11049400760011692),
[2025-01-06 12:30:57,859][flwr][INFO] - 	              (50, 0.07132417421806489),
[2025-01-06 12:30:57,859][flwr][INFO] - 	              (51, 0.07366267173341129),
[2025-01-06 12:30:57,859][flwr][INFO] - 	              (52, 0.19438760596316867),
[2025-01-06 12:30:57,860][flwr][INFO] - 	              (53, 0.06810874013446361),
[2025-01-06 12:30:57,860][flwr][INFO] - 	              (54, 0.08184741303712365),
[2025-01-06 12:30:57,860][flwr][INFO] - 	              (55, 0.08857059339374451),
[2025-01-06 12:30:57,860][flwr][INFO] - 	              (56, 0.05349313066354867),
[2025-01-06 12:30:57,860][flwr][INFO] - 	              (57, 0.19467991815258695),
[2025-01-06 12:30:57,860][flwr][INFO] - 	              (58, 0.1625255773165741),
[2025-01-06 12:30:57,860][flwr][INFO] - 	              (59, 0.07775504238526747),
[2025-01-06 12:30:57,860][flwr][INFO] - 	              (60, 0.0710318620286466),
[2025-01-06 12:30:57,860][flwr][INFO] - 	              (61, 0.1824028061970184),
[2025-01-06 12:30:57,860][flwr][INFO] - 	              (62, 0.07132417421806489),
[2025-01-06 12:30:57,860][flwr][INFO] - 	              (63, 0.08535515931014323),
[2025-01-06 12:30:57,860][flwr][INFO] - 	              (64, 0.2303420052616194),
[2025-01-06 12:30:57,860][flwr][INFO] - 	              (65, 0.0912014030985092),
[2025-01-06 12:30:57,860][flwr][INFO] - 	              (66, 0.08857059339374451),
[2025-01-06 12:30:57,860][flwr][INFO] - 	              (67, 0.07395498392282958),
[2025-01-06 12:30:57,860][flwr][INFO] - 	              (68, 0.15492546039169833),
[2025-01-06 12:30:57,860][flwr][INFO] - 	              (69, 0.07366267173341129),
[2025-01-06 12:30:57,860][flwr][INFO] - 	              (70, 0.07132417421806489),
[2025-01-06 12:30:57,860][flwr][INFO] - 	              (71, 0.07132417421806489),
[2025-01-06 12:30:57,860][flwr][INFO] - 	              (72, 0.07132417421806489),
[2025-01-06 12:30:57,860][flwr][INFO] - 	              (73, 0.07132417421806489),
[2025-01-06 12:30:57,860][flwr][INFO] - 	              (74, 0.07132417421806489),
[2025-01-06 12:30:57,860][flwr][INFO] - 	              (75, 0.07132417421806489),
[2025-01-06 12:30:57,860][flwr][INFO] - 	              (76, 0.08593978368897984),
[2025-01-06 12:30:57,861][flwr][INFO] - 	              (77, 0.12510961707103185),
[2025-01-06 12:30:57,861][flwr][INFO] - 	              (78, 0.1824028061970184),
[2025-01-06 12:30:57,861][flwr][INFO] - 	              (79, 0.0710318620286466),
[2025-01-06 12:30:57,861][flwr][INFO] - 	              (80, 0.12423268050277697),
[2025-01-06 12:30:57,861][flwr][INFO] - 	              (81, 0.07132417421806489),
[2025-01-06 12:30:57,861][flwr][INFO] - 	              (82, 0.2098801520023385),
[2025-01-06 12:30:57,861][flwr][INFO] - 	              (83, 0.0689856767027185),
[2025-01-06 12:30:57,861][flwr][INFO] - 	              (84, 0.058754750073078045),
[2025-01-06 12:30:57,861][flwr][INFO] - 	              (85, 0.137971353405437),
[2025-01-06 12:30:57,861][flwr][INFO] - 	              (86, 0.17801812335574393),
[2025-01-06 12:30:57,861][flwr][INFO] - 	              (87, 0.11312481730488161),
[2025-01-06 12:30:57,861][flwr][INFO] - 	              (88, 0.0719087985969015),
[2025-01-06 12:30:57,861][flwr][INFO] - 	              (89, 0.19643379128909674),
[2025-01-06 12:30:57,861][flwr][INFO] - 	              (90, 0.19467991815258695),
[2025-01-06 12:30:57,861][flwr][INFO] - 	              (91, 0.1411867874890383),
[2025-01-06 12:30:57,861][flwr][INFO] - 	              (92, 0.13300204618532593),
[2025-01-06 12:30:57,861][flwr][INFO] - 	              (93, 0.06664717918737212),
[2025-01-06 12:30:57,861][flwr][INFO] - 	              (94, 0.13124817304881614),
[2025-01-06 12:30:57,861][flwr][INFO] - 	              (95, 0.13504823151125403),
[2025-01-06 12:30:57,861][flwr][INFO] - 	              (96, 0.09587839812920199),
[2025-01-06 12:30:57,861][flwr][INFO] - 	              (97, 0.07220111078631979),
[2025-01-06 12:30:57,861][flwr][INFO] - 	              (98, 0.1867874890382929),
[2025-01-06 12:30:57,862][flwr][INFO] - 	              (99, 0.1180941245249927),
[2025-01-06 12:30:57,862][flwr][INFO] - 	              (100, 0.16924875767319497)]}
[2025-01-06 12:30:57,862][flwr][INFO] - 
