[2025-01-06 11:29:59,292][flwr][INFO] - Starting Flower simulation, config: num_rounds=100, no round_timeout
[2025-01-06 11:30:03,121][flwr][INFO] - Flower VCE: Ray initialized with resources: {'GPU': 2.0, 'accelerator_type:G': 1.0, 'node:115.145.172.224': 1.0, 'object_store_memory': 66280915353.0, 'node:__internal_head__': 1.0, 'memory': 144655469159.0, 'CPU': 256.0}
[2025-01-06 11:30:03,121][flwr][INFO] - Optimize your simulation with Flower VCE: https://flower.ai/docs/framework/how-to-run-simulations.html
[2025-01-06 11:30:03,121][flwr][INFO] - Flower VCE: Resources for each Virtual Client: {'num_cpus': 24, 'num_gpus': 0.125}
[2025-01-06 11:30:03,138][flwr][INFO] - Flower VCE: Creating VirtualClientEngineActorPool with 10 actors
[2025-01-06 11:30:03,139][flwr][INFO] - [INIT]
[2025-01-06 11:30:03,139][flwr][INFO] - Requesting initial parameters from one random client
[2025-01-06 11:30:07,918][flwr][INFO] - Received initial parameters from one random client
[2025-01-06 11:30:07,921][flwr][INFO] - Evaluating initial global parameters
[2025-01-06 11:30:14,360][flwr][INFO] - initial parameters (loss, other metrics): 225.52661204338074, {'accuracy': 0.16924875767319497}
[2025-01-06 11:30:14,360][flwr][INFO] - 
[2025-01-06 11:30:14,360][flwr][INFO] - [ROUND 1]
[2025-01-06 11:30:14,361][flwr][INFO] - configure_fit: strategy sampled 2 clients (out of 50)
[2025-01-06 11:30:18,990][flwr][INFO] - aggregate_fit: received 2 results and 0 failures
[2025-01-06 11:30:19,076][flwr][WARNING] - No fit_metrics_aggregation_fn provided
[2025-01-06 11:30:23,842][flwr][INFO] - fit progress: (1, 225.02854418754578, {'accuracy': 0.08535515931014323}, 9.481622533989139)
[2025-01-06 11:30:23,842][flwr][INFO] - configure_evaluate: strategy sampled 2 clients (out of 50)
[2025-01-06 11:30:24,255][flwr][INFO] - aggregate_evaluate: received 2 results and 0 failures
[2025-01-06 11:30:24,255][flwr][INFO] - 
[2025-01-06 11:30:24,255][flwr][INFO] - [ROUND 2]
[2025-01-06 11:30:24,255][flwr][INFO] - configure_fit: strategy sampled 2 clients (out of 50)
[2025-01-06 11:30:26,066][flwr][INFO] - aggregate_fit: received 2 results and 0 failures
[2025-01-06 11:30:31,909][flwr][INFO] - fit progress: (2, 225.08355128765106, {'accuracy': 0.22917275650394622}, 17.54841323598521)
[2025-01-06 11:30:31,909][flwr][INFO] - configure_evaluate: strategy sampled 2 clients (out of 50)
[2025-01-06 11:30:32,403][flwr][INFO] - aggregate_evaluate: received 2 results and 0 failures
[2025-01-06 11:30:32,403][flwr][INFO] - 
[2025-01-06 11:30:32,403][flwr][INFO] - [ROUND 3]
[2025-01-06 11:30:32,403][flwr][INFO] - configure_fit: strategy sampled 2 clients (out of 50)
[2025-01-06 11:30:34,445][flwr][INFO] - aggregate_fit: received 2 results and 0 failures
[2025-01-06 11:30:39,537][flwr][INFO] - fit progress: (3, 179.30453193187714, {'accuracy': 0.4124524992692195}, 25.176976409973577)
[2025-01-06 11:30:39,538][flwr][INFO] - configure_evaluate: strategy sampled 2 clients (out of 50)
[2025-01-06 11:30:39,857][flwr][INFO] - aggregate_evaluate: received 2 results and 0 failures
[2025-01-06 11:30:39,857][flwr][INFO] - 
[2025-01-06 11:30:39,857][flwr][INFO] - [ROUND 4]
[2025-01-06 11:30:39,857][flwr][INFO] - configure_fit: strategy sampled 2 clients (out of 50)
[2025-01-06 11:30:41,708][flwr][INFO] - aggregate_fit: received 2 results and 0 failures
[2025-01-06 11:30:47,294][flwr][INFO] - fit progress: (4, 173.2237572669983, {'accuracy': 0.3878982753580824}, 32.933858848991804)
[2025-01-06 11:30:47,294][flwr][INFO] - configure_evaluate: strategy sampled 2 clients (out of 50)
[2025-01-06 11:30:47,600][flwr][INFO] - aggregate_evaluate: received 2 results and 0 failures
[2025-01-06 11:30:47,600][flwr][INFO] - 
[2025-01-06 11:30:47,600][flwr][INFO] - [ROUND 5]
[2025-01-06 11:30:47,600][flwr][INFO] - configure_fit: strategy sampled 2 clients (out of 50)
[2025-01-06 11:30:48,786][flwr][INFO] - aggregate_fit: received 2 results and 0 failures
[2025-01-06 11:30:54,384][flwr][INFO] - fit progress: (5, 243.2911821603775, {'accuracy': 0.22128032738965214}, 40.023950155999046)
[2025-01-06 11:30:54,385][flwr][INFO] - configure_evaluate: strategy sampled 2 clients (out of 50)
[2025-01-06 11:30:54,761][flwr][INFO] - aggregate_evaluate: received 2 results and 0 failures
[2025-01-06 11:30:54,761][flwr][INFO] - 
[2025-01-06 11:30:54,761][flwr][INFO] - [ROUND 6]
[2025-01-06 11:30:54,761][flwr][INFO] - configure_fit: strategy sampled 2 clients (out of 50)
[2025-01-06 11:30:56,329][flwr][INFO] - aggregate_fit: received 2 results and 0 failures
[2025-01-06 11:31:02,474][flwr][INFO] - fit progress: (6, 410.0656497478485, {'accuracy': 0.17217187956737795}, 48.11382831202354)
[2025-01-06 11:31:02,475][flwr][INFO] - configure_evaluate: strategy sampled 2 clients (out of 50)
[2025-01-06 11:31:02,881][flwr][INFO] - aggregate_evaluate: received 2 results and 0 failures
[2025-01-06 11:31:02,882][flwr][INFO] - 
[2025-01-06 11:31:02,882][flwr][INFO] - [ROUND 7]
[2025-01-06 11:31:02,882][flwr][INFO] - configure_fit: strategy sampled 2 clients (out of 50)
[2025-01-06 11:31:03,822][flwr][INFO] - aggregate_fit: received 2 results and 0 failures
[2025-01-06 11:31:09,695][flwr][INFO] - fit progress: (7, 238.0595942735672, {'accuracy': 0.3273896521484946}, 55.33435755298706)
[2025-01-06 11:31:09,695][flwr][INFO] - configure_evaluate: strategy sampled 2 clients (out of 50)
[2025-01-06 11:31:10,020][flwr][INFO] - aggregate_evaluate: received 2 results and 0 failures
[2025-01-06 11:31:10,021][flwr][INFO] - 
[2025-01-06 11:31:10,021][flwr][INFO] - [ROUND 8]
[2025-01-06 11:31:10,021][flwr][INFO] - configure_fit: strategy sampled 2 clients (out of 50)
[2025-01-06 11:31:11,543][flwr][INFO] - aggregate_fit: received 2 results and 0 failures
[2025-01-06 11:31:16,336][flwr][INFO] - fit progress: (8, 272.3856382369995, {'accuracy': 0.21280327389652148}, 61.9761353089707)
[2025-01-06 11:31:16,337][flwr][INFO] - configure_evaluate: strategy sampled 2 clients (out of 50)
[2025-01-06 11:31:16,788][flwr][INFO] - aggregate_evaluate: received 2 results and 0 failures
[2025-01-06 11:31:16,788][flwr][INFO] - 
[2025-01-06 11:31:16,788][flwr][INFO] - [ROUND 9]
[2025-01-06 11:31:16,788][flwr][INFO] - configure_fit: strategy sampled 2 clients (out of 50)
[2025-01-06 11:31:18,623][flwr][INFO] - aggregate_fit: received 2 results and 0 failures
[2025-01-06 11:31:23,356][flwr][INFO] - fit progress: (9, 308.07778763771057, {'accuracy': 0.18152586962876352}, 68.99595061701257)
[2025-01-06 11:31:23,357][flwr][INFO] - configure_evaluate: strategy sampled 2 clients (out of 50)
[2025-01-06 11:31:23,797][flwr][INFO] - aggregate_evaluate: received 2 results and 0 failures
[2025-01-06 11:31:23,798][flwr][INFO] - 
[2025-01-06 11:31:23,798][flwr][INFO] - [ROUND 10]
[2025-01-06 11:31:23,798][flwr][INFO] - configure_fit: strategy sampled 2 clients (out of 50)
[2025-01-06 11:31:25,565][flwr][INFO] - aggregate_fit: received 2 results and 0 failures
[2025-01-06 11:31:31,212][flwr][INFO] - fit progress: (10, 401.7494750022888, {'accuracy': 0.1178018123355744}, 76.85211239202181)
[2025-01-06 11:31:31,213][flwr][INFO] - configure_evaluate: strategy sampled 2 clients (out of 50)
[2025-01-06 11:31:31,576][flwr][INFO] - aggregate_evaluate: received 2 results and 0 failures
[2025-01-06 11:31:31,577][flwr][INFO] - 
[2025-01-06 11:31:31,577][flwr][INFO] - [ROUND 11]
[2025-01-06 11:31:31,577][flwr][INFO] - configure_fit: strategy sampled 2 clients (out of 50)
[2025-01-06 11:31:33,364][flwr][INFO] - aggregate_fit: received 2 results and 0 failures
[2025-01-06 11:31:39,420][flwr][INFO] - fit progress: (11, 475.55673360824585, {'accuracy': 0.17597193802981584}, 85.05954351997934)
[2025-01-06 11:31:39,421][flwr][INFO] - configure_evaluate: strategy sampled 2 clients (out of 50)
[2025-01-06 11:31:39,796][flwr][INFO] - aggregate_evaluate: received 2 results and 0 failures
[2025-01-06 11:31:39,797][flwr][INFO] - 
[2025-01-06 11:31:39,797][flwr][INFO] - [ROUND 12]
[2025-01-06 11:31:39,797][flwr][INFO] - configure_fit: strategy sampled 2 clients (out of 50)
[2025-01-06 11:31:41,174][flwr][INFO] - aggregate_fit: received 2 results and 0 failures
[2025-01-06 11:31:46,769][flwr][INFO] - fit progress: (12, 428.6586859226227, {'accuracy': 0.26541946799181526}, 92.40890530199977)
[2025-01-06 11:31:46,770][flwr][INFO] - configure_evaluate: strategy sampled 2 clients (out of 50)
[2025-01-06 11:31:47,112][flwr][INFO] - aggregate_evaluate: received 2 results and 0 failures
[2025-01-06 11:31:47,112][flwr][INFO] - 
[2025-01-06 11:31:47,112][flwr][INFO] - [ROUND 13]
[2025-01-06 11:31:47,112][flwr][INFO] - configure_fit: strategy sampled 2 clients (out of 50)
[2025-01-06 11:31:48,865][flwr][INFO] - aggregate_fit: received 2 results and 0 failures
[2025-01-06 11:31:53,649][flwr][INFO] - fit progress: (13, 317.2430394887924, {'accuracy': 0.3007892429114294}, 99.28851465100888)
[2025-01-06 11:31:53,650][flwr][INFO] - configure_evaluate: strategy sampled 2 clients (out of 50)
[2025-01-06 11:31:53,978][flwr][INFO] - aggregate_evaluate: received 2 results and 0 failures
[2025-01-06 11:31:53,978][flwr][INFO] - 
[2025-01-06 11:31:53,979][flwr][INFO] - [ROUND 14]
[2025-01-06 11:31:53,979][flwr][INFO] - configure_fit: strategy sampled 2 clients (out of 50)
[2025-01-06 11:31:55,312][flwr][INFO] - aggregate_fit: received 2 results and 0 failures
[2025-01-06 11:32:00,930][flwr][INFO] - fit progress: (14, 421.4264440536499, {'accuracy': 0.23911137094416837}, 106.56935258599697)
[2025-01-06 11:32:00,930][flwr][INFO] - configure_evaluate: strategy sampled 2 clients (out of 50)
[2025-01-06 11:32:01,267][flwr][INFO] - aggregate_evaluate: received 2 results and 0 failures
[2025-01-06 11:32:01,267][flwr][INFO] - 
[2025-01-06 11:32:01,268][flwr][INFO] - [ROUND 15]
[2025-01-06 11:32:01,268][flwr][INFO] - configure_fit: strategy sampled 2 clients (out of 50)
[2025-01-06 11:32:03,186][flwr][INFO] - aggregate_fit: received 2 results and 0 failures
[2025-01-06 11:32:07,956][flwr][INFO] - fit progress: (15, 340.3806744813919, {'accuracy': 0.24583455130078924}, 113.59548498498043)
[2025-01-06 11:32:07,956][flwr][INFO] - configure_evaluate: strategy sampled 2 clients (out of 50)
[2025-01-06 11:32:08,453][flwr][INFO] - aggregate_evaluate: received 2 results and 0 failures
[2025-01-06 11:32:08,454][flwr][INFO] - 
[2025-01-06 11:32:08,454][flwr][INFO] - [ROUND 16]
[2025-01-06 11:32:08,454][flwr][INFO] - configure_fit: strategy sampled 2 clients (out of 50)
[2025-01-06 11:32:09,494][flwr][INFO] - aggregate_fit: received 2 results and 0 failures
[2025-01-06 11:32:14,230][flwr][INFO] - fit progress: (16, 297.64316391944885, {'accuracy': 0.2078339666764104}, 119.86993667000206)
[2025-01-06 11:32:14,231][flwr][INFO] - configure_evaluate: strategy sampled 2 clients (out of 50)
[2025-01-06 11:32:14,717][flwr][INFO] - aggregate_evaluate: received 2 results and 0 failures
[2025-01-06 11:32:14,717][flwr][INFO] - 
[2025-01-06 11:32:14,717][flwr][INFO] - [ROUND 17]
[2025-01-06 11:32:14,717][flwr][INFO] - configure_fit: strategy sampled 2 clients (out of 50)
[2025-01-06 11:32:15,898][flwr][INFO] - aggregate_fit: received 2 results and 0 failures
[2025-01-06 11:32:21,527][flwr][INFO] - fit progress: (17, 662.6803510189056, {'accuracy': 0.1370944168371821}, 127.16640949400607)
[2025-01-06 11:32:21,528][flwr][INFO] - configure_evaluate: strategy sampled 2 clients (out of 50)
[2025-01-06 11:32:21,907][flwr][INFO] - aggregate_evaluate: received 2 results and 0 failures
[2025-01-06 11:32:21,907][flwr][INFO] - 
[2025-01-06 11:32:21,907][flwr][INFO] - [ROUND 18]
[2025-01-06 11:32:21,907][flwr][INFO] - configure_fit: strategy sampled 2 clients (out of 50)
[2025-01-06 11:32:23,565][flwr][INFO] - aggregate_fit: received 2 results and 0 failures
[2025-01-06 11:32:28,340][flwr][INFO] - fit progress: (18, 916.2460451126099, {'accuracy': 0.2303420052616194}, 133.98017221398186)
[2025-01-06 11:32:28,341][flwr][INFO] - configure_evaluate: strategy sampled 2 clients (out of 50)
[2025-01-06 11:32:28,666][flwr][INFO] - aggregate_evaluate: received 2 results and 0 failures
[2025-01-06 11:32:28,667][flwr][INFO] - 
[2025-01-06 11:32:28,667][flwr][INFO] - [ROUND 19]
[2025-01-06 11:32:28,667][flwr][INFO] - configure_fit: strategy sampled 2 clients (out of 50)
[2025-01-06 11:32:29,959][flwr][INFO] - aggregate_fit: received 2 results and 0 failures
[2025-01-06 11:32:35,649][flwr][INFO] - fit progress: (19, 379.72257685661316, {'accuracy': 0.413914060216311}, 141.2890091809677)
[2025-01-06 11:32:35,650][flwr][INFO] - configure_evaluate: strategy sampled 2 clients (out of 50)
[2025-01-06 11:32:36,105][flwr][INFO] - aggregate_evaluate: received 2 results and 0 failures
[2025-01-06 11:32:36,105][flwr][INFO] - 
[2025-01-06 11:32:36,105][flwr][INFO] - [ROUND 20]
[2025-01-06 11:32:36,105][flwr][INFO] - configure_fit: strategy sampled 2 clients (out of 50)
[2025-01-06 11:32:37,243][flwr][INFO] - aggregate_fit: received 2 results and 0 failures
[2025-01-06 11:32:42,810][flwr][INFO] - fit progress: (20, 696.4350619316101, {'accuracy': 0.11838643671441099}, 148.45010701200226)
[2025-01-06 11:32:42,811][flwr][INFO] - configure_evaluate: strategy sampled 2 clients (out of 50)
[2025-01-06 11:32:43,387][flwr][INFO] - aggregate_evaluate: received 2 results and 0 failures
[2025-01-06 11:32:43,387][flwr][INFO] - 
[2025-01-06 11:32:43,387][flwr][INFO] - [ROUND 21]
[2025-01-06 11:32:43,387][flwr][INFO] - configure_fit: strategy sampled 2 clients (out of 50)
[2025-01-06 11:32:45,083][flwr][INFO] - aggregate_fit: received 2 results and 0 failures
[2025-01-06 11:32:50,896][flwr][INFO] - fit progress: (21, 193.73703515529633, {'accuracy': 0.38672902660040925}, 156.5353670300101)
[2025-01-06 11:32:50,896][flwr][INFO] - configure_evaluate: strategy sampled 2 clients (out of 50)
[2025-01-06 11:32:51,222][flwr][INFO] - aggregate_evaluate: received 2 results and 0 failures
[2025-01-06 11:32:51,223][flwr][INFO] - 
[2025-01-06 11:32:51,223][flwr][INFO] - [ROUND 22]
[2025-01-06 11:32:51,223][flwr][INFO] - configure_fit: strategy sampled 2 clients (out of 50)
[2025-01-06 11:32:52,562][flwr][INFO] - aggregate_fit: received 2 results and 0 failures
[2025-01-06 11:32:57,883][flwr][INFO] - fit progress: (22, 289.9391542673111, {'accuracy': 0.2619117217187957}, 163.52272044599522)
[2025-01-06 11:32:57,883][flwr][INFO] - configure_evaluate: strategy sampled 2 clients (out of 50)
[2025-01-06 11:32:58,508][flwr][INFO] - aggregate_evaluate: received 2 results and 0 failures
[2025-01-06 11:32:58,508][flwr][INFO] - 
[2025-01-06 11:32:58,508][flwr][INFO] - [ROUND 23]
[2025-01-06 11:32:58,508][flwr][INFO] - configure_fit: strategy sampled 2 clients (out of 50)
[2025-01-06 11:32:59,747][flwr][INFO] - aggregate_fit: received 2 results and 0 failures
[2025-01-06 11:33:04,485][flwr][INFO] - fit progress: (23, 280.32543563842773, {'accuracy': 0.3016661794796843}, 170.1245727650239)
[2025-01-06 11:33:04,485][flwr][INFO] - configure_evaluate: strategy sampled 2 clients (out of 50)
[2025-01-06 11:33:04,847][flwr][INFO] - aggregate_evaluate: received 2 results and 0 failures
[2025-01-06 11:33:04,848][flwr][INFO] - 
[2025-01-06 11:33:04,848][flwr][INFO] - [ROUND 24]
[2025-01-06 11:33:04,848][flwr][INFO] - configure_fit: strategy sampled 2 clients (out of 50)
[2025-01-06 11:33:06,991][flwr][INFO] - aggregate_fit: received 2 results and 0 failures
[2025-01-06 11:33:12,726][flwr][INFO] - fit progress: (24, 352.66050267219543, {'accuracy': 0.31072785735165154}, 178.36550252098823)
[2025-01-06 11:33:12,726][flwr][INFO] - configure_evaluate: strategy sampled 2 clients (out of 50)
[2025-01-06 11:33:13,088][flwr][INFO] - aggregate_evaluate: received 2 results and 0 failures
[2025-01-06 11:33:13,088][flwr][INFO] - 
[2025-01-06 11:33:13,088][flwr][INFO] - [ROUND 25]
[2025-01-06 11:33:13,088][flwr][INFO] - configure_fit: strategy sampled 2 clients (out of 50)
[2025-01-06 11:33:14,783][flwr][INFO] - aggregate_fit: received 2 results and 0 failures
[2025-01-06 11:33:20,513][flwr][INFO] - fit progress: (25, 323.23446357250214, {'accuracy': 0.36626717334112835}, 186.15277941001114)
[2025-01-06 11:33:20,514][flwr][INFO] - configure_evaluate: strategy sampled 2 clients (out of 50)
[2025-01-06 11:33:21,021][flwr][INFO] - aggregate_evaluate: received 2 results and 0 failures
[2025-01-06 11:33:21,021][flwr][INFO] - 
[2025-01-06 11:33:21,021][flwr][INFO] - [ROUND 26]
[2025-01-06 11:33:21,021][flwr][INFO] - configure_fit: strategy sampled 2 clients (out of 50)
[2025-01-06 11:33:22,320][flwr][INFO] - aggregate_fit: received 2 results and 0 failures
[2025-01-06 11:33:27,141][flwr][INFO] - fit progress: (26, 372.5919508934021, {'accuracy': 0.36714410990938323}, 192.7806746099959)
[2025-01-06 11:33:27,141][flwr][INFO] - configure_evaluate: strategy sampled 2 clients (out of 50)
[2025-01-06 11:33:27,468][flwr][INFO] - aggregate_evaluate: received 2 results and 0 failures
[2025-01-06 11:33:27,468][flwr][INFO] - 
[2025-01-06 11:33:27,468][flwr][INFO] - [ROUND 27]
[2025-01-06 11:33:27,468][flwr][INFO] - configure_fit: strategy sampled 2 clients (out of 50)
[2025-01-06 11:33:29,187][flwr][INFO] - aggregate_fit: received 2 results and 0 failures
[2025-01-06 11:33:34,775][flwr][INFO] - fit progress: (27, 164.52636814117432, {'accuracy': 0.5074539608301666}, 200.4148178899777)
[2025-01-06 11:33:34,776][flwr][INFO] - configure_evaluate: strategy sampled 2 clients (out of 50)
[2025-01-06 11:33:35,274][flwr][INFO] - aggregate_evaluate: received 2 results and 0 failures
[2025-01-06 11:33:35,274][flwr][INFO] - 
[2025-01-06 11:33:35,274][flwr][INFO] - [ROUND 28]
[2025-01-06 11:33:35,274][flwr][INFO] - configure_fit: strategy sampled 2 clients (out of 50)
[2025-01-06 11:33:36,911][flwr][INFO] - aggregate_fit: received 2 results and 0 failures
[2025-01-06 11:33:43,276][flwr][INFO] - fit progress: (28, 451.2882070541382, {'accuracy': 0.26074247296112246}, 208.9153972879867)
[2025-01-06 11:33:43,276][flwr][INFO] - configure_evaluate: strategy sampled 2 clients (out of 50)
[2025-01-06 11:33:43,620][flwr][INFO] - aggregate_evaluate: received 2 results and 0 failures
[2025-01-06 11:33:43,620][flwr][INFO] - 
[2025-01-06 11:33:43,620][flwr][INFO] - [ROUND 29]
[2025-01-06 11:33:43,620][flwr][INFO] - configure_fit: strategy sampled 2 clients (out of 50)
[2025-01-06 11:33:45,044][flwr][INFO] - aggregate_fit: received 2 results and 0 failures
[2025-01-06 11:33:50,786][flwr][INFO] - fit progress: (29, 533.5329523086548, {'accuracy': 0.233849751534639}, 216.42603454197524)
[2025-01-06 11:33:50,787][flwr][INFO] - configure_evaluate: strategy sampled 2 clients (out of 50)
[2025-01-06 11:33:51,197][flwr][INFO] - aggregate_evaluate: received 2 results and 0 failures
[2025-01-06 11:33:51,197][flwr][INFO] - 
[2025-01-06 11:33:51,197][flwr][INFO] - [ROUND 30]
[2025-01-06 11:33:51,197][flwr][INFO] - configure_fit: strategy sampled 2 clients (out of 50)
[2025-01-06 11:33:53,027][flwr][INFO] - aggregate_fit: received 2 results and 0 failures
[2025-01-06 11:33:57,891][flwr][INFO] - fit progress: (30, 182.22899627685547, {'accuracy': 0.43028354282373577}, 223.5310826409841)
[2025-01-06 11:33:57,892][flwr][INFO] - configure_evaluate: strategy sampled 2 clients (out of 50)
[2025-01-06 11:33:58,210][flwr][INFO] - aggregate_evaluate: received 2 results and 0 failures
[2025-01-06 11:33:58,210][flwr][INFO] - 
[2025-01-06 11:33:58,210][flwr][INFO] - [ROUND 31]
[2025-01-06 11:33:58,210][flwr][INFO] - configure_fit: strategy sampled 2 clients (out of 50)
[2025-01-06 11:34:00,043][flwr][INFO] - aggregate_fit: received 2 results and 0 failures
[2025-01-06 11:34:04,777][flwr][INFO] - fit progress: (31, 715.1935348510742, {'accuracy': 0.19789535223618826}, 230.41707129997667)
[2025-01-06 11:34:04,778][flwr][INFO] - configure_evaluate: strategy sampled 2 clients (out of 50)
[2025-01-06 11:34:05,269][flwr][INFO] - aggregate_evaluate: received 2 results and 0 failures
[2025-01-06 11:34:05,269][flwr][INFO] - 
[2025-01-06 11:34:05,269][flwr][INFO] - [ROUND 32]
[2025-01-06 11:34:05,269][flwr][INFO] - configure_fit: strategy sampled 2 clients (out of 50)
[2025-01-06 11:34:06,944][flwr][INFO] - aggregate_fit: received 2 results and 0 failures
[2025-01-06 11:34:11,717][flwr][INFO] - fit progress: (32, 717.1561303138733, {'accuracy': 0.10552470038000585}, 237.35705092397984)
[2025-01-06 11:34:11,718][flwr][INFO] - configure_evaluate: strategy sampled 2 clients (out of 50)
[2025-01-06 11:34:12,025][flwr][INFO] - aggregate_evaluate: received 2 results and 0 failures
[2025-01-06 11:34:12,025][flwr][INFO] - 
[2025-01-06 11:34:12,025][flwr][INFO] - [ROUND 33]
[2025-01-06 11:34:12,025][flwr][INFO] - configure_fit: strategy sampled 2 clients (out of 50)
[2025-01-06 11:34:13,572][flwr][INFO] - aggregate_fit: received 2 results and 0 failures
[2025-01-06 11:34:18,851][flwr][INFO] - fit progress: (33, 517.1608393192291, {'accuracy': 0.2379421221864952}, 244.4907694410067)
[2025-01-06 11:34:18,852][flwr][INFO] - configure_evaluate: strategy sampled 2 clients (out of 50)
[2025-01-06 11:34:19,191][flwr][INFO] - aggregate_evaluate: received 2 results and 0 failures
[2025-01-06 11:34:19,191][flwr][INFO] - 
[2025-01-06 11:34:19,192][flwr][INFO] - [ROUND 34]
[2025-01-06 11:34:19,192][flwr][INFO] - configure_fit: strategy sampled 2 clients (out of 50)
[2025-01-06 11:34:20,297][flwr][INFO] - aggregate_fit: received 2 results and 0 failures
[2025-01-06 11:34:25,144][flwr][INFO] - fit progress: (34, 395.43740940093994, {'accuracy': 0.2952353113124817}, 250.78336166299414)
[2025-01-06 11:34:25,144][flwr][INFO] - configure_evaluate: strategy sampled 2 clients (out of 50)
[2025-01-06 11:34:25,614][flwr][INFO] - aggregate_evaluate: received 2 results and 0 failures
[2025-01-06 11:34:25,614][flwr][INFO] - 
[2025-01-06 11:34:25,614][flwr][INFO] - [ROUND 35]
[2025-01-06 11:34:25,614][flwr][INFO] - configure_fit: strategy sampled 2 clients (out of 50)
[2025-01-06 11:34:26,882][flwr][INFO] - aggregate_fit: received 2 results and 0 failures
[2025-01-06 11:34:32,954][flwr][INFO] - fit progress: (35, 318.1430906057358, {'accuracy': 0.35691318327974275}, 258.5934191389824)
[2025-01-06 11:34:32,954][flwr][INFO] - configure_evaluate: strategy sampled 2 clients (out of 50)
[2025-01-06 11:34:33,315][flwr][INFO] - aggregate_evaluate: received 2 results and 0 failures
[2025-01-06 11:34:33,315][flwr][INFO] - 
[2025-01-06 11:34:33,315][flwr][INFO] - [ROUND 36]
[2025-01-06 11:34:33,315][flwr][INFO] - configure_fit: strategy sampled 2 clients (out of 50)
[2025-01-06 11:34:35,619][flwr][INFO] - aggregate_fit: received 2 results and 0 failures
[2025-01-06 11:34:41,314][flwr][INFO] - fit progress: (36, 306.6008758544922, {'accuracy': 0.4887459807073955}, 266.9533908399753)
[2025-01-06 11:34:41,314][flwr][INFO] - configure_evaluate: strategy sampled 2 clients (out of 50)
[2025-01-06 11:34:41,800][flwr][INFO] - aggregate_evaluate: received 2 results and 0 failures
[2025-01-06 11:34:41,800][flwr][INFO] - 
[2025-01-06 11:34:41,800][flwr][INFO] - [ROUND 37]
[2025-01-06 11:34:41,800][flwr][INFO] - configure_fit: strategy sampled 2 clients (out of 50)
[2025-01-06 11:34:43,185][flwr][INFO] - aggregate_fit: received 2 results and 0 failures
[2025-01-06 11:34:47,961][flwr][INFO] - fit progress: (37, 355.9393858909607, {'accuracy': 0.2765273311897106}, 273.60067313100444)
[2025-01-06 11:34:47,962][flwr][INFO] - configure_evaluate: strategy sampled 2 clients (out of 50)
[2025-01-06 11:34:48,312][flwr][INFO] - aggregate_evaluate: received 2 results and 0 failures
[2025-01-06 11:34:48,312][flwr][INFO] - 
[2025-01-06 11:34:48,312][flwr][INFO] - [ROUND 38]
[2025-01-06 11:34:48,312][flwr][INFO] - configure_fit: strategy sampled 2 clients (out of 50)
[2025-01-06 11:34:49,791][flwr][INFO] - aggregate_fit: received 2 results and 0 failures
[2025-01-06 11:34:54,695][flwr][INFO] - fit progress: (38, 404.07252287864685, {'accuracy': 0.21718795673779598}, 280.3343663070118)
[2025-01-06 11:34:54,695][flwr][INFO] - configure_evaluate: strategy sampled 2 clients (out of 50)
[2025-01-06 11:34:55,045][flwr][INFO] - aggregate_evaluate: received 2 results and 0 failures
[2025-01-06 11:34:55,045][flwr][INFO] - 
[2025-01-06 11:34:55,045][flwr][INFO] - [ROUND 39]
[2025-01-06 11:34:55,045][flwr][INFO] - configure_fit: strategy sampled 2 clients (out of 50)
[2025-01-06 11:34:56,847][flwr][INFO] - aggregate_fit: received 2 results and 0 failures
[2025-01-06 11:35:02,583][flwr][INFO] - fit progress: (39, 732.1053104400635, {'accuracy': 0.16807950891552179}, 288.2222107669804)
[2025-01-06 11:35:02,583][flwr][INFO] - configure_evaluate: strategy sampled 2 clients (out of 50)
[2025-01-06 11:35:02,978][flwr][INFO] - aggregate_evaluate: received 2 results and 0 failures
[2025-01-06 11:35:02,978][flwr][INFO] - 
[2025-01-06 11:35:02,978][flwr][INFO] - [ROUND 40]
[2025-01-06 11:35:02,978][flwr][INFO] - configure_fit: strategy sampled 2 clients (out of 50)
[2025-01-06 11:35:04,422][flwr][INFO] - aggregate_fit: received 2 results and 0 failures
[2025-01-06 11:35:09,222][flwr][INFO] - fit progress: (40, 573.8780672550201, {'accuracy': 0.27155802396959955}, 294.8619142830139)
[2025-01-06 11:35:09,222][flwr][INFO] - configure_evaluate: strategy sampled 2 clients (out of 50)
[2025-01-06 11:35:09,561][flwr][INFO] - aggregate_evaluate: received 2 results and 0 failures
[2025-01-06 11:35:09,561][flwr][INFO] - 
[2025-01-06 11:35:09,561][flwr][INFO] - [ROUND 41]
[2025-01-06 11:35:09,561][flwr][INFO] - configure_fit: strategy sampled 2 clients (out of 50)
[2025-01-06 11:35:10,983][flwr][INFO] - aggregate_fit: received 2 results and 0 failures
[2025-01-06 11:35:15,775][flwr][INFO] - fit progress: (41, 737.9880356788635, {'accuracy': 0.17304881613563286}, 301.4145363770076)
[2025-01-06 11:35:15,776][flwr][INFO] - configure_evaluate: strategy sampled 2 clients (out of 50)
[2025-01-06 11:35:16,246][flwr][INFO] - aggregate_evaluate: received 2 results and 0 failures
[2025-01-06 11:35:16,246][flwr][INFO] - 
[2025-01-06 11:35:16,246][flwr][INFO] - [ROUND 42]
[2025-01-06 11:35:16,246][flwr][INFO] - configure_fit: strategy sampled 2 clients (out of 50)
[2025-01-06 11:35:17,873][flwr][INFO] - aggregate_fit: received 2 results and 0 failures
[2025-01-06 11:35:23,610][flwr][INFO] - fit progress: (42, 324.8599200248718, {'accuracy': 0.3045893013738673}, 309.2498695870163)
[2025-01-06 11:35:23,611][flwr][INFO] - configure_evaluate: strategy sampled 2 clients (out of 50)
[2025-01-06 11:35:23,974][flwr][INFO] - aggregate_evaluate: received 2 results and 0 failures
[2025-01-06 11:35:23,975][flwr][INFO] - 
[2025-01-06 11:35:23,975][flwr][INFO] - [ROUND 43]
[2025-01-06 11:35:23,975][flwr][INFO] - configure_fit: strategy sampled 2 clients (out of 50)
[2025-01-06 11:35:25,834][flwr][INFO] - aggregate_fit: received 2 results and 0 failures
[2025-01-06 11:35:30,626][flwr][INFO] - fit progress: (43, 363.6876324415207, {'accuracy': 0.49400760011692485}, 316.2657619420206)
[2025-01-06 11:35:30,627][flwr][INFO] - configure_evaluate: strategy sampled 2 clients (out of 50)
[2025-01-06 11:35:31,139][flwr][INFO] - aggregate_evaluate: received 2 results and 0 failures
[2025-01-06 11:35:31,139][flwr][INFO] - 
[2025-01-06 11:35:31,139][flwr][INFO] - [ROUND 44]
[2025-01-06 11:35:31,140][flwr][INFO] - configure_fit: strategy sampled 2 clients (out of 50)
[2025-01-06 11:35:33,260][flwr][INFO] - aggregate_fit: received 2 results and 0 failures
[2025-01-06 11:35:38,886][flwr][INFO] - fit progress: (44, 305.584832906723, {'accuracy': 0.4022215726395791}, 324.52619840897387)
[2025-01-06 11:35:38,887][flwr][INFO] - configure_evaluate: strategy sampled 2 clients (out of 50)
[2025-01-06 11:35:39,388][flwr][INFO] - aggregate_evaluate: received 2 results and 0 failures
[2025-01-06 11:35:39,388][flwr][INFO] - 
[2025-01-06 11:35:39,388][flwr][INFO] - [ROUND 45]
[2025-01-06 11:35:39,388][flwr][INFO] - configure_fit: strategy sampled 2 clients (out of 50)
[2025-01-06 11:35:40,994][flwr][INFO] - aggregate_fit: received 2 results and 0 failures
[2025-01-06 11:35:45,706][flwr][INFO] - fit progress: (45, 1088.953152179718, {'accuracy': 0.17041800643086816}, 331.34595696098404)
[2025-01-06 11:35:45,707][flwr][INFO] - configure_evaluate: strategy sampled 2 clients (out of 50)
[2025-01-06 11:35:46,051][flwr][INFO] - aggregate_evaluate: received 2 results and 0 failures
[2025-01-06 11:35:46,051][flwr][INFO] - 
[2025-01-06 11:35:46,051][flwr][INFO] - [ROUND 46]
[2025-01-06 11:35:46,052][flwr][INFO] - configure_fit: strategy sampled 2 clients (out of 50)
[2025-01-06 11:35:47,577][flwr][INFO] - aggregate_fit: received 2 results and 0 failures
[2025-01-06 11:35:52,346][flwr][INFO] - fit progress: (46, 390.6280789375305, {'accuracy': 0.3016661794796843}, 337.9853068490047)
[2025-01-06 11:35:52,346][flwr][INFO] - configure_evaluate: strategy sampled 2 clients (out of 50)
[2025-01-06 11:35:52,707][flwr][INFO] - aggregate_evaluate: received 2 results and 0 failures
[2025-01-06 11:35:52,708][flwr][INFO] - 
[2025-01-06 11:35:52,708][flwr][INFO] - [ROUND 47]
[2025-01-06 11:35:52,708][flwr][INFO] - configure_fit: strategy sampled 2 clients (out of 50)
[2025-01-06 11:35:54,760][flwr][INFO] - aggregate_fit: received 2 results and 0 failures
[2025-01-06 11:35:59,513][flwr][INFO] - fit progress: (47, 1418.8934841156006, {'accuracy': 0.1841566793335282}, 345.1522067449987)
[2025-01-06 11:35:59,513][flwr][INFO] - configure_evaluate: strategy sampled 2 clients (out of 50)
[2025-01-06 11:35:59,849][flwr][INFO] - aggregate_evaluate: received 2 results and 0 failures
[2025-01-06 11:35:59,849][flwr][INFO] - 
[2025-01-06 11:35:59,849][flwr][INFO] - [ROUND 48]
[2025-01-06 11:35:59,849][flwr][INFO] - configure_fit: strategy sampled 2 clients (out of 50)
[2025-01-06 11:36:01,612][flwr][INFO] - aggregate_fit: received 2 results and 0 failures
[2025-01-06 11:36:07,018][flwr][INFO] - fit progress: (48, 294.05435812473297, {'accuracy': 0.3244665302543116}, 352.6581289009773)
[2025-01-06 11:36:07,019][flwr][INFO] - configure_evaluate: strategy sampled 2 clients (out of 50)
[2025-01-06 11:36:07,349][flwr][INFO] - aggregate_evaluate: received 2 results and 0 failures
[2025-01-06 11:36:07,350][flwr][INFO] - 
[2025-01-06 11:36:07,350][flwr][INFO] - [ROUND 49]
[2025-01-06 11:36:07,350][flwr][INFO] - configure_fit: strategy sampled 2 clients (out of 50)
[2025-01-06 11:36:08,392][flwr][INFO] - aggregate_fit: received 2 results and 0 failures
[2025-01-06 11:36:13,092][flwr][INFO] - fit progress: (49, 448.11238646507263, {'accuracy': 0.2765273311897106}, 358.7321120129782)
[2025-01-06 11:36:13,093][flwr][INFO] - configure_evaluate: strategy sampled 2 clients (out of 50)
[2025-01-06 11:36:13,418][flwr][INFO] - aggregate_evaluate: received 2 results and 0 failures
[2025-01-06 11:36:13,418][flwr][INFO] - 
[2025-01-06 11:36:13,418][flwr][INFO] - [ROUND 50]
[2025-01-06 11:36:13,418][flwr][INFO] - configure_fit: strategy sampled 2 clients (out of 50)
[2025-01-06 11:36:14,718][flwr][INFO] - aggregate_fit: received 2 results and 0 failures
[2025-01-06 11:36:19,544][flwr][INFO] - fit progress: (50, 563.8598394393921, {'accuracy': 0.29318912598655367}, 365.18325518997153)
[2025-01-06 11:36:19,544][flwr][INFO] - configure_evaluate: strategy sampled 2 clients (out of 50)
[2025-01-06 11:36:19,906][flwr][INFO] - aggregate_evaluate: received 2 results and 0 failures
[2025-01-06 11:36:19,906][flwr][INFO] - 
[2025-01-06 11:36:19,907][flwr][INFO] - [ROUND 51]
[2025-01-06 11:36:19,907][flwr][INFO] - configure_fit: strategy sampled 2 clients (out of 50)
[2025-01-06 11:36:22,072][flwr][INFO] - aggregate_fit: received 2 results and 0 failures
[2025-01-06 11:36:26,828][flwr][INFO] - fit progress: (51, 368.5976052284241, {'accuracy': 0.2578193510669395}, 372.46781135798665)
[2025-01-06 11:36:26,828][flwr][INFO] - configure_evaluate: strategy sampled 2 clients (out of 50)
[2025-01-06 11:36:27,168][flwr][INFO] - aggregate_evaluate: received 2 results and 0 failures
[2025-01-06 11:36:27,168][flwr][INFO] - 
[2025-01-06 11:36:27,168][flwr][INFO] - [ROUND 52]
[2025-01-06 11:36:27,168][flwr][INFO] - configure_fit: strategy sampled 2 clients (out of 50)
[2025-01-06 11:36:28,944][flwr][INFO] - aggregate_fit: received 2 results and 0 failures
[2025-01-06 11:36:33,773][flwr][INFO] - fit progress: (52, 822.74254322052, {'accuracy': 0.2861736334405145}, 379.4125946990098)
[2025-01-06 11:36:33,773][flwr][INFO] - configure_evaluate: strategy sampled 2 clients (out of 50)
[2025-01-06 11:36:34,122][flwr][INFO] - aggregate_evaluate: received 2 results and 0 failures
[2025-01-06 11:36:34,123][flwr][INFO] - 
[2025-01-06 11:36:34,123][flwr][INFO] - [ROUND 53]
[2025-01-06 11:36:34,123][flwr][INFO] - configure_fit: strategy sampled 2 clients (out of 50)
[2025-01-06 11:36:36,111][flwr][INFO] - aggregate_fit: received 2 results and 0 failures
[2025-01-06 11:36:41,064][flwr][INFO] - fit progress: (53, 406.83902311325073, {'accuracy': 0.3066354866997954}, 386.7039920159732)
[2025-01-06 11:36:41,065][flwr][INFO] - configure_evaluate: strategy sampled 2 clients (out of 50)
[2025-01-06 11:36:41,488][flwr][INFO] - aggregate_evaluate: received 2 results and 0 failures
[2025-01-06 11:36:41,488][flwr][INFO] - 
[2025-01-06 11:36:41,488][flwr][INFO] - [ROUND 54]
[2025-01-06 11:36:41,488][flwr][INFO] - configure_fit: strategy sampled 2 clients (out of 50)
[2025-01-06 11:36:42,967][flwr][INFO] - aggregate_fit: received 2 results and 0 failures
[2025-01-06 11:36:48,177][flwr][INFO] - fit progress: (54, 563.1620700359344, {'accuracy': 0.21455714703303128}, 393.816384300997)
[2025-01-06 11:36:48,177][flwr][INFO] - configure_evaluate: strategy sampled 2 clients (out of 50)
[2025-01-06 11:36:48,530][flwr][INFO] - aggregate_evaluate: received 2 results and 0 failures
[2025-01-06 11:36:48,530][flwr][INFO] - 
[2025-01-06 11:36:48,530][flwr][INFO] - [ROUND 55]
[2025-01-06 11:36:48,530][flwr][INFO] - configure_fit: strategy sampled 2 clients (out of 50)
[2025-01-06 11:36:50,527][flwr][INFO] - aggregate_fit: received 2 results and 0 failures
[2025-01-06 11:36:55,298][flwr][INFO] - fit progress: (55, 370.4890820980072, {'accuracy': 0.4644840689856767}, 400.93736505601555)
[2025-01-06 11:36:55,298][flwr][INFO] - configure_evaluate: strategy sampled 2 clients (out of 50)
[2025-01-06 11:36:55,937][flwr][INFO] - aggregate_evaluate: received 2 results and 0 failures
[2025-01-06 11:36:55,937][flwr][INFO] - 
[2025-01-06 11:36:55,938][flwr][INFO] - [ROUND 56]
[2025-01-06 11:36:55,938][flwr][INFO] - configure_fit: strategy sampled 2 clients (out of 50)
[2025-01-06 11:36:58,370][flwr][INFO] - aggregate_fit: received 2 results and 0 failures
[2025-01-06 11:37:03,129][flwr][INFO] - fit progress: (56, 309.659038066864, {'accuracy': 0.557731657410114}, 408.76888194301864)
[2025-01-06 11:37:03,129][flwr][INFO] - configure_evaluate: strategy sampled 2 clients (out of 50)
[2025-01-06 11:37:03,450][flwr][INFO] - aggregate_evaluate: received 2 results and 0 failures
[2025-01-06 11:37:03,450][flwr][INFO] - 
[2025-01-06 11:37:03,450][flwr][INFO] - [ROUND 57]
[2025-01-06 11:37:03,451][flwr][INFO] - configure_fit: strategy sampled 2 clients (out of 50)
[2025-01-06 11:37:05,039][flwr][INFO] - aggregate_fit: received 2 results and 0 failures
[2025-01-06 11:37:09,891][flwr][INFO] - fit progress: (57, 131.8841255903244, {'accuracy': 0.5922244957614733}, 415.531063759001)
[2025-01-06 11:37:09,892][flwr][INFO] - configure_evaluate: strategy sampled 2 clients (out of 50)
[2025-01-06 11:37:10,259][flwr][INFO] - aggregate_evaluate: received 2 results and 0 failures
[2025-01-06 11:37:10,259][flwr][INFO] - 
[2025-01-06 11:37:10,260][flwr][INFO] - [ROUND 58]
[2025-01-06 11:37:10,260][flwr][INFO] - configure_fit: strategy sampled 2 clients (out of 50)
[2025-01-06 11:37:11,649][flwr][INFO] - aggregate_fit: received 2 results and 0 failures
[2025-01-06 11:37:16,665][flwr][INFO] - fit progress: (58, 372.5349464416504, {'accuracy': 0.13212510961707102}, 422.30476928298594)
[2025-01-06 11:37:16,665][flwr][INFO] - configure_evaluate: strategy sampled 2 clients (out of 50)
[2025-01-06 11:37:17,155][flwr][INFO] - aggregate_evaluate: received 2 results and 0 failures
[2025-01-06 11:37:17,156][flwr][INFO] - 
[2025-01-06 11:37:17,156][flwr][INFO] - [ROUND 59]
[2025-01-06 11:37:17,156][flwr][INFO] - configure_fit: strategy sampled 2 clients (out of 50)
[2025-01-06 11:37:18,965][flwr][INFO] - aggregate_fit: received 2 results and 0 failures
[2025-01-06 11:37:23,745][flwr][INFO] - fit progress: (59, 395.1927020549774, {'accuracy': 0.36568254896229174}, 429.3850249039824)
[2025-01-06 11:37:23,746][flwr][INFO] - configure_evaluate: strategy sampled 2 clients (out of 50)
[2025-01-06 11:37:24,112][flwr][INFO] - aggregate_evaluate: received 2 results and 0 failures
[2025-01-06 11:37:24,112][flwr][INFO] - 
[2025-01-06 11:37:24,112][flwr][INFO] - [ROUND 60]
[2025-01-06 11:37:24,112][flwr][INFO] - configure_fit: strategy sampled 2 clients (out of 50)
[2025-01-06 11:37:25,730][flwr][INFO] - aggregate_fit: received 2 results and 0 failures
[2025-01-06 11:37:30,531][flwr][INFO] - fit progress: (60, 570.2520802021027, {'accuracy': 0.22361882490499854}, 436.1712075700052)
[2025-01-06 11:37:30,532][flwr][INFO] - configure_evaluate: strategy sampled 2 clients (out of 50)
[2025-01-06 11:37:30,924][flwr][INFO] - aggregate_evaluate: received 2 results and 0 failures
[2025-01-06 11:37:30,925][flwr][INFO] - 
[2025-01-06 11:37:30,925][flwr][INFO] - [ROUND 61]
[2025-01-06 11:37:30,925][flwr][INFO] - configure_fit: strategy sampled 2 clients (out of 50)
[2025-01-06 11:37:32,881][flwr][INFO] - aggregate_fit: received 2 results and 0 failures
[2025-01-06 11:37:37,673][flwr][INFO] - fit progress: (61, 197.16391080617905, {'accuracy': 0.57731657410114}, 443.31229952396825)
[2025-01-06 11:37:37,673][flwr][INFO] - configure_evaluate: strategy sampled 2 clients (out of 50)
[2025-01-06 11:37:38,166][flwr][INFO] - aggregate_evaluate: received 2 results and 0 failures
[2025-01-06 11:37:38,167][flwr][INFO] - 
[2025-01-06 11:37:38,167][flwr][INFO] - [ROUND 62]
[2025-01-06 11:37:38,167][flwr][INFO] - configure_fit: strategy sampled 2 clients (out of 50)
[2025-01-06 11:37:39,417][flwr][INFO] - aggregate_fit: received 2 results and 0 failures
[2025-01-06 11:37:44,215][flwr][INFO] - fit progress: (62, 472.53273272514343, {'accuracy': 0.329728149663841}, 449.8542928060051)
[2025-01-06 11:37:44,215][flwr][INFO] - configure_evaluate: strategy sampled 2 clients (out of 50)
[2025-01-06 11:37:44,558][flwr][INFO] - aggregate_evaluate: received 2 results and 0 failures
[2025-01-06 11:37:44,558][flwr][INFO] - 
[2025-01-06 11:37:44,558][flwr][INFO] - [ROUND 63]
[2025-01-06 11:37:44,558][flwr][INFO] - configure_fit: strategy sampled 2 clients (out of 50)
[2025-01-06 11:37:45,822][flwr][INFO] - aggregate_fit: received 2 results and 0 failures
[2025-01-06 11:37:50,578][flwr][INFO] - fit progress: (63, 289.1050902605057, {'accuracy': 0.3992984507453961}, 456.21763594599906)
[2025-01-06 11:37:50,578][flwr][INFO] - configure_evaluate: strategy sampled 2 clients (out of 50)
[2025-01-06 11:37:50,895][flwr][INFO] - aggregate_evaluate: received 2 results and 0 failures
[2025-01-06 11:37:50,895][flwr][INFO] - 
[2025-01-06 11:37:50,896][flwr][INFO] - [ROUND 64]
[2025-01-06 11:37:50,896][flwr][INFO] - configure_fit: strategy sampled 2 clients (out of 50)
[2025-01-06 11:37:52,798][flwr][INFO] - aggregate_fit: received 2 results and 0 failures
[2025-01-06 11:37:57,693][flwr][INFO] - fit progress: (64, 232.81405222415924, {'accuracy': 0.4948845366851798}, 463.33280354802264)
[2025-01-06 11:37:57,693][flwr][INFO] - configure_evaluate: strategy sampled 2 clients (out of 50)
[2025-01-06 11:37:58,022][flwr][INFO] - aggregate_evaluate: received 2 results and 0 failures
[2025-01-06 11:37:58,023][flwr][INFO] - 
[2025-01-06 11:37:58,023][flwr][INFO] - [ROUND 65]
[2025-01-06 11:37:58,023][flwr][INFO] - configure_fit: strategy sampled 2 clients (out of 50)
[2025-01-06 11:37:59,575][flwr][INFO] - aggregate_fit: received 2 results and 0 failures
[2025-01-06 11:38:04,368][flwr][INFO] - fit progress: (65, 168.0922593474388, {'accuracy': 0.6065477930429699}, 470.00812768097967)
[2025-01-06 11:38:04,369][flwr][INFO] - configure_evaluate: strategy sampled 2 clients (out of 50)
[2025-01-06 11:38:04,807][flwr][INFO] - aggregate_evaluate: received 2 results and 0 failures
[2025-01-06 11:38:04,808][flwr][INFO] - 
[2025-01-06 11:38:04,808][flwr][INFO] - [ROUND 66]
[2025-01-06 11:38:04,808][flwr][INFO] - configure_fit: strategy sampled 2 clients (out of 50)
[2025-01-06 11:38:06,393][flwr][INFO] - aggregate_fit: received 2 results and 0 failures
[2025-01-06 11:38:11,391][flwr][INFO] - fit progress: (66, 380.7202229499817, {'accuracy': 0.38760596316866414}, 477.03113250399474)
[2025-01-06 11:38:11,392][flwr][INFO] - configure_evaluate: strategy sampled 2 clients (out of 50)
[2025-01-06 11:38:11,732][flwr][INFO] - aggregate_evaluate: received 2 results and 0 failures
[2025-01-06 11:38:11,732][flwr][INFO] - 
[2025-01-06 11:38:11,732][flwr][INFO] - [ROUND 67]
[2025-01-06 11:38:11,733][flwr][INFO] - configure_fit: strategy sampled 2 clients (out of 50)
[2025-01-06 11:38:13,202][flwr][INFO] - aggregate_fit: received 2 results and 0 failures
[2025-01-06 11:38:17,979][flwr][INFO] - fit progress: (67, 204.390307366848, {'accuracy': 0.5475007307804736}, 483.6186002789764)
[2025-01-06 11:38:17,979][flwr][INFO] - configure_evaluate: strategy sampled 2 clients (out of 50)
[2025-01-06 11:38:18,326][flwr][INFO] - aggregate_evaluate: received 2 results and 0 failures
[2025-01-06 11:38:18,326][flwr][INFO] - 
[2025-01-06 11:38:18,326][flwr][INFO] - [ROUND 68]
[2025-01-06 11:38:18,326][flwr][INFO] - configure_fit: strategy sampled 2 clients (out of 50)
[2025-01-06 11:38:19,786][flwr][INFO] - aggregate_fit: received 2 results and 0 failures
[2025-01-06 11:38:24,584][flwr][INFO] - fit progress: (68, 841.7661552429199, {'accuracy': 0.23911137094416837}, 490.22421394102275)
[2025-01-06 11:38:24,585][flwr][INFO] - configure_evaluate: strategy sampled 2 clients (out of 50)
[2025-01-06 11:38:25,073][flwr][INFO] - aggregate_evaluate: received 2 results and 0 failures
[2025-01-06 11:38:25,073][flwr][INFO] - 
[2025-01-06 11:38:25,073][flwr][INFO] - [ROUND 69]
[2025-01-06 11:38:25,073][flwr][INFO] - configure_fit: strategy sampled 2 clients (out of 50)
[2025-01-06 11:38:26,841][flwr][INFO] - aggregate_fit: received 2 results and 0 failures
[2025-01-06 11:38:31,841][flwr][INFO] - fit progress: (69, 1160.138934135437, {'accuracy': 0.185910552470038}, 497.4803975679679)
[2025-01-06 11:38:31,841][flwr][INFO] - configure_evaluate: strategy sampled 2 clients (out of 50)
[2025-01-06 11:38:32,225][flwr][INFO] - aggregate_evaluate: received 2 results and 0 failures
[2025-01-06 11:38:32,225][flwr][INFO] - 
[2025-01-06 11:38:32,225][flwr][INFO] - [ROUND 70]
[2025-01-06 11:38:32,225][flwr][INFO] - configure_fit: strategy sampled 2 clients (out of 50)
[2025-01-06 11:38:33,540][flwr][INFO] - aggregate_fit: received 2 results and 0 failures
[2025-01-06 11:38:38,330][flwr][INFO] - fit progress: (70, 399.3633406162262, {'accuracy': 0.35808243203741597}, 503.96994853997603)
[2025-01-06 11:38:38,331][flwr][INFO] - configure_evaluate: strategy sampled 2 clients (out of 50)
[2025-01-06 11:38:38,634][flwr][INFO] - aggregate_evaluate: received 2 results and 0 failures
[2025-01-06 11:38:38,634][flwr][INFO] - 
[2025-01-06 11:38:38,634][flwr][INFO] - [ROUND 71]
[2025-01-06 11:38:38,634][flwr][INFO] - configure_fit: strategy sampled 2 clients (out of 50)
[2025-01-06 11:38:40,460][flwr][INFO] - aggregate_fit: received 2 results and 0 failures
[2025-01-06 11:38:45,272][flwr][INFO] - fit progress: (71, 657.9409291744232, {'accuracy': 0.2952353113124817}, 510.9120234239963)
[2025-01-06 11:38:45,273][flwr][INFO] - configure_evaluate: strategy sampled 2 clients (out of 50)
[2025-01-06 11:38:45,679][flwr][INFO] - aggregate_evaluate: received 2 results and 0 failures
[2025-01-06 11:38:45,679][flwr][INFO] - 
[2025-01-06 11:38:45,679][flwr][INFO] - [ROUND 72]
[2025-01-06 11:38:45,679][flwr][INFO] - configure_fit: strategy sampled 2 clients (out of 50)
[2025-01-06 11:38:47,389][flwr][INFO] - aggregate_fit: received 2 results and 0 failures
[2025-01-06 11:38:52,169][flwr][INFO] - fit progress: (72, 1329.0075211524963, {'accuracy': 0.3458053200818474}, 517.8084830460139)
[2025-01-06 11:38:52,169][flwr][INFO] - configure_evaluate: strategy sampled 2 clients (out of 50)
[2025-01-06 11:38:52,591][flwr][INFO] - aggregate_evaluate: received 2 results and 0 failures
[2025-01-06 11:38:52,591][flwr][INFO] - 
[2025-01-06 11:38:52,591][flwr][INFO] - [ROUND 73]
[2025-01-06 11:38:52,591][flwr][INFO] - configure_fit: strategy sampled 2 clients (out of 50)
[2025-01-06 11:38:53,893][flwr][INFO] - aggregate_fit: received 2 results and 0 failures
[2025-01-06 11:38:58,741][flwr][INFO] - fit progress: (73, 896.6933798789978, {'accuracy': 0.21660333235895937}, 524.3808399289846)
[2025-01-06 11:38:58,742][flwr][INFO] - configure_evaluate: strategy sampled 2 clients (out of 50)
[2025-01-06 11:38:59,056][flwr][INFO] - aggregate_evaluate: received 2 results and 0 failures
[2025-01-06 11:38:59,056][flwr][INFO] - 
[2025-01-06 11:38:59,057][flwr][INFO] - [ROUND 74]
[2025-01-06 11:38:59,057][flwr][INFO] - configure_fit: strategy sampled 2 clients (out of 50)
[2025-01-06 11:39:01,023][flwr][INFO] - aggregate_fit: received 2 results and 0 failures
[2025-01-06 11:39:05,865][flwr][INFO] - fit progress: (74, 1086.345980167389, {'accuracy': 0.12043262204033908}, 531.5044181629783)
[2025-01-06 11:39:05,865][flwr][INFO] - configure_evaluate: strategy sampled 2 clients (out of 50)
[2025-01-06 11:39:06,204][flwr][INFO] - aggregate_evaluate: received 2 results and 0 failures
[2025-01-06 11:39:06,204][flwr][INFO] - 
[2025-01-06 11:39:06,204][flwr][INFO] - [ROUND 75]
[2025-01-06 11:39:06,204][flwr][INFO] - configure_fit: strategy sampled 2 clients (out of 50)
[2025-01-06 11:39:08,304][flwr][INFO] - aggregate_fit: received 2 results and 0 failures
[2025-01-06 11:39:13,051][flwr][INFO] - fit progress: (75, 692.3861813545227, {'accuracy': 0.12803273896521486}, 538.6905701200012)
[2025-01-06 11:39:13,051][flwr][INFO] - configure_evaluate: strategy sampled 2 clients (out of 50)
[2025-01-06 11:39:13,344][flwr][INFO] - aggregate_evaluate: received 2 results and 0 failures
[2025-01-06 11:39:13,345][flwr][INFO] - 
[2025-01-06 11:39:13,345][flwr][INFO] - [ROUND 76]
[2025-01-06 11:39:13,345][flwr][INFO] - configure_fit: strategy sampled 2 clients (out of 50)
[2025-01-06 11:39:14,690][flwr][INFO] - aggregate_fit: received 2 results and 0 failures
[2025-01-06 11:39:19,561][flwr][INFO] - fit progress: (76, 877.0696482658386, {'accuracy': 0.17509500146156096}, 545.200892288005)
[2025-01-06 11:39:19,561][flwr][INFO] - configure_evaluate: strategy sampled 2 clients (out of 50)
[2025-01-06 11:39:19,941][flwr][INFO] - aggregate_evaluate: received 2 results and 0 failures
[2025-01-06 11:39:19,941][flwr][INFO] - 
[2025-01-06 11:39:19,941][flwr][INFO] - [ROUND 77]
[2025-01-06 11:39:19,941][flwr][INFO] - configure_fit: strategy sampled 2 clients (out of 50)
[2025-01-06 11:39:21,159][flwr][INFO] - aggregate_fit: received 2 results and 0 failures
[2025-01-06 11:39:25,973][flwr][INFO] - fit progress: (77, 1164.8395948410034, {'accuracy': 0.19175679625840397}, 551.6127613949939)
[2025-01-06 11:39:25,973][flwr][INFO] - configure_evaluate: strategy sampled 2 clients (out of 50)
[2025-01-06 11:39:26,307][flwr][INFO] - aggregate_evaluate: received 2 results and 0 failures
[2025-01-06 11:39:26,307][flwr][INFO] - 
[2025-01-06 11:39:26,307][flwr][INFO] - [ROUND 78]
[2025-01-06 11:39:26,308][flwr][INFO] - configure_fit: strategy sampled 2 clients (out of 50)
[2025-01-06 11:39:27,688][flwr][INFO] - aggregate_fit: received 2 results and 0 failures
[2025-01-06 11:39:32,492][flwr][INFO] - fit progress: (78, 367.67125248908997, {'accuracy': 0.3700672318035662}, 558.1318267019815)
[2025-01-06 11:39:32,492][flwr][INFO] - configure_evaluate: strategy sampled 2 clients (out of 50)
[2025-01-06 11:39:32,807][flwr][INFO] - aggregate_evaluate: received 2 results and 0 failures
[2025-01-06 11:39:32,807][flwr][INFO] - 
[2025-01-06 11:39:32,807][flwr][INFO] - [ROUND 79]
[2025-01-06 11:39:32,807][flwr][INFO] - configure_fit: strategy sampled 2 clients (out of 50)
[2025-01-06 11:39:34,480][flwr][INFO] - aggregate_fit: received 2 results and 0 failures
[2025-01-06 11:39:39,254][flwr][INFO] - fit progress: (79, 1595.3450384140015, {'accuracy': 0.16924875767319497}, 564.8933210420073)
[2025-01-06 11:39:39,254][flwr][INFO] - configure_evaluate: strategy sampled 2 clients (out of 50)
[2025-01-06 11:39:39,716][flwr][INFO] - aggregate_evaluate: received 2 results and 0 failures
[2025-01-06 11:39:39,717][flwr][INFO] - 
[2025-01-06 11:39:39,717][flwr][INFO] - [ROUND 80]
[2025-01-06 11:39:39,717][flwr][INFO] - configure_fit: strategy sampled 2 clients (out of 50)
[2025-01-06 11:39:40,975][flwr][INFO] - aggregate_fit: received 2 results and 0 failures
[2025-01-06 11:39:45,972][flwr][INFO] - fit progress: (80, 593.0871469974518, {'accuracy': 0.33031277404267756}, 571.6117120470153)
[2025-01-06 11:39:45,973][flwr][INFO] - configure_evaluate: strategy sampled 2 clients (out of 50)
[2025-01-06 11:39:46,325][flwr][INFO] - aggregate_evaluate: received 2 results and 0 failures
[2025-01-06 11:39:46,325][flwr][INFO] - 
[2025-01-06 11:39:46,325][flwr][INFO] - [ROUND 81]
[2025-01-06 11:39:46,325][flwr][INFO] - configure_fit: strategy sampled 2 clients (out of 50)
[2025-01-06 11:39:47,955][flwr][INFO] - aggregate_fit: received 2 results and 0 failures
[2025-01-06 11:39:52,852][flwr][INFO] - fit progress: (81, 455.5433795452118, {'accuracy': 0.4361297866121017}, 578.4913892449695)
[2025-01-06 11:39:52,852][flwr][INFO] - configure_evaluate: strategy sampled 2 clients (out of 50)
[2025-01-06 11:39:53,190][flwr][INFO] - aggregate_evaluate: received 2 results and 0 failures
[2025-01-06 11:39:53,190][flwr][INFO] - 
[2025-01-06 11:39:53,190][flwr][INFO] - [ROUND 82]
[2025-01-06 11:39:53,190][flwr][INFO] - configure_fit: strategy sampled 2 clients (out of 50)
[2025-01-06 11:39:54,686][flwr][INFO] - aggregate_fit: received 2 results and 0 failures
[2025-01-06 11:39:59,556][flwr][INFO] - fit progress: (82, 616.7657561302185, {'accuracy': 0.24466530254311605}, 585.1957631459809)
[2025-01-06 11:39:59,556][flwr][INFO] - configure_evaluate: strategy sampled 2 clients (out of 50)
[2025-01-06 11:39:59,877][flwr][INFO] - aggregate_evaluate: received 2 results and 0 failures
[2025-01-06 11:39:59,878][flwr][INFO] - 
[2025-01-06 11:39:59,878][flwr][INFO] - [ROUND 83]
[2025-01-06 11:39:59,878][flwr][INFO] - configure_fit: strategy sampled 2 clients (out of 50)
[2025-01-06 11:40:01,785][flwr][INFO] - aggregate_fit: received 2 results and 0 failures
[2025-01-06 11:40:06,609][flwr][INFO] - fit progress: (83, 687.4485230445862, {'accuracy': 0.40572931891259867}, 592.248504023999)
[2025-01-06 11:40:06,609][flwr][INFO] - configure_evaluate: strategy sampled 2 clients (out of 50)
[2025-01-06 11:40:06,948][flwr][INFO] - aggregate_evaluate: received 2 results and 0 failures
[2025-01-06 11:40:06,948][flwr][INFO] - 
[2025-01-06 11:40:06,948][flwr][INFO] - [ROUND 84]
[2025-01-06 11:40:06,948][flwr][INFO] - configure_fit: strategy sampled 2 clients (out of 50)
[2025-01-06 11:40:08,053][flwr][INFO] - aggregate_fit: received 2 results and 0 failures
[2025-01-06 11:40:13,141][flwr][INFO] - fit progress: (84, 1231.3942584991455, {'accuracy': 0.27155802396959955}, 598.7805351209827)
[2025-01-06 11:40:13,141][flwr][INFO] - configure_evaluate: strategy sampled 2 clients (out of 50)
[2025-01-06 11:40:13,486][flwr][INFO] - aggregate_evaluate: received 2 results and 0 failures
[2025-01-06 11:40:13,487][flwr][INFO] - 
[2025-01-06 11:40:13,487][flwr][INFO] - [ROUND 85]
[2025-01-06 11:40:13,487][flwr][INFO] - configure_fit: strategy sampled 2 clients (out of 50)
[2025-01-06 11:40:14,733][flwr][INFO] - aggregate_fit: received 2 results and 0 failures
[2025-01-06 11:40:19,545][flwr][INFO] - fit progress: (85, 176.04613173007965, {'accuracy': 0.5086232095878398}, 605.1843036549981)
[2025-01-06 11:40:19,545][flwr][INFO] - configure_evaluate: strategy sampled 2 clients (out of 50)
[2025-01-06 11:40:19,854][flwr][INFO] - aggregate_evaluate: received 2 results and 0 failures
[2025-01-06 11:40:19,855][flwr][INFO] - 
[2025-01-06 11:40:19,855][flwr][INFO] - [ROUND 86]
[2025-01-06 11:40:19,855][flwr][INFO] - configure_fit: strategy sampled 2 clients (out of 50)
[2025-01-06 11:40:21,495][flwr][INFO] - aggregate_fit: received 2 results and 0 failures
[2025-01-06 11:40:26,262][flwr][INFO] - fit progress: (86, 280.40190756320953, {'accuracy': 0.4232680502776966}, 611.9018570159678)
[2025-01-06 11:40:26,263][flwr][INFO] - configure_evaluate: strategy sampled 2 clients (out of 50)
[2025-01-06 11:40:26,764][flwr][INFO] - aggregate_evaluate: received 2 results and 0 failures
[2025-01-06 11:40:26,765][flwr][INFO] - 
[2025-01-06 11:40:26,765][flwr][INFO] - [ROUND 87]
[2025-01-06 11:40:26,765][flwr][INFO] - configure_fit: strategy sampled 2 clients (out of 50)
[2025-01-06 11:40:28,791][flwr][INFO] - aggregate_fit: received 2 results and 0 failures
[2025-01-06 11:40:33,648][flwr][INFO] - fit progress: (87, 122.94195753335953, {'accuracy': 0.6047939199064601}, 619.2875532709877)
[2025-01-06 11:40:33,648][flwr][INFO] - configure_evaluate: strategy sampled 2 clients (out of 50)
[2025-01-06 11:40:33,947][flwr][INFO] - aggregate_evaluate: received 2 results and 0 failures
[2025-01-06 11:40:33,948][flwr][INFO] - 
[2025-01-06 11:40:33,948][flwr][INFO] - [ROUND 88]
[2025-01-06 11:40:33,948][flwr][INFO] - configure_fit: strategy sampled 2 clients (out of 50)
[2025-01-06 11:40:34,972][flwr][INFO] - aggregate_fit: received 2 results and 0 failures
[2025-01-06 11:40:39,796][flwr][INFO] - fit progress: (88, 317.9430159330368, {'accuracy': 0.5705933937445191}, 625.4358178030234)
[2025-01-06 11:40:39,796][flwr][INFO] - configure_evaluate: strategy sampled 2 clients (out of 50)
[2025-01-06 11:40:40,142][flwr][INFO] - aggregate_evaluate: received 2 results and 0 failures
[2025-01-06 11:40:40,143][flwr][INFO] - 
[2025-01-06 11:40:40,143][flwr][INFO] - [ROUND 89]
[2025-01-06 11:40:40,143][flwr][INFO] - configure_fit: strategy sampled 2 clients (out of 50)
[2025-01-06 11:40:41,614][flwr][INFO] - aggregate_fit: received 2 results and 0 failures
[2025-01-06 11:40:46,546][flwr][INFO] - fit progress: (89, 616.4898655414581, {'accuracy': 0.31452791581408945}, 632.185406686971)
[2025-01-06 11:40:46,546][flwr][INFO] - configure_evaluate: strategy sampled 2 clients (out of 50)
[2025-01-06 11:40:46,976][flwr][INFO] - aggregate_evaluate: received 2 results and 0 failures
[2025-01-06 11:40:46,977][flwr][INFO] - 
[2025-01-06 11:40:46,977][flwr][INFO] - [ROUND 90]
[2025-01-06 11:40:46,977][flwr][INFO] - configure_fit: strategy sampled 2 clients (out of 50)
[2025-01-06 11:40:48,794][flwr][INFO] - aggregate_fit: received 2 results and 0 failures
[2025-01-06 11:40:53,554][flwr][INFO] - fit progress: (90, 421.8485198020935, {'accuracy': 0.40952937737503653}, 639.19361793797)
[2025-01-06 11:40:53,554][flwr][INFO] - configure_evaluate: strategy sampled 2 clients (out of 50)
[2025-01-06 11:40:53,854][flwr][INFO] - aggregate_evaluate: received 2 results and 0 failures
[2025-01-06 11:40:53,855][flwr][INFO] - 
[2025-01-06 11:40:53,855][flwr][INFO] - [ROUND 91]
[2025-01-06 11:40:53,855][flwr][INFO] - configure_fit: strategy sampled 2 clients (out of 50)
[2025-01-06 11:40:55,796][flwr][INFO] - aggregate_fit: received 2 results and 0 failures
[2025-01-06 11:41:00,512][flwr][INFO] - fit progress: (91, 108.03729516267776, {'accuracy': 0.6568254896229173}, 646.1521377559984)
[2025-01-06 11:41:00,513][flwr][INFO] - configure_evaluate: strategy sampled 2 clients (out of 50)
[2025-01-06 11:41:00,908][flwr][INFO] - aggregate_evaluate: received 2 results and 0 failures
[2025-01-06 11:41:00,909][flwr][INFO] - 
[2025-01-06 11:41:00,909][flwr][INFO] - [ROUND 92]
[2025-01-06 11:41:00,909][flwr][INFO] - configure_fit: strategy sampled 2 clients (out of 50)
[2025-01-06 11:41:02,638][flwr][INFO] - aggregate_fit: received 2 results and 0 failures
[2025-01-06 11:41:07,441][flwr][INFO] - fit progress: (92, 417.46473264694214, {'accuracy': 0.3557439345220696}, 653.0810291299713)
[2025-01-06 11:41:07,442][flwr][INFO] - configure_evaluate: strategy sampled 2 clients (out of 50)
[2025-01-06 11:41:07,857][flwr][INFO] - aggregate_evaluate: received 2 results and 0 failures
[2025-01-06 11:41:07,858][flwr][INFO] - 
[2025-01-06 11:41:07,858][flwr][INFO] - [ROUND 93]
[2025-01-06 11:41:07,858][flwr][INFO] - configure_fit: strategy sampled 2 clients (out of 50)
[2025-01-06 11:41:09,625][flwr][INFO] - aggregate_fit: received 2 results and 0 failures
[2025-01-06 11:41:14,367][flwr][INFO] - fit progress: (93, 248.6613484621048, {'accuracy': 0.41332943583747445}, 660.0062875499716)
[2025-01-06 11:41:14,367][flwr][INFO] - configure_evaluate: strategy sampled 2 clients (out of 50)
[2025-01-06 11:41:14,672][flwr][INFO] - aggregate_evaluate: received 2 results and 0 failures
[2025-01-06 11:41:14,673][flwr][INFO] - 
[2025-01-06 11:41:14,673][flwr][INFO] - [ROUND 94]
[2025-01-06 11:41:14,673][flwr][INFO] - configure_fit: strategy sampled 2 clients (out of 50)
[2025-01-06 11:41:16,122][flwr][INFO] - aggregate_fit: received 2 results and 0 failures
[2025-01-06 11:41:20,845][flwr][INFO] - fit progress: (94, 513.4286923408508, {'accuracy': 0.3791289096755335}, 666.4846420040121)
[2025-01-06 11:41:20,845][flwr][INFO] - configure_evaluate: strategy sampled 2 clients (out of 50)
[2025-01-06 11:41:21,169][flwr][INFO] - aggregate_evaluate: received 2 results and 0 failures
[2025-01-06 11:41:21,169][flwr][INFO] - 
[2025-01-06 11:41:21,169][flwr][INFO] - [ROUND 95]
[2025-01-06 11:41:21,169][flwr][INFO] - configure_fit: strategy sampled 2 clients (out of 50)
[2025-01-06 11:41:22,759][flwr][INFO] - aggregate_fit: received 2 results and 0 failures
[2025-01-06 11:41:28,302][flwr][INFO] - fit progress: (95, 585.2669899463654, {'accuracy': 0.2548962291727565}, 673.9418847819907)
[2025-01-06 11:41:28,303][flwr][INFO] - configure_evaluate: strategy sampled 2 clients (out of 50)
[2025-01-06 11:41:28,697][flwr][INFO] - aggregate_evaluate: received 2 results and 0 failures
[2025-01-06 11:41:28,697][flwr][INFO] - 
[2025-01-06 11:41:28,697][flwr][INFO] - [ROUND 96]
[2025-01-06 11:41:28,697][flwr][INFO] - configure_fit: strategy sampled 2 clients (out of 50)
[2025-01-06 11:41:30,273][flwr][INFO] - aggregate_fit: received 2 results and 0 failures
[2025-01-06 11:41:34,974][flwr][INFO] - fit progress: (96, 962.4592399597168, {'accuracy': 0.2133878982753581}, 680.6140196300112)
[2025-01-06 11:41:34,975][flwr][INFO] - configure_evaluate: strategy sampled 2 clients (out of 50)
[2025-01-06 11:41:35,562][flwr][INFO] - aggregate_evaluate: received 2 results and 0 failures
[2025-01-06 11:41:35,563][flwr][INFO] - 
[2025-01-06 11:41:35,563][flwr][INFO] - [ROUND 97]
[2025-01-06 11:41:35,563][flwr][INFO] - configure_fit: strategy sampled 2 clients (out of 50)
[2025-01-06 11:41:36,921][flwr][INFO] - aggregate_fit: received 2 results and 0 failures
[2025-01-06 11:41:41,655][flwr][INFO] - fit progress: (97, 418.3867049217224, {'accuracy': 0.4115755627009646}, 687.2945692689973)
[2025-01-06 11:41:41,655][flwr][INFO] - configure_evaluate: strategy sampled 2 clients (out of 50)
[2025-01-06 11:41:41,961][flwr][INFO] - aggregate_evaluate: received 2 results and 0 failures
[2025-01-06 11:41:41,962][flwr][INFO] - 
[2025-01-06 11:41:41,962][flwr][INFO] - [ROUND 98]
[2025-01-06 11:41:41,962][flwr][INFO] - configure_fit: strategy sampled 2 clients (out of 50)
[2025-01-06 11:41:43,351][flwr][INFO] - aggregate_fit: received 2 results and 0 failures
[2025-01-06 11:41:48,923][flwr][INFO] - fit progress: (98, 170.6583000421524, {'accuracy': 0.5328851213095586}, 694.5630130500067)
[2025-01-06 11:41:48,924][flwr][INFO] - configure_evaluate: strategy sampled 2 clients (out of 50)
[2025-01-06 11:41:49,278][flwr][INFO] - aggregate_evaluate: received 2 results and 0 failures
[2025-01-06 11:41:49,278][flwr][INFO] - 
[2025-01-06 11:41:49,278][flwr][INFO] - [ROUND 99]
[2025-01-06 11:41:49,278][flwr][INFO] - configure_fit: strategy sampled 2 clients (out of 50)
[2025-01-06 11:41:50,473][flwr][INFO] - aggregate_fit: received 2 results and 0 failures
[2025-01-06 11:41:55,241][flwr][INFO] - fit progress: (99, 209.539369225502, {'accuracy': 0.5363928675825782}, 700.8805412189686)
[2025-01-06 11:41:55,242][flwr][INFO] - configure_evaluate: strategy sampled 2 clients (out of 50)
[2025-01-06 11:41:55,876][flwr][INFO] - aggregate_evaluate: received 2 results and 0 failures
[2025-01-06 11:41:55,876][flwr][INFO] - 
[2025-01-06 11:41:55,876][flwr][INFO] - [ROUND 100]
[2025-01-06 11:41:55,876][flwr][INFO] - configure_fit: strategy sampled 2 clients (out of 50)
[2025-01-06 11:41:57,917][flwr][INFO] - aggregate_fit: received 2 results and 0 failures
[2025-01-06 11:42:02,663][flwr][INFO] - fit progress: (100, 471.68776082992554, {'accuracy': 0.35866705641625257}, 708.303239854984)
[2025-01-06 11:42:02,664][flwr][INFO] - configure_evaluate: strategy sampled 2 clients (out of 50)
[2025-01-06 11:42:03,059][flwr][INFO] - aggregate_evaluate: received 2 results and 0 failures
[2025-01-06 11:42:03,060][flwr][INFO] - 
[2025-01-06 11:42:03,060][flwr][INFO] - [SUMMARY]
[2025-01-06 11:42:03,060][flwr][INFO] - Run finished 100 round(s) in 708.70s
[2025-01-06 11:42:03,063][flwr][INFO] - 	History (loss, distributed):
[2025-01-06 11:42:03,064][flwr][INFO] - 		round 1: 2.1442742217670787
[2025-01-06 11:42:03,064][flwr][INFO] - 		round 2: 2.106845552722613
[2025-01-06 11:42:03,064][flwr][INFO] - 		round 3: 2.111843994685582
[2025-01-06 11:42:03,064][flwr][INFO] - 		round 4: 1.5318514506022136
[2025-01-06 11:42:03,064][flwr][INFO] - 		round 5: 2.6494534492492674
[2025-01-06 11:42:03,064][flwr][INFO] - 		round 6: 3.3843573383663013
[2025-01-06 11:42:03,064][flwr][INFO] - 		round 7: 2.511907625198364
[2025-01-06 11:42:03,064][flwr][INFO] - 		round 8: 3.21652421780995
[2025-01-06 11:42:03,064][flwr][INFO] - 		round 9: 3.7356078125709713
[2025-01-06 11:42:03,064][flwr][INFO] - 		round 10: 3.6997059631347655
[2025-01-06 11:42:03,065][flwr][INFO] - 		round 11: 5.055106690055446
[2025-01-06 11:42:03,065][flwr][INFO] - 		round 12: 4.09198834747076
[2025-01-06 11:42:03,065][flwr][INFO] - 		round 13: 2.6386327066204767
[2025-01-06 11:42:03,065][flwr][INFO] - 		round 14: 3.552606469706485
[2025-01-06 11:42:03,065][flwr][INFO] - 		round 15: 4.527484808212671
[2025-01-06 11:42:03,065][flwr][INFO] - 		round 16: 2.6109100182851157
[2025-01-06 11:42:03,065][flwr][INFO] - 		round 17: 6.8389418465750555
[2025-01-06 11:42:03,065][flwr][INFO] - 		round 18: 14.178361051222858
[2025-01-06 11:42:03,065][flwr][INFO] - 		round 19: 2.887156619863995
[2025-01-06 11:42:03,065][flwr][INFO] - 		round 20: 8.250852028528849
[2025-01-06 11:42:03,065][flwr][INFO] - 		round 21: 1.2793086002457816
[2025-01-06 11:42:03,065][flwr][INFO] - 		round 22: 3.262175298872448
[2025-01-06 11:42:03,065][flwr][INFO] - 		round 23: 1.9301606387626835
[2025-01-06 11:42:03,065][flwr][INFO] - 		round 24: 3.2466863244771957
[2025-01-06 11:42:03,065][flwr][INFO] - 		round 25: 1.9253573340754355
[2025-01-06 11:42:03,065][flwr][INFO] - 		round 26: 3.621750064012481
[2025-01-06 11:42:03,065][flwr][INFO] - 		round 27: 1.6070552402072482
[2025-01-06 11:42:03,066][flwr][INFO] - 		round 28: 4.102950404672062
[2025-01-06 11:42:03,066][flwr][INFO] - 		round 29: 4.647323131561279
[2025-01-06 11:42:03,066][flwr][INFO] - 		round 30: 2.4797874225510492
[2025-01-06 11:42:03,066][flwr][INFO] - 		round 31: 7.136929281826677
[2025-01-06 11:42:03,066][flwr][INFO] - 		round 32: 8.081482596513702
[2025-01-06 11:42:03,066][flwr][INFO] - 		round 33: 4.499760538339615
[2025-01-06 11:42:03,066][flwr][INFO] - 		round 34: 4.251565549522638
[2025-01-06 11:42:03,066][flwr][INFO] - 		round 35: 4.6472084963763205
[2025-01-06 11:42:03,066][flwr][INFO] - 		round 36: 4.7310581709209245
[2025-01-06 11:42:03,066][flwr][INFO] - 		round 37: 2.737864067028095
[2025-01-06 11:42:03,066][flwr][INFO] - 		round 38: 4.762451235927752
[2025-01-06 11:42:03,066][flwr][INFO] - 		round 39: 7.232083082199097
[2025-01-06 11:42:03,066][flwr][INFO] - 		round 40: 7.0379827205951395
[2025-01-06 11:42:03,066][flwr][INFO] - 		round 41: 5.984453740667124
[2025-01-06 11:42:03,066][flwr][INFO] - 		round 42: 4.854140857480607
[2025-01-06 11:42:03,066][flwr][INFO] - 		round 43: 2.0380864576859907
[2025-01-06 11:42:03,066][flwr][INFO] - 		round 44: 3.7239401882345025
[2025-01-06 11:42:03,067][flwr][INFO] - 		round 45: 13.029496650695801
[2025-01-06 11:42:03,067][flwr][INFO] - 		round 46: 4.502298179425691
[2025-01-06 11:42:03,067][flwr][INFO] - 		round 47: 13.190653974359686
[2025-01-06 11:42:03,067][flwr][INFO] - 		round 48: 1.7598979217665536
[2025-01-06 11:42:03,067][flwr][INFO] - 		round 49: 3.560106264917474
[2025-01-06 11:42:03,067][flwr][INFO] - 		round 50: 4.800206293139541
[2025-01-06 11:42:03,067][flwr][INFO] - 		round 51: 3.2690244735555445
[2025-01-06 11:42:03,067][flwr][INFO] - 		round 52: 11.50777276357015
[2025-01-06 11:42:03,067][flwr][INFO] - 		round 53: 4.5429059960948885
[2025-01-06 11:42:03,067][flwr][INFO] - 		round 54: 6.137569599151611
[2025-01-06 11:42:03,067][flwr][INFO] - 		round 55: 3.17635943760743
[2025-01-06 11:42:03,067][flwr][INFO] - 		round 56: 4.578671376372492
[2025-01-06 11:42:03,067][flwr][INFO] - 		round 57: 1.0346926843063742
[2025-01-06 11:42:03,067][flwr][INFO] - 		round 58: 3.5444108464501123
[2025-01-06 11:42:03,067][flwr][INFO] - 		round 59: 2.0091880559921265
[2025-01-06 11:42:03,067][flwr][INFO] - 		round 60: 7.65980552277475
[2025-01-06 11:42:03,067][flwr][INFO] - 		round 61: 3.695088586499614
[2025-01-06 11:42:03,068][flwr][INFO] - 		round 62: 5.262391590681232
[2025-01-06 11:42:03,068][flwr][INFO] - 		round 63: 4.336110677719116
[2025-01-06 11:42:03,068][flwr][INFO] - 		round 64: 1.5166902078522577
[2025-01-06 11:42:03,068][flwr][INFO] - 		round 65: 1.0726978540420533
[2025-01-06 11:42:03,068][flwr][INFO] - 		round 66: 4.8156781951586405
[2025-01-06 11:42:03,068][flwr][INFO] - 		round 67: 3.4485140574180475
[2025-01-06 11:42:03,068][flwr][INFO] - 		round 68: 9.537533858243156
[2025-01-06 11:42:03,068][flwr][INFO] - 		round 69: 11.789398985642654
[2025-01-06 11:42:03,068][flwr][INFO] - 		round 70: 5.058440440041679
[2025-01-06 11:42:03,068][flwr][INFO] - 		round 71: 4.211866152913947
[2025-01-06 11:42:03,068][flwr][INFO] - 		round 72: 10.743245230780708
[2025-01-06 11:42:03,068][flwr][INFO] - 		round 73: 7.545081817186796
[2025-01-06 11:42:03,068][flwr][INFO] - 		round 74: 8.343003886086601
[2025-01-06 11:42:03,068][flwr][INFO] - 		round 75: 5.7025493532419205
[2025-01-06 11:42:03,068][flwr][INFO] - 		round 76: 7.263606557139644
[2025-01-06 11:42:03,068][flwr][INFO] - 		round 77: 15.513315836588541
[2025-01-06 11:42:03,068][flwr][INFO] - 		round 78: 2.837872614294796
[2025-01-06 11:42:03,069][flwr][INFO] - 		round 79: 14.875631930781346
[2025-01-06 11:42:03,069][flwr][INFO] - 		round 80: 4.8201723247766495
[2025-01-06 11:42:03,069][flwr][INFO] - 		round 81: 4.739908453347026
[2025-01-06 11:42:03,069][flwr][INFO] - 		round 82: 5.736253139584563
[2025-01-06 11:42:03,069][flwr][INFO] - 		round 83: 6.6640354442596434
[2025-01-06 11:42:03,069][flwr][INFO] - 		round 84: 14.680152416229248
[2025-01-06 11:42:03,069][flwr][INFO] - 		round 85: 1.1746616959571838
[2025-01-06 11:42:03,069][flwr][INFO] - 		round 86: 1.626568329334259
[2025-01-06 11:42:03,069][flwr][INFO] - 		round 87: 1.3101557716727257
[2025-01-06 11:42:03,069][flwr][INFO] - 		round 88: 3.4414060283125494
[2025-01-06 11:42:03,069][flwr][INFO] - 		round 89: 6.623798642839704
[2025-01-06 11:42:03,069][flwr][INFO] - 		round 90: 6.440099301545517
[2025-01-06 11:42:03,069][flwr][INFO] - 		round 91: 0.7310529053211212
[2025-01-06 11:42:03,069][flwr][INFO] - 		round 92: 4.515039074177644
[2025-01-06 11:42:03,069][flwr][INFO] - 		round 93: 1.6820795319297097
[2025-01-06 11:42:03,069][flwr][INFO] - 		round 94: 7.0703515391195975
[2025-01-06 11:42:03,069][flwr][INFO] - 		round 95: 6.775231737079042
[2025-01-06 11:42:03,070][flwr][INFO] - 		round 96: 6.2437408792561495
[2025-01-06 11:42:03,070][flwr][INFO] - 		round 97: 3.2468711384411515
[2025-01-06 11:42:03,070][flwr][INFO] - 		round 98: 1.8657123204824086
[2025-01-06 11:42:03,070][flwr][INFO] - 		round 99: 2.1310161568901758
[2025-01-06 11:42:03,070][flwr][INFO] - 		round 100: 2.1990448190615726
[2025-01-06 11:42:03,070][flwr][INFO] - 	History (loss, centralized):
[2025-01-06 11:42:03,070][flwr][INFO] - 		round 0: 225.52661204338074
[2025-01-06 11:42:03,070][flwr][INFO] - 		round 1: 225.02854418754578
[2025-01-06 11:42:03,070][flwr][INFO] - 		round 2: 225.08355128765106
[2025-01-06 11:42:03,070][flwr][INFO] - 		round 3: 179.30453193187714
[2025-01-06 11:42:03,070][flwr][INFO] - 		round 4: 173.2237572669983
[2025-01-06 11:42:03,070][flwr][INFO] - 		round 5: 243.2911821603775
[2025-01-06 11:42:03,070][flwr][INFO] - 		round 6: 410.0656497478485
[2025-01-06 11:42:03,070][flwr][INFO] - 		round 7: 238.0595942735672
[2025-01-06 11:42:03,070][flwr][INFO] - 		round 8: 272.3856382369995
[2025-01-06 11:42:03,070][flwr][INFO] - 		round 9: 308.07778763771057
[2025-01-06 11:42:03,070][flwr][INFO] - 		round 10: 401.7494750022888
[2025-01-06 11:42:03,070][flwr][INFO] - 		round 11: 475.55673360824585
[2025-01-06 11:42:03,070][flwr][INFO] - 		round 12: 428.6586859226227
[2025-01-06 11:42:03,070][flwr][INFO] - 		round 13: 317.2430394887924
[2025-01-06 11:42:03,070][flwr][INFO] - 		round 14: 421.4264440536499
[2025-01-06 11:42:03,071][flwr][INFO] - 		round 15: 340.3806744813919
[2025-01-06 11:42:03,071][flwr][INFO] - 		round 16: 297.64316391944885
[2025-01-06 11:42:03,071][flwr][INFO] - 		round 17: 662.6803510189056
[2025-01-06 11:42:03,071][flwr][INFO] - 		round 18: 916.2460451126099
[2025-01-06 11:42:03,071][flwr][INFO] - 		round 19: 379.72257685661316
[2025-01-06 11:42:03,071][flwr][INFO] - 		round 20: 696.4350619316101
[2025-01-06 11:42:03,071][flwr][INFO] - 		round 21: 193.73703515529633
[2025-01-06 11:42:03,071][flwr][INFO] - 		round 22: 289.9391542673111
[2025-01-06 11:42:03,071][flwr][INFO] - 		round 23: 280.32543563842773
[2025-01-06 11:42:03,071][flwr][INFO] - 		round 24: 352.66050267219543
[2025-01-06 11:42:03,071][flwr][INFO] - 		round 25: 323.23446357250214
[2025-01-06 11:42:03,071][flwr][INFO] - 		round 26: 372.5919508934021
[2025-01-06 11:42:03,071][flwr][INFO] - 		round 27: 164.52636814117432
[2025-01-06 11:42:03,071][flwr][INFO] - 		round 28: 451.2882070541382
[2025-01-06 11:42:03,071][flwr][INFO] - 		round 29: 533.5329523086548
[2025-01-06 11:42:03,071][flwr][INFO] - 		round 30: 182.22899627685547
[2025-01-06 11:42:03,071][flwr][INFO] - 		round 31: 715.1935348510742
[2025-01-06 11:42:03,071][flwr][INFO] - 		round 32: 717.1561303138733
[2025-01-06 11:42:03,071][flwr][INFO] - 		round 33: 517.1608393192291
[2025-01-06 11:42:03,071][flwr][INFO] - 		round 34: 395.43740940093994
[2025-01-06 11:42:03,072][flwr][INFO] - 		round 35: 318.1430906057358
[2025-01-06 11:42:03,072][flwr][INFO] - 		round 36: 306.6008758544922
[2025-01-06 11:42:03,072][flwr][INFO] - 		round 37: 355.9393858909607
[2025-01-06 11:42:03,072][flwr][INFO] - 		round 38: 404.07252287864685
[2025-01-06 11:42:03,072][flwr][INFO] - 		round 39: 732.1053104400635
[2025-01-06 11:42:03,072][flwr][INFO] - 		round 40: 573.8780672550201
[2025-01-06 11:42:03,072][flwr][INFO] - 		round 41: 737.9880356788635
[2025-01-06 11:42:03,072][flwr][INFO] - 		round 42: 324.8599200248718
[2025-01-06 11:42:03,072][flwr][INFO] - 		round 43: 363.6876324415207
[2025-01-06 11:42:03,072][flwr][INFO] - 		round 44: 305.584832906723
[2025-01-06 11:42:03,072][flwr][INFO] - 		round 45: 1088.953152179718
[2025-01-06 11:42:03,072][flwr][INFO] - 		round 46: 390.6280789375305
[2025-01-06 11:42:03,072][flwr][INFO] - 		round 47: 1418.8934841156006
[2025-01-06 11:42:03,072][flwr][INFO] - 		round 48: 294.05435812473297
[2025-01-06 11:42:03,072][flwr][INFO] - 		round 49: 448.11238646507263
[2025-01-06 11:42:03,072][flwr][INFO] - 		round 50: 563.8598394393921
[2025-01-06 11:42:03,072][flwr][INFO] - 		round 51: 368.5976052284241
[2025-01-06 11:42:03,072][flwr][INFO] - 		round 52: 822.74254322052
[2025-01-06 11:42:03,072][flwr][INFO] - 		round 53: 406.83902311325073
[2025-01-06 11:42:03,072][flwr][INFO] - 		round 54: 563.1620700359344
[2025-01-06 11:42:03,072][flwr][INFO] - 		round 55: 370.4890820980072
[2025-01-06 11:42:03,072][flwr][INFO] - 		round 56: 309.659038066864
[2025-01-06 11:42:03,073][flwr][INFO] - 		round 57: 131.8841255903244
[2025-01-06 11:42:03,073][flwr][INFO] - 		round 58: 372.5349464416504
[2025-01-06 11:42:03,073][flwr][INFO] - 		round 59: 395.1927020549774
[2025-01-06 11:42:03,073][flwr][INFO] - 		round 60: 570.2520802021027
[2025-01-06 11:42:03,073][flwr][INFO] - 		round 61: 197.16391080617905
[2025-01-06 11:42:03,073][flwr][INFO] - 		round 62: 472.53273272514343
[2025-01-06 11:42:03,073][flwr][INFO] - 		round 63: 289.1050902605057
[2025-01-06 11:42:03,073][flwr][INFO] - 		round 64: 232.81405222415924
[2025-01-06 11:42:03,073][flwr][INFO] - 		round 65: 168.0922593474388
[2025-01-06 11:42:03,073][flwr][INFO] - 		round 66: 380.7202229499817
[2025-01-06 11:42:03,073][flwr][INFO] - 		round 67: 204.390307366848
[2025-01-06 11:42:03,073][flwr][INFO] - 		round 68: 841.7661552429199
[2025-01-06 11:42:03,073][flwr][INFO] - 		round 69: 1160.138934135437
[2025-01-06 11:42:03,073][flwr][INFO] - 		round 70: 399.3633406162262
[2025-01-06 11:42:03,073][flwr][INFO] - 		round 71: 657.9409291744232
[2025-01-06 11:42:03,073][flwr][INFO] - 		round 72: 1329.0075211524963
[2025-01-06 11:42:03,073][flwr][INFO] - 		round 73: 896.6933798789978
[2025-01-06 11:42:03,073][flwr][INFO] - 		round 74: 1086.345980167389
[2025-01-06 11:42:03,073][flwr][INFO] - 		round 75: 692.3861813545227
[2025-01-06 11:42:03,073][flwr][INFO] - 		round 76: 877.0696482658386
[2025-01-06 11:42:03,074][flwr][INFO] - 		round 77: 1164.8395948410034
[2025-01-06 11:42:03,074][flwr][INFO] - 		round 78: 367.67125248908997
[2025-01-06 11:42:03,074][flwr][INFO] - 		round 79: 1595.3450384140015
[2025-01-06 11:42:03,074][flwr][INFO] - 		round 80: 593.0871469974518
[2025-01-06 11:42:03,074][flwr][INFO] - 		round 81: 455.5433795452118
[2025-01-06 11:42:03,074][flwr][INFO] - 		round 82: 616.7657561302185
[2025-01-06 11:42:03,074][flwr][INFO] - 		round 83: 687.4485230445862
[2025-01-06 11:42:03,074][flwr][INFO] - 		round 84: 1231.3942584991455
[2025-01-06 11:42:03,074][flwr][INFO] - 		round 85: 176.04613173007965
[2025-01-06 11:42:03,074][flwr][INFO] - 		round 86: 280.40190756320953
[2025-01-06 11:42:03,074][flwr][INFO] - 		round 87: 122.94195753335953
[2025-01-06 11:42:03,074][flwr][INFO] - 		round 88: 317.9430159330368
[2025-01-06 11:42:03,074][flwr][INFO] - 		round 89: 616.4898655414581
[2025-01-06 11:42:03,074][flwr][INFO] - 		round 90: 421.8485198020935
[2025-01-06 11:42:03,074][flwr][INFO] - 		round 91: 108.03729516267776
[2025-01-06 11:42:03,074][flwr][INFO] - 		round 92: 417.46473264694214
[2025-01-06 11:42:03,074][flwr][INFO] - 		round 93: 248.6613484621048
[2025-01-06 11:42:03,074][flwr][INFO] - 		round 94: 513.4286923408508
[2025-01-06 11:42:03,074][flwr][INFO] - 		round 95: 585.2669899463654
[2025-01-06 11:42:03,074][flwr][INFO] - 		round 96: 962.4592399597168
[2025-01-06 11:42:03,074][flwr][INFO] - 		round 97: 418.3867049217224
[2025-01-06 11:42:03,075][flwr][INFO] - 		round 98: 170.6583000421524
[2025-01-06 11:42:03,075][flwr][INFO] - 		round 99: 209.539369225502
[2025-01-06 11:42:03,075][flwr][INFO] - 		round 100: 471.68776082992554
[2025-01-06 11:42:03,075][flwr][INFO] - 	History (metrics, distributed, evaluate):
[2025-01-06 11:42:03,075][flwr][INFO] - 	{'accuracy': [(1, 0.05454545454545454),
[2025-01-06 11:42:03,075][flwr][INFO] - 	              (2, 0.125),
[2025-01-06 11:42:03,075][flwr][INFO] - 	              (3, 0.14285714285714285),
[2025-01-06 11:42:03,075][flwr][INFO] - 	              (4, 0.38095238095238093),
[2025-01-06 11:42:03,075][flwr][INFO] - 	              (5, 0.2222222222222222),
[2025-01-06 11:42:03,075][flwr][INFO] - 	              (6, 0.36231884057971014),
[2025-01-06 11:42:03,075][flwr][INFO] - 	              (7, 0.2923076923076923),
[2025-01-06 11:42:03,075][flwr][INFO] - 	              (8, 0.17857142857142858),
[2025-01-06 11:42:03,075][flwr][INFO] - 	              (9, 0.09302325581395349),
[2025-01-06 11:42:03,075][flwr][INFO] - 	              (10, 0.2),
[2025-01-06 11:42:03,075][flwr][INFO] - 	              (11, 0.07017543859649122),
[2025-01-06 11:42:03,075][flwr][INFO] - 	              (12, 0.296875),
[2025-01-06 11:42:03,075][flwr][INFO] - 	              (13, 0.4090909090909091),
[2025-01-06 11:42:03,075][flwr][INFO] - 	              (14, 0.3684210526315789),
[2025-01-06 11:42:03,075][flwr][INFO] - 	              (15, 0.15384615384615385),
[2025-01-06 11:42:03,075][flwr][INFO] - 	              (16, 0.30952380952380953),
[2025-01-06 11:42:03,075][flwr][INFO] - 	              (17, 0.12244897959183673),
[2025-01-06 11:42:03,076][flwr][INFO] - 	              (18, 0.17647058823529413),
[2025-01-06 11:42:03,076][flwr][INFO] - 	              (19, 0.3559322033898305),
[2025-01-06 11:42:03,076][flwr][INFO] - 	              (20, 0.16666666666666666),
[2025-01-06 11:42:03,076][flwr][INFO] - 	              (21, 0.5849056603773585),
[2025-01-06 11:42:03,076][flwr][INFO] - 	              (22, 0.2698412698412698),
[2025-01-06 11:42:03,076][flwr][INFO] - 	              (23, 0.4146341463414634),
[2025-01-06 11:42:03,076][flwr][INFO] - 	              (24, 0.21875),
[2025-01-06 11:42:03,076][flwr][INFO] - 	              (25, 0.5591397849462365),
[2025-01-06 11:42:03,076][flwr][INFO] - 	              (26, 0.2926829268292683),
[2025-01-06 11:42:03,076][flwr][INFO] - 	              (27, 0.4126984126984127),
[2025-01-06 11:42:03,076][flwr][INFO] - 	              (28, 0.2549019607843137),
[2025-01-06 11:42:03,076][flwr][INFO] - 	              (29, 0.14285714285714285),
[2025-01-06 11:42:03,076][flwr][INFO] - 	              (30, 0.19444444444444445),
[2025-01-06 11:42:03,076][flwr][INFO] - 	              (31, 0.10344827586206896),
[2025-01-06 11:42:03,076][flwr][INFO] - 	              (32, 0.07317073170731707),
[2025-01-06 11:42:03,076][flwr][INFO] - 	              (33, 0.1875),
[2025-01-06 11:42:03,076][flwr][INFO] - 	              (34, 0.21875),
[2025-01-06 11:42:03,076][flwr][INFO] - 	              (35, 0.07407407407407407),
[2025-01-06 11:42:03,076][flwr][INFO] - 	              (36, 0.42105263157894735),
[2025-01-06 11:42:03,076][flwr][INFO] - 	              (37, 0.4025974025974026),
[2025-01-06 11:42:03,076][flwr][INFO] - 	              (38, 0.16417910447761194),
[2025-01-06 11:42:03,077][flwr][INFO] - 	              (39, 0.13043478260869565),
[2025-01-06 11:42:03,077][flwr][INFO] - 	              (40, 0.1282051282051282),
[2025-01-06 11:42:03,077][flwr][INFO] - 	              (41, 0.29508196721311475),
[2025-01-06 11:42:03,077][flwr][INFO] - 	              (42, 0.1509433962264151),
[2025-01-06 11:42:03,077][flwr][INFO] - 	              (43, 0.6233766233766234),
[2025-01-06 11:42:03,077][flwr][INFO] - 	              (44, 0.2727272727272727),
[2025-01-06 11:42:03,077][flwr][INFO] - 	              (45, 0.02),
[2025-01-06 11:42:03,077][flwr][INFO] - 	              (46, 0.13157894736842105),
[2025-01-06 11:42:03,077][flwr][INFO] - 	              (47, 0.15151515151515152),
[2025-01-06 11:42:03,077][flwr][INFO] - 	              (48, 0.5),
[2025-01-06 11:42:03,077][flwr][INFO] - 	              (49, 0.3157894736842105),
[2025-01-06 11:42:03,077][flwr][INFO] - 	              (50, 0.2807017543859649),
[2025-01-06 11:42:03,077][flwr][INFO] - 	              (51, 0.1276595744680851),
[2025-01-06 11:42:03,077][flwr][INFO] - 	              (52, 0.0784313725490196),
[2025-01-06 11:42:03,077][flwr][INFO] - 	              (53, 0.23880597014925373),
[2025-01-06 11:42:03,077][flwr][INFO] - 	              (54, 0.12),
[2025-01-06 11:42:03,077][flwr][INFO] - 	              (55, 0.3783783783783784),
[2025-01-06 11:42:03,077][flwr][INFO] - 	              (56, 0.4883720930232558),
[2025-01-06 11:42:03,077][flwr][INFO] - 	              (57, 0.620253164556962),
[2025-01-06 11:42:03,077][flwr][INFO] - 	              (58, 0.18181818181818182),
[2025-01-06 11:42:03,077][flwr][INFO] - 	              (59, 0.5208333333333334),
[2025-01-06 11:42:03,078][flwr][INFO] - 	              (60, 0.07547169811320754),
[2025-01-06 11:42:03,078][flwr][INFO] - 	              (61, 0.3870967741935484),
[2025-01-06 11:42:03,078][flwr][INFO] - 	              (62, 0.19672131147540983),
[2025-01-06 11:42:03,078][flwr][INFO] - 	              (63, 0.28),
[2025-01-06 11:42:03,078][flwr][INFO] - 	              (64, 0.6111111111111112),
[2025-01-06 11:42:03,078][flwr][INFO] - 	              (65, 0.68),
[2025-01-06 11:42:03,078][flwr][INFO] - 	              (66, 0.21666666666666667),
[2025-01-06 11:42:03,078][flwr][INFO] - 	              (67, 0.3389830508474576),
[2025-01-06 11:42:03,078][flwr][INFO] - 	              (68, 0.14705882352941177),
[2025-01-06 11:42:03,078][flwr][INFO] - 	              (69, 0.12307692307692308),
[2025-01-06 11:42:03,078][flwr][INFO] - 	              (70, 0.2571428571428571),
[2025-01-06 11:42:03,078][flwr][INFO] - 	              (71, 0.5),
[2025-01-06 11:42:03,078][flwr][INFO] - 	              (72, 0.42857142857142855),
[2025-01-06 11:42:03,078][flwr][INFO] - 	              (73, 0.20512820512820512),
[2025-01-06 11:42:03,078][flwr][INFO] - 	              (74, 0.14285714285714285),
[2025-01-06 11:42:03,078][flwr][INFO] - 	              (75, 0.203125),
[2025-01-06 11:42:03,078][flwr][INFO] - 	              (76, 0.18518518518518517),
[2025-01-06 11:42:03,078][flwr][INFO] - 	              (77, 0.1282051282051282),
[2025-01-06 11:42:03,078][flwr][INFO] - 	              (78, 0.3898305084745763),
[2025-01-06 11:42:03,078][flwr][INFO] - 	              (79, 0.11764705882352941),
[2025-01-06 11:42:03,078][flwr][INFO] - 	              (80, 0.34375),
[2025-01-06 11:42:03,079][flwr][INFO] - 	              (81, 0.3188405797101449),
[2025-01-06 11:42:03,079][flwr][INFO] - 	              (82, 0.09302325581395349),
[2025-01-06 11:42:03,079][flwr][INFO] - 	              (83, 0.38),
[2025-01-06 11:42:03,079][flwr][INFO] - 	              (84, 0.19444444444444445),
[2025-01-06 11:42:03,079][flwr][INFO] - 	              (85, 0.631578947368421),
[2025-01-06 11:42:03,079][flwr][INFO] - 	              (86, 0.5),
[2025-01-06 11:42:03,079][flwr][INFO] - 	              (87, 0.53125),
[2025-01-06 11:42:03,079][flwr][INFO] - 	              (88, 0.5263157894736842),
[2025-01-06 11:42:03,079][flwr][INFO] - 	              (89, 0.3469387755102041),
[2025-01-06 11:42:03,079][flwr][INFO] - 	              (90, 0.15217391304347827),
[2025-01-06 11:42:03,079][flwr][INFO] - 	              (91, 0.7058823529411765),
[2025-01-06 11:42:03,079][flwr][INFO] - 	              (92, 0.3469387755102041),
[2025-01-06 11:42:03,079][flwr][INFO] - 	              (93, 0.48484848484848486),
[2025-01-06 11:42:03,079][flwr][INFO] - 	              (94, 0.22580645161290322),
[2025-01-06 11:42:03,079][flwr][INFO] - 	              (95, 0.18181818181818182),
[2025-01-06 11:42:03,079][flwr][INFO] - 	              (96, 0.27586206896551724),
[2025-01-06 11:42:03,079][flwr][INFO] - 	              (97, 0.4827586206896552),
[2025-01-06 11:42:03,079][flwr][INFO] - 	              (98, 0.5945945945945946),
[2025-01-06 11:42:03,079][flwr][INFO] - 	              (99, 0.48484848484848486),
[2025-01-06 11:42:03,079][flwr][INFO] - 	              (100, 0.6282051282051282)]}
[2025-01-06 11:42:03,079][flwr][INFO] - 	History (metrics, centralized):
[2025-01-06 11:42:03,080][flwr][INFO] - 	{'accuracy': [(0, 0.16924875767319497),
[2025-01-06 11:42:03,080][flwr][INFO] - 	              (1, 0.08535515931014323),
[2025-01-06 11:42:03,080][flwr][INFO] - 	              (2, 0.22917275650394622),
[2025-01-06 11:42:03,080][flwr][INFO] - 	              (3, 0.4124524992692195),
[2025-01-06 11:42:03,080][flwr][INFO] - 	              (4, 0.3878982753580824),
[2025-01-06 11:42:03,080][flwr][INFO] - 	              (5, 0.22128032738965214),
[2025-01-06 11:42:03,080][flwr][INFO] - 	              (6, 0.17217187956737795),
[2025-01-06 11:42:03,080][flwr][INFO] - 	              (7, 0.3273896521484946),
[2025-01-06 11:42:03,080][flwr][INFO] - 	              (8, 0.21280327389652148),
[2025-01-06 11:42:03,080][flwr][INFO] - 	              (9, 0.18152586962876352),
[2025-01-06 11:42:03,080][flwr][INFO] - 	              (10, 0.1178018123355744),
[2025-01-06 11:42:03,080][flwr][INFO] - 	              (11, 0.17597193802981584),
[2025-01-06 11:42:03,080][flwr][INFO] - 	              (12, 0.26541946799181526),
[2025-01-06 11:42:03,080][flwr][INFO] - 	              (13, 0.3007892429114294),
[2025-01-06 11:42:03,080][flwr][INFO] - 	              (14, 0.23911137094416837),
[2025-01-06 11:42:03,080][flwr][INFO] - 	              (15, 0.24583455130078924),
[2025-01-06 11:42:03,080][flwr][INFO] - 	              (16, 0.2078339666764104),
[2025-01-06 11:42:03,080][flwr][INFO] - 	              (17, 0.1370944168371821),
[2025-01-06 11:42:03,080][flwr][INFO] - 	              (18, 0.2303420052616194),
[2025-01-06 11:42:03,080][flwr][INFO] - 	              (19, 0.413914060216311),
[2025-01-06 11:42:03,080][flwr][INFO] - 	              (20, 0.11838643671441099),
[2025-01-06 11:42:03,081][flwr][INFO] - 	              (21, 0.38672902660040925),
[2025-01-06 11:42:03,081][flwr][INFO] - 	              (22, 0.2619117217187957),
[2025-01-06 11:42:03,081][flwr][INFO] - 	              (23, 0.3016661794796843),
[2025-01-06 11:42:03,081][flwr][INFO] - 	              (24, 0.31072785735165154),
[2025-01-06 11:42:03,081][flwr][INFO] - 	              (25, 0.36626717334112835),
[2025-01-06 11:42:03,081][flwr][INFO] - 	              (26, 0.36714410990938323),
[2025-01-06 11:42:03,081][flwr][INFO] - 	              (27, 0.5074539608301666),
[2025-01-06 11:42:03,081][flwr][INFO] - 	              (28, 0.26074247296112246),
[2025-01-06 11:42:03,081][flwr][INFO] - 	              (29, 0.233849751534639),
[2025-01-06 11:42:03,081][flwr][INFO] - 	              (30, 0.43028354282373577),
[2025-01-06 11:42:03,081][flwr][INFO] - 	              (31, 0.19789535223618826),
[2025-01-06 11:42:03,081][flwr][INFO] - 	              (32, 0.10552470038000585),
[2025-01-06 11:42:03,081][flwr][INFO] - 	              (33, 0.2379421221864952),
[2025-01-06 11:42:03,081][flwr][INFO] - 	              (34, 0.2952353113124817),
[2025-01-06 11:42:03,081][flwr][INFO] - 	              (35, 0.35691318327974275),
[2025-01-06 11:42:03,081][flwr][INFO] - 	              (36, 0.4887459807073955),
[2025-01-06 11:42:03,081][flwr][INFO] - 	              (37, 0.2765273311897106),
[2025-01-06 11:42:03,081][flwr][INFO] - 	              (38, 0.21718795673779598),
[2025-01-06 11:42:03,081][flwr][INFO] - 	              (39, 0.16807950891552179),
[2025-01-06 11:42:03,081][flwr][INFO] - 	              (40, 0.27155802396959955),
[2025-01-06 11:42:03,081][flwr][INFO] - 	              (41, 0.17304881613563286),
[2025-01-06 11:42:03,082][flwr][INFO] - 	              (42, 0.3045893013738673),
[2025-01-06 11:42:03,082][flwr][INFO] - 	              (43, 0.49400760011692485),
[2025-01-06 11:42:03,082][flwr][INFO] - 	              (44, 0.4022215726395791),
[2025-01-06 11:42:03,082][flwr][INFO] - 	              (45, 0.17041800643086816),
[2025-01-06 11:42:03,082][flwr][INFO] - 	              (46, 0.3016661794796843),
[2025-01-06 11:42:03,082][flwr][INFO] - 	              (47, 0.1841566793335282),
[2025-01-06 11:42:03,082][flwr][INFO] - 	              (48, 0.3244665302543116),
[2025-01-06 11:42:03,082][flwr][INFO] - 	              (49, 0.2765273311897106),
[2025-01-06 11:42:03,082][flwr][INFO] - 	              (50, 0.29318912598655367),
[2025-01-06 11:42:03,082][flwr][INFO] - 	              (51, 0.2578193510669395),
[2025-01-06 11:42:03,082][flwr][INFO] - 	              (52, 0.2861736334405145),
[2025-01-06 11:42:03,082][flwr][INFO] - 	              (53, 0.3066354866997954),
[2025-01-06 11:42:03,082][flwr][INFO] - 	              (54, 0.21455714703303128),
[2025-01-06 11:42:03,082][flwr][INFO] - 	              (55, 0.4644840689856767),
[2025-01-06 11:42:03,082][flwr][INFO] - 	              (56, 0.557731657410114),
[2025-01-06 11:42:03,082][flwr][INFO] - 	              (57, 0.5922244957614733),
[2025-01-06 11:42:03,082][flwr][INFO] - 	              (58, 0.13212510961707102),
[2025-01-06 11:42:03,082][flwr][INFO] - 	              (59, 0.36568254896229174),
[2025-01-06 11:42:03,082][flwr][INFO] - 	              (60, 0.22361882490499854),
[2025-01-06 11:42:03,082][flwr][INFO] - 	              (61, 0.57731657410114),
[2025-01-06 11:42:03,082][flwr][INFO] - 	              (62, 0.329728149663841),
[2025-01-06 11:42:03,083][flwr][INFO] - 	              (63, 0.3992984507453961),
[2025-01-06 11:42:03,083][flwr][INFO] - 	              (64, 0.4948845366851798),
[2025-01-06 11:42:03,083][flwr][INFO] - 	              (65, 0.6065477930429699),
[2025-01-06 11:42:03,083][flwr][INFO] - 	              (66, 0.38760596316866414),
[2025-01-06 11:42:03,083][flwr][INFO] - 	              (67, 0.5475007307804736),
[2025-01-06 11:42:03,083][flwr][INFO] - 	              (68, 0.23911137094416837),
[2025-01-06 11:42:03,083][flwr][INFO] - 	              (69, 0.185910552470038),
[2025-01-06 11:42:03,083][flwr][INFO] - 	              (70, 0.35808243203741597),
[2025-01-06 11:42:03,083][flwr][INFO] - 	              (71, 0.2952353113124817),
[2025-01-06 11:42:03,083][flwr][INFO] - 	              (72, 0.3458053200818474),
[2025-01-06 11:42:03,083][flwr][INFO] - 	              (73, 0.21660333235895937),
[2025-01-06 11:42:03,083][flwr][INFO] - 	              (74, 0.12043262204033908),
[2025-01-06 11:42:03,083][flwr][INFO] - 	              (75, 0.12803273896521486),
[2025-01-06 11:42:03,083][flwr][INFO] - 	              (76, 0.17509500146156096),
[2025-01-06 11:42:03,083][flwr][INFO] - 	              (77, 0.19175679625840397),
[2025-01-06 11:42:03,083][flwr][INFO] - 	              (78, 0.3700672318035662),
[2025-01-06 11:42:03,083][flwr][INFO] - 	              (79, 0.16924875767319497),
[2025-01-06 11:42:03,083][flwr][INFO] - 	              (80, 0.33031277404267756),
[2025-01-06 11:42:03,083][flwr][INFO] - 	              (81, 0.4361297866121017),
[2025-01-06 11:42:03,083][flwr][INFO] - 	              (82, 0.24466530254311605),
[2025-01-06 11:42:03,083][flwr][INFO] - 	              (83, 0.40572931891259867),
[2025-01-06 11:42:03,083][flwr][INFO] - 	              (84, 0.27155802396959955),
[2025-01-06 11:42:03,084][flwr][INFO] - 	              (85, 0.5086232095878398),
[2025-01-06 11:42:03,084][flwr][INFO] - 	              (86, 0.4232680502776966),
[2025-01-06 11:42:03,084][flwr][INFO] - 	              (87, 0.6047939199064601),
[2025-01-06 11:42:03,084][flwr][INFO] - 	              (88, 0.5705933937445191),
[2025-01-06 11:42:03,084][flwr][INFO] - 	              (89, 0.31452791581408945),
[2025-01-06 11:42:03,084][flwr][INFO] - 	              (90, 0.40952937737503653),
[2025-01-06 11:42:03,084][flwr][INFO] - 	              (91, 0.6568254896229173),
[2025-01-06 11:42:03,084][flwr][INFO] - 	              (92, 0.3557439345220696),
[2025-01-06 11:42:03,084][flwr][INFO] - 	              (93, 0.41332943583747445),
[2025-01-06 11:42:03,084][flwr][INFO] - 	              (94, 0.3791289096755335),
[2025-01-06 11:42:03,084][flwr][INFO] - 	              (95, 0.2548962291727565),
[2025-01-06 11:42:03,084][flwr][INFO] - 	              (96, 0.2133878982753581),
[2025-01-06 11:42:03,084][flwr][INFO] - 	              (97, 0.4115755627009646),
[2025-01-06 11:42:03,084][flwr][INFO] - 	              (98, 0.5328851213095586),
[2025-01-06 11:42:03,084][flwr][INFO] - 	              (99, 0.5363928675825782),
[2025-01-06 11:42:03,084][flwr][INFO] - 	              (100, 0.35866705641625257)]}
[2025-01-06 11:42:03,084][flwr][INFO] - 
