[2025-01-06 11:17:55,187][flwr][INFO] - Starting Flower simulation, config: num_rounds=100, no round_timeout
[2025-01-06 11:17:59,618][flwr][INFO] - Flower VCE: Ray initialized with resources: {'CPU': 256.0, 'GPU': 2.0, 'accelerator_type:G': 1.0, 'node:__internal_head__': 1.0, 'memory': 144759333479.0, 'object_store_memory': 66325428633.0, 'node:115.145.172.224': 1.0}
[2025-01-06 11:17:59,619][flwr][INFO] - Optimize your simulation with Flower VCE: https://flower.ai/docs/framework/how-to-run-simulations.html
[2025-01-06 11:17:59,619][flwr][INFO] - Flower VCE: Resources for each Virtual Client: {'num_cpus': 24, 'num_gpus': 0.125}
[2025-01-06 11:17:59,636][flwr][INFO] - Flower VCE: Creating VirtualClientEngineActorPool with 10 actors
[2025-01-06 11:17:59,636][flwr][INFO] - [INIT]
[2025-01-06 11:17:59,636][flwr][INFO] - Requesting initial parameters from one random client
[2025-01-06 11:18:04,061][flwr][INFO] - Received initial parameters from one random client
[2025-01-06 11:18:04,065][flwr][INFO] - Evaluating initial global parameters
[2025-01-06 11:18:10,148][flwr][INFO] - initial parameters (loss, other metrics): 232.50764179229736, {'accuracy': 0.05203156971645718}
[2025-01-06 11:18:10,148][flwr][INFO] - 
[2025-01-06 11:18:10,148][flwr][INFO] - [ROUND 1]
[2025-01-06 11:18:10,149][flwr][INFO] - configure_fit: strategy sampled 2 clients (out of 50)
[2025-01-06 11:18:15,162][flwr][INFO] - aggregate_fit: received 2 results and 0 failures
[2025-01-06 11:18:15,253][flwr][WARNING] - No fit_metrics_aggregation_fn provided
[2025-01-06 11:18:21,881][flwr][INFO] - fit progress: (1, 202.11710000038147, {'accuracy': 0.35983630517392573}, 11.73256144800689)
[2025-01-06 11:18:21,882][flwr][INFO] - configure_evaluate: strategy sampled 2 clients (out of 50)
[2025-01-06 11:18:22,266][flwr][INFO] - aggregate_evaluate: received 2 results and 0 failures
[2025-01-06 11:18:22,266][flwr][INFO] - 
[2025-01-06 11:18:22,266][flwr][INFO] - [ROUND 2]
[2025-01-06 11:18:22,266][flwr][INFO] - configure_fit: strategy sampled 2 clients (out of 50)
[2025-01-06 11:18:23,340][flwr][INFO] - aggregate_fit: received 2 results and 0 failures
[2025-01-06 11:18:29,584][flwr][INFO] - fit progress: (2, 193.39464592933655, {'accuracy': 0.40777550423852676}, 19.43527630798053)
[2025-01-06 11:18:29,586][flwr][INFO] - configure_evaluate: strategy sampled 2 clients (out of 50)
[2025-01-06 11:18:30,049][flwr][INFO] - aggregate_evaluate: received 2 results and 0 failures
[2025-01-06 11:18:30,050][flwr][INFO] - 
[2025-01-06 11:18:30,050][flwr][INFO] - [ROUND 3]
[2025-01-06 11:18:30,050][flwr][INFO] - configure_fit: strategy sampled 2 clients (out of 50)
[2025-01-06 11:18:32,361][flwr][INFO] - aggregate_fit: received 2 results and 0 failures
[2025-01-06 11:18:37,866][flwr][INFO] - fit progress: (3, 349.77603220939636, {'accuracy': 0.4381759719380298}, 27.71736356400652)
[2025-01-06 11:18:37,866][flwr][INFO] - configure_evaluate: strategy sampled 2 clients (out of 50)
[2025-01-06 11:18:38,202][flwr][INFO] - aggregate_evaluate: received 2 results and 0 failures
[2025-01-06 11:18:38,202][flwr][INFO] - 
[2025-01-06 11:18:38,202][flwr][INFO] - [ROUND 4]
[2025-01-06 11:18:38,202][flwr][INFO] - configure_fit: strategy sampled 2 clients (out of 50)
[2025-01-06 11:18:40,021][flwr][INFO] - aggregate_fit: received 2 results and 0 failures
[2025-01-06 11:18:45,469][flwr][INFO] - fit progress: (4, 181.34980291128159, {'accuracy': 0.5390236772873429}, 35.32028965797508)
[2025-01-06 11:18:45,469][flwr][INFO] - configure_evaluate: strategy sampled 2 clients (out of 50)
[2025-01-06 11:18:45,891][flwr][INFO] - aggregate_evaluate: received 2 results and 0 failures
[2025-01-06 11:18:45,891][flwr][INFO] - 
[2025-01-06 11:18:45,891][flwr][INFO] - [ROUND 5]
[2025-01-06 11:18:45,891][flwr][INFO] - configure_fit: strategy sampled 2 clients (out of 50)
[2025-01-06 11:18:47,778][flwr][INFO] - aggregate_fit: received 2 results and 0 failures
[2025-01-06 11:18:53,580][flwr][INFO] - fit progress: (5, 84.42559838294983, {'accuracy': 0.7787196726103478}, 43.431327326979954)
[2025-01-06 11:18:53,580][flwr][INFO] - configure_evaluate: strategy sampled 2 clients (out of 50)
[2025-01-06 11:18:53,895][flwr][INFO] - aggregate_evaluate: received 2 results and 0 failures
[2025-01-06 11:18:53,895][flwr][INFO] - 
[2025-01-06 11:18:53,895][flwr][INFO] - [ROUND 6]
[2025-01-06 11:18:53,895][flwr][INFO] - configure_fit: strategy sampled 2 clients (out of 50)
[2025-01-06 11:18:55,937][flwr][INFO] - aggregate_fit: received 2 results and 0 failures
[2025-01-06 11:19:01,422][flwr][INFO] - fit progress: (6, 76.571000918746, {'accuracy': 0.7693656825489623}, 51.273074185999576)
[2025-01-06 11:19:01,422][flwr][INFO] - configure_evaluate: strategy sampled 2 clients (out of 50)
[2025-01-06 11:19:01,739][flwr][INFO] - aggregate_evaluate: received 2 results and 0 failures
[2025-01-06 11:19:01,739][flwr][INFO] - 
[2025-01-06 11:19:01,739][flwr][INFO] - [ROUND 7]
[2025-01-06 11:19:01,739][flwr][INFO] - configure_fit: strategy sampled 2 clients (out of 50)
[2025-01-06 11:19:02,973][flwr][INFO] - aggregate_fit: received 2 results and 0 failures
[2025-01-06 11:19:08,431][flwr][INFO] - fit progress: (7, 215.08709931373596, {'accuracy': 0.3051739257527039}, 58.2823501759558)
[2025-01-06 11:19:08,431][flwr][INFO] - configure_evaluate: strategy sampled 2 clients (out of 50)
[2025-01-06 11:19:08,717][flwr][INFO] - aggregate_evaluate: received 2 results and 0 failures
[2025-01-06 11:19:08,717][flwr][INFO] - 
[2025-01-06 11:19:08,717][flwr][INFO] - [ROUND 8]
[2025-01-06 11:19:08,718][flwr][INFO] - configure_fit: strategy sampled 2 clients (out of 50)
[2025-01-06 11:19:09,847][flwr][INFO] - aggregate_fit: received 2 results and 0 failures
[2025-01-06 11:19:15,315][flwr][INFO] - fit progress: (8, 183.23096650838852, {'accuracy': 0.6363636363636364}, 65.16661382297752)
[2025-01-06 11:19:15,315][flwr][INFO] - configure_evaluate: strategy sampled 2 clients (out of 50)
[2025-01-06 11:19:15,618][flwr][INFO] - aggregate_evaluate: received 2 results and 0 failures
[2025-01-06 11:19:15,618][flwr][INFO] - 
[2025-01-06 11:19:15,618][flwr][INFO] - [ROUND 9]
[2025-01-06 11:19:15,618][flwr][INFO] - configure_fit: strategy sampled 2 clients (out of 50)
[2025-01-06 11:19:17,352][flwr][INFO] - aggregate_fit: received 2 results and 0 failures
[2025-01-06 11:19:22,817][flwr][INFO] - fit progress: (9, 105.48256206512451, {'accuracy': 0.6916106401636948}, 72.66844089695951)
[2025-01-06 11:19:22,818][flwr][INFO] - configure_evaluate: strategy sampled 2 clients (out of 50)
[2025-01-06 11:19:23,094][flwr][INFO] - aggregate_evaluate: received 2 results and 0 failures
[2025-01-06 11:19:23,094][flwr][INFO] - 
[2025-01-06 11:19:23,094][flwr][INFO] - [ROUND 10]
[2025-01-06 11:19:23,094][flwr][INFO] - configure_fit: strategy sampled 2 clients (out of 50)
[2025-01-06 11:19:24,433][flwr][INFO] - aggregate_fit: received 2 results and 0 failures
[2025-01-06 11:19:29,840][flwr][INFO] - fit progress: (10, 63.01746340095997, {'accuracy': 0.7845659163987139}, 79.6917186040082)
[2025-01-06 11:19:29,841][flwr][INFO] - configure_evaluate: strategy sampled 2 clients (out of 50)
[2025-01-06 11:19:30,173][flwr][INFO] - aggregate_evaluate: received 2 results and 0 failures
[2025-01-06 11:19:30,173][flwr][INFO] - 
[2025-01-06 11:19:30,173][flwr][INFO] - [ROUND 11]
[2025-01-06 11:19:30,173][flwr][INFO] - configure_fit: strategy sampled 2 clients (out of 50)
[2025-01-06 11:19:31,506][flwr][INFO] - aggregate_fit: received 2 results and 0 failures
[2025-01-06 11:19:36,864][flwr][INFO] - fit progress: (11, 67.1492219120264, {'accuracy': 0.7977199649225373}, 86.71598611801164)
[2025-01-06 11:19:36,865][flwr][INFO] - configure_evaluate: strategy sampled 2 clients (out of 50)
[2025-01-06 11:19:37,229][flwr][INFO] - aggregate_evaluate: received 2 results and 0 failures
[2025-01-06 11:19:37,229][flwr][INFO] - 
[2025-01-06 11:19:37,229][flwr][INFO] - [ROUND 12]
[2025-01-06 11:19:37,229][flwr][INFO] - configure_fit: strategy sampled 2 clients (out of 50)
[2025-01-06 11:19:38,581][flwr][INFO] - aggregate_fit: received 2 results and 0 failures
[2025-01-06 11:19:43,969][flwr][INFO] - fit progress: (12, 42.77621731907129, {'accuracy': 0.8617363344051447}, 93.82051186199533)
[2025-01-06 11:19:43,970][flwr][INFO] - configure_evaluate: strategy sampled 2 clients (out of 50)
[2025-01-06 11:19:44,481][flwr][INFO] - aggregate_evaluate: received 2 results and 0 failures
[2025-01-06 11:19:44,481][flwr][INFO] - 
[2025-01-06 11:19:44,481][flwr][INFO] - [ROUND 13]
[2025-01-06 11:19:44,482][flwr][INFO] - configure_fit: strategy sampled 2 clients (out of 50)
[2025-01-06 11:19:45,694][flwr][INFO] - aggregate_fit: received 2 results and 0 failures
[2025-01-06 11:19:51,029][flwr][INFO] - fit progress: (13, 71.47728610038757, {'accuracy': 0.7646886875182695}, 100.8806194459903)
[2025-01-06 11:19:51,030][flwr][INFO] - configure_evaluate: strategy sampled 2 clients (out of 50)
[2025-01-06 11:19:51,366][flwr][INFO] - aggregate_evaluate: received 2 results and 0 failures
[2025-01-06 11:19:51,366][flwr][INFO] - 
[2025-01-06 11:19:51,366][flwr][INFO] - [ROUND 14]
[2025-01-06 11:19:51,366][flwr][INFO] - configure_fit: strategy sampled 2 clients (out of 50)
[2025-01-06 11:19:53,078][flwr][INFO] - aggregate_fit: received 2 results and 0 failures
[2025-01-06 11:19:57,924][flwr][INFO] - fit progress: (14, 74.6909999102354, {'accuracy': 0.8047354574685764}, 107.77547511499142)
[2025-01-06 11:19:57,925][flwr][INFO] - configure_evaluate: strategy sampled 2 clients (out of 50)
[2025-01-06 11:19:58,252][flwr][INFO] - aggregate_evaluate: received 2 results and 0 failures
[2025-01-06 11:19:58,252][flwr][INFO] - 
[2025-01-06 11:19:58,252][flwr][INFO] - [ROUND 15]
[2025-01-06 11:19:58,252][flwr][INFO] - configure_fit: strategy sampled 2 clients (out of 50)
[2025-01-06 11:19:59,862][flwr][INFO] - aggregate_fit: received 2 results and 0 failures
[2025-01-06 11:20:04,721][flwr][INFO] - fit progress: (15, 266.17796301841736, {'accuracy': 0.5764396375328851}, 114.57212767197052)
[2025-01-06 11:20:04,721][flwr][INFO] - configure_evaluate: strategy sampled 2 clients (out of 50)
[2025-01-06 11:20:05,055][flwr][INFO] - aggregate_evaluate: received 2 results and 0 failures
[2025-01-06 11:20:05,055][flwr][INFO] - 
[2025-01-06 11:20:05,055][flwr][INFO] - [ROUND 16]
[2025-01-06 11:20:05,056][flwr][INFO] - configure_fit: strategy sampled 2 clients (out of 50)
[2025-01-06 11:20:06,208][flwr][INFO] - aggregate_fit: received 2 results and 0 failures
[2025-01-06 11:20:11,103][flwr][INFO] - fit progress: (16, 213.88459312915802, {'accuracy': 0.4688687518269512}, 120.95480104500894)
[2025-01-06 11:20:11,104][flwr][INFO] - configure_evaluate: strategy sampled 2 clients (out of 50)
[2025-01-06 11:20:11,606][flwr][INFO] - aggregate_evaluate: received 2 results and 0 failures
[2025-01-06 11:20:11,607][flwr][INFO] - 
[2025-01-06 11:20:11,607][flwr][INFO] - [ROUND 17]
[2025-01-06 11:20:11,607][flwr][INFO] - configure_fit: strategy sampled 2 clients (out of 50)
[2025-01-06 11:20:13,240][flwr][INFO] - aggregate_fit: received 2 results and 0 failures
[2025-01-06 11:20:18,289][flwr][INFO] - fit progress: (17, 78.50583851337433, {'accuracy': 0.746565331774335}, 128.14094901597127)
[2025-01-06 11:20:18,290][flwr][INFO] - configure_evaluate: strategy sampled 2 clients (out of 50)
[2025-01-06 11:20:18,628][flwr][INFO] - aggregate_evaluate: received 2 results and 0 failures
[2025-01-06 11:20:18,628][flwr][INFO] - 
[2025-01-06 11:20:18,628][flwr][INFO] - [ROUND 18]
[2025-01-06 11:20:18,628][flwr][INFO] - configure_fit: strategy sampled 2 clients (out of 50)
[2025-01-06 11:20:20,078][flwr][INFO] - aggregate_fit: received 2 results and 0 failures
[2025-01-06 11:20:25,045][flwr][INFO] - fit progress: (18, 98.83929961919785, {'accuracy': 0.6737795966091786}, 134.89632517797872)
[2025-01-06 11:20:25,045][flwr][INFO] - configure_evaluate: strategy sampled 2 clients (out of 50)
[2025-01-06 11:20:25,401][flwr][INFO] - aggregate_evaluate: received 2 results and 0 failures
[2025-01-06 11:20:25,401][flwr][INFO] - 
[2025-01-06 11:20:25,401][flwr][INFO] - [ROUND 19]
[2025-01-06 11:20:25,401][flwr][INFO] - configure_fit: strategy sampled 2 clients (out of 50)
[2025-01-06 11:20:27,414][flwr][INFO] - aggregate_fit: received 2 results and 0 failures
[2025-01-06 11:20:33,246][flwr][INFO] - fit progress: (19, 142.15597727894783, {'accuracy': 0.710318620286466}, 143.09778364398517)
[2025-01-06 11:20:33,246][flwr][INFO] - configure_evaluate: strategy sampled 2 clients (out of 50)
[2025-01-06 11:20:33,758][flwr][INFO] - aggregate_evaluate: received 2 results and 0 failures
[2025-01-06 11:20:33,758][flwr][INFO] - 
[2025-01-06 11:20:33,758][flwr][INFO] - [ROUND 20]
[2025-01-06 11:20:33,758][flwr][INFO] - configure_fit: strategy sampled 2 clients (out of 50)
[2025-01-06 11:20:35,292][flwr][INFO] - aggregate_fit: received 2 results and 0 failures
[2025-01-06 11:20:40,192][flwr][INFO] - fit progress: (20, 109.28633651137352, {'accuracy': 0.7173341128325051}, 150.04351325600874)
[2025-01-06 11:20:40,192][flwr][INFO] - configure_evaluate: strategy sampled 2 clients (out of 50)
[2025-01-06 11:20:40,502][flwr][INFO] - aggregate_evaluate: received 2 results and 0 failures
[2025-01-06 11:20:40,502][flwr][INFO] - 
[2025-01-06 11:20:40,503][flwr][INFO] - [ROUND 21]
[2025-01-06 11:20:40,503][flwr][INFO] - configure_fit: strategy sampled 2 clients (out of 50)
[2025-01-06 11:20:41,955][flwr][INFO] - aggregate_fit: received 2 results and 0 failures
[2025-01-06 11:20:46,907][flwr][INFO] - fit progress: (21, 67.3143785148859, {'accuracy': 0.77491961414791}, 156.75879671698203)
[2025-01-06 11:20:46,908][flwr][INFO] - configure_evaluate: strategy sampled 2 clients (out of 50)
[2025-01-06 11:20:47,279][flwr][INFO] - aggregate_evaluate: received 2 results and 0 failures
[2025-01-06 11:20:47,279][flwr][INFO] - 
[2025-01-06 11:20:47,279][flwr][INFO] - [ROUND 22]
[2025-01-06 11:20:47,279][flwr][INFO] - configure_fit: strategy sampled 2 clients (out of 50)
[2025-01-06 11:20:48,806][flwr][INFO] - aggregate_fit: received 2 results and 0 failures
[2025-01-06 11:20:53,686][flwr][INFO] - fit progress: (22, 76.60904075205326, {'accuracy': 0.7658579362759427}, 163.53802883200115)
[2025-01-06 11:20:53,687][flwr][INFO] - configure_evaluate: strategy sampled 2 clients (out of 50)
[2025-01-06 11:20:54,064][flwr][INFO] - aggregate_evaluate: received 2 results and 0 failures
[2025-01-06 11:20:54,064][flwr][INFO] - 
[2025-01-06 11:20:54,064][flwr][INFO] - [ROUND 23]
[2025-01-06 11:20:54,064][flwr][INFO] - configure_fit: strategy sampled 2 clients (out of 50)
[2025-01-06 11:20:55,218][flwr][INFO] - aggregate_fit: received 2 results and 0 failures
[2025-01-06 11:20:59,990][flwr][INFO] - fit progress: (23, 197.72148656845093, {'accuracy': 0.5340543700672318}, 169.8413700480014)
[2025-01-06 11:20:59,990][flwr][INFO] - configure_evaluate: strategy sampled 2 clients (out of 50)
[2025-01-06 11:21:00,398][flwr][INFO] - aggregate_evaluate: received 2 results and 0 failures
[2025-01-06 11:21:00,399][flwr][INFO] - 
[2025-01-06 11:21:00,399][flwr][INFO] - [ROUND 24]
[2025-01-06 11:21:00,399][flwr][INFO] - configure_fit: strategy sampled 2 clients (out of 50)
[2025-01-06 11:21:01,404][flwr][INFO] - aggregate_fit: received 2 results and 0 failures
[2025-01-06 11:21:06,179][flwr][INFO] - fit progress: (24, 57.43863828480244, {'accuracy': 0.8196433791289097}, 176.03033723297995)
[2025-01-06 11:21:06,179][flwr][INFO] - configure_evaluate: strategy sampled 2 clients (out of 50)
[2025-01-06 11:21:06,483][flwr][INFO] - aggregate_evaluate: received 2 results and 0 failures
[2025-01-06 11:21:06,483][flwr][INFO] - 
[2025-01-06 11:21:06,483][flwr][INFO] - [ROUND 25]
[2025-01-06 11:21:06,483][flwr][INFO] - configure_fit: strategy sampled 2 clients (out of 50)
[2025-01-06 11:21:08,217][flwr][INFO] - aggregate_fit: received 2 results and 0 failures
[2025-01-06 11:21:13,247][flwr][INFO] - fit progress: (25, 135.63263633847237, {'accuracy': 0.6615024846536101}, 183.09834298095666)
[2025-01-06 11:21:13,247][flwr][INFO] - configure_evaluate: strategy sampled 2 clients (out of 50)
[2025-01-06 11:21:13,597][flwr][INFO] - aggregate_evaluate: received 2 results and 0 failures
[2025-01-06 11:21:13,597][flwr][INFO] - 
[2025-01-06 11:21:13,598][flwr][INFO] - [ROUND 26]
[2025-01-06 11:21:13,598][flwr][INFO] - configure_fit: strategy sampled 2 clients (out of 50)
[2025-01-06 11:21:14,727][flwr][INFO] - aggregate_fit: received 2 results and 0 failures
[2025-01-06 11:21:19,625][flwr][INFO] - fit progress: (26, 145.99538761377335, {'accuracy': 0.6480561239403683}, 189.47628857498057)
[2025-01-06 11:21:19,625][flwr][INFO] - configure_evaluate: strategy sampled 2 clients (out of 50)
[2025-01-06 11:21:20,072][flwr][INFO] - aggregate_evaluate: received 2 results and 0 failures
[2025-01-06 11:21:20,072][flwr][INFO] - 
[2025-01-06 11:21:20,072][flwr][INFO] - [ROUND 27]
[2025-01-06 11:21:20,072][flwr][INFO] - configure_fit: strategy sampled 2 clients (out of 50)
[2025-01-06 11:21:21,481][flwr][INFO] - aggregate_fit: received 2 results and 0 failures
[2025-01-06 11:21:26,379][flwr][INFO] - fit progress: (27, 60.32039311528206, {'accuracy': 0.799473838059047}, 196.23013700300362)
[2025-01-06 11:21:26,379][flwr][INFO] - configure_evaluate: strategy sampled 2 clients (out of 50)
[2025-01-06 11:21:26,738][flwr][INFO] - aggregate_evaluate: received 2 results and 0 failures
[2025-01-06 11:21:26,738][flwr][INFO] - 
[2025-01-06 11:21:26,738][flwr][INFO] - [ROUND 28]
[2025-01-06 11:21:26,738][flwr][INFO] - configure_fit: strategy sampled 2 clients (out of 50)
[2025-01-06 11:21:28,028][flwr][INFO] - aggregate_fit: received 2 results and 0 failures
[2025-01-06 11:21:32,853][flwr][INFO] - fit progress: (28, 109.19811423122883, {'accuracy': 0.6971645717626425}, 202.70494603499537)
[2025-01-06 11:21:32,854][flwr][INFO] - configure_evaluate: strategy sampled 2 clients (out of 50)
[2025-01-06 11:21:33,182][flwr][INFO] - aggregate_evaluate: received 2 results and 0 failures
[2025-01-06 11:21:33,182][flwr][INFO] - 
[2025-01-06 11:21:33,183][flwr][INFO] - [ROUND 29]
[2025-01-06 11:21:33,183][flwr][INFO] - configure_fit: strategy sampled 2 clients (out of 50)
[2025-01-06 11:21:34,965][flwr][INFO] - aggregate_fit: received 2 results and 0 failures
[2025-01-06 11:21:41,553][flwr][INFO] - fit progress: (29, 39.3903630040586, {'accuracy': 0.8693364513300205}, 211.40505879896227)
[2025-01-06 11:21:41,554][flwr][INFO] - configure_evaluate: strategy sampled 2 clients (out of 50)
[2025-01-06 11:21:42,248][flwr][INFO] - aggregate_evaluate: received 2 results and 0 failures
[2025-01-06 11:21:42,248][flwr][INFO] - 
[2025-01-06 11:21:42,248][flwr][INFO] - [ROUND 30]
[2025-01-06 11:21:42,248][flwr][INFO] - configure_fit: strategy sampled 2 clients (out of 50)
[2025-01-06 11:21:44,423][flwr][INFO] - aggregate_fit: received 2 results and 0 failures
[2025-01-06 11:21:49,491][flwr][INFO] - fit progress: (30, 134.63435944914818, {'accuracy': 0.7322420344928383}, 219.34223571198527)
[2025-01-06 11:21:49,491][flwr][INFO] - configure_evaluate: strategy sampled 2 clients (out of 50)
[2025-01-06 11:21:49,843][flwr][INFO] - aggregate_evaluate: received 2 results and 0 failures
[2025-01-06 11:21:49,843][flwr][INFO] - 
[2025-01-06 11:21:49,843][flwr][INFO] - [ROUND 31]
[2025-01-06 11:21:49,843][flwr][INFO] - configure_fit: strategy sampled 2 clients (out of 50)
[2025-01-06 11:21:51,467][flwr][INFO] - aggregate_fit: received 2 results and 0 failures
[2025-01-06 11:21:56,417][flwr][INFO] - fit progress: (31, 103.37450924515724, {'accuracy': 0.7310727857351652}, 226.26867433200823)
[2025-01-06 11:21:56,417][flwr][INFO] - configure_evaluate: strategy sampled 2 clients (out of 50)
[2025-01-06 11:21:56,715][flwr][INFO] - aggregate_evaluate: received 2 results and 0 failures
[2025-01-06 11:21:56,715][flwr][INFO] - 
[2025-01-06 11:21:56,715][flwr][INFO] - [ROUND 32]
[2025-01-06 11:21:56,715][flwr][INFO] - configure_fit: strategy sampled 2 clients (out of 50)
[2025-01-06 11:21:57,991][flwr][INFO] - aggregate_fit: received 2 results and 0 failures
[2025-01-06 11:22:02,822][flwr][INFO] - fit progress: (32, 100.11689940840006, {'accuracy': 0.754457760888629}, 232.67349907499738)
[2025-01-06 11:22:02,822][flwr][INFO] - configure_evaluate: strategy sampled 2 clients (out of 50)
[2025-01-06 11:22:03,133][flwr][INFO] - aggregate_evaluate: received 2 results and 0 failures
[2025-01-06 11:22:03,134][flwr][INFO] - 
[2025-01-06 11:22:03,134][flwr][INFO] - [ROUND 33]
[2025-01-06 11:22:03,134][flwr][INFO] - configure_fit: strategy sampled 2 clients (out of 50)
[2025-01-06 11:22:04,847][flwr][INFO] - aggregate_fit: received 2 results and 0 failures
[2025-01-06 11:22:10,062][flwr][INFO] - fit progress: (33, 77.71121487021446, {'accuracy': 0.7679041216018708}, 239.91407015395816)
[2025-01-06 11:22:10,063][flwr][INFO] - configure_evaluate: strategy sampled 2 clients (out of 50)
[2025-01-06 11:22:10,554][flwr][INFO] - aggregate_evaluate: received 2 results and 0 failures
[2025-01-06 11:22:10,554][flwr][INFO] - 
[2025-01-06 11:22:10,555][flwr][INFO] - [ROUND 34]
[2025-01-06 11:22:10,555][flwr][INFO] - configure_fit: strategy sampled 2 clients (out of 50)
[2025-01-06 11:22:12,472][flwr][INFO] - aggregate_fit: received 2 results and 0 failures
[2025-01-06 11:22:17,614][flwr][INFO] - fit progress: (34, 171.7087659239769, {'accuracy': 0.6465945629932768}, 247.4651089789695)
[2025-01-06 11:22:17,614][flwr][INFO] - configure_evaluate: strategy sampled 2 clients (out of 50)
[2025-01-06 11:22:17,970][flwr][INFO] - aggregate_evaluate: received 2 results and 0 failures
[2025-01-06 11:22:17,970][flwr][INFO] - 
[2025-01-06 11:22:17,970][flwr][INFO] - [ROUND 35]
[2025-01-06 11:22:17,970][flwr][INFO] - configure_fit: strategy sampled 2 clients (out of 50)
[2025-01-06 11:22:18,927][flwr][INFO] - aggregate_fit: received 2 results and 0 failures
[2025-01-06 11:22:23,684][flwr][INFO] - fit progress: (35, 101.07122237235308, {'accuracy': 0.7301958491669103}, 253.53588185098488)
[2025-01-06 11:22:23,685][flwr][INFO] - configure_evaluate: strategy sampled 2 clients (out of 50)
[2025-01-06 11:22:24,047][flwr][INFO] - aggregate_evaluate: received 2 results and 0 failures
[2025-01-06 11:22:24,048][flwr][INFO] - 
[2025-01-06 11:22:24,048][flwr][INFO] - [ROUND 36]
[2025-01-06 11:22:24,048][flwr][INFO] - configure_fit: strategy sampled 2 clients (out of 50)
[2025-01-06 11:22:25,944][flwr][INFO] - aggregate_fit: received 2 results and 0 failures
[2025-01-06 11:22:31,283][flwr][INFO] - fit progress: (36, 98.65159156918526, {'accuracy': 0.7351651563870213}, 261.1346165940049)
[2025-01-06 11:22:31,283][flwr][INFO] - configure_evaluate: strategy sampled 2 clients (out of 50)
[2025-01-06 11:22:31,612][flwr][INFO] - aggregate_evaluate: received 2 results and 0 failures
[2025-01-06 11:22:31,612][flwr][INFO] - 
[2025-01-06 11:22:31,612][flwr][INFO] - [ROUND 37]
[2025-01-06 11:22:31,612][flwr][INFO] - configure_fit: strategy sampled 2 clients (out of 50)
[2025-01-06 11:22:33,027][flwr][INFO] - aggregate_fit: received 2 results and 0 failures
[2025-01-06 11:22:37,955][flwr][INFO] - fit progress: (37, 57.06539295613766, {'accuracy': 0.8175971938029816}, 267.8061068090028)
[2025-01-06 11:22:37,955][flwr][INFO] - configure_evaluate: strategy sampled 2 clients (out of 50)
[2025-01-06 11:22:38,275][flwr][INFO] - aggregate_evaluate: received 2 results and 0 failures
[2025-01-06 11:22:38,275][flwr][INFO] - 
[2025-01-06 11:22:38,276][flwr][INFO] - [ROUND 38]
[2025-01-06 11:22:38,276][flwr][INFO] - configure_fit: strategy sampled 2 clients (out of 50)
[2025-01-06 11:22:39,878][flwr][INFO] - aggregate_fit: received 2 results and 0 failures
[2025-01-06 11:22:45,251][flwr][INFO] - fit progress: (38, 116.65109780430794, {'accuracy': 0.7404267757965507}, 275.1025011689635)
[2025-01-06 11:22:45,252][flwr][INFO] - configure_evaluate: strategy sampled 2 clients (out of 50)
[2025-01-06 11:22:45,555][flwr][INFO] - aggregate_evaluate: received 2 results and 0 failures
[2025-01-06 11:22:45,555][flwr][INFO] - 
[2025-01-06 11:22:45,555][flwr][INFO] - [ROUND 39]
[2025-01-06 11:22:45,555][flwr][INFO] - configure_fit: strategy sampled 2 clients (out of 50)
[2025-01-06 11:22:47,925][flwr][INFO] - aggregate_fit: received 2 results and 0 failures
[2025-01-06 11:22:53,015][flwr][INFO] - fit progress: (39, 93.50908671319485, {'accuracy': 0.7471499561531716}, 282.8663364449749)
[2025-01-06 11:22:53,016][flwr][INFO] - configure_evaluate: strategy sampled 2 clients (out of 50)
[2025-01-06 11:22:53,381][flwr][INFO] - aggregate_evaluate: received 2 results and 0 failures
[2025-01-06 11:22:53,381][flwr][INFO] - 
[2025-01-06 11:22:53,381][flwr][INFO] - [ROUND 40]
[2025-01-06 11:22:53,381][flwr][INFO] - configure_fit: strategy sampled 2 clients (out of 50)
[2025-01-06 11:22:54,962][flwr][INFO] - aggregate_fit: received 2 results and 0 failures
[2025-01-06 11:22:59,906][flwr][INFO] - fit progress: (40, 53.352510161697865, {'accuracy': 0.8576439637532886}, 289.7579265499953)
[2025-01-06 11:22:59,907][flwr][INFO] - configure_evaluate: strategy sampled 2 clients (out of 50)
[2025-01-06 11:23:00,295][flwr][INFO] - aggregate_evaluate: received 2 results and 0 failures
[2025-01-06 11:23:00,295][flwr][INFO] - 
[2025-01-06 11:23:00,295][flwr][INFO] - [ROUND 41]
[2025-01-06 11:23:00,295][flwr][INFO] - configure_fit: strategy sampled 2 clients (out of 50)
[2025-01-06 11:23:01,754][flwr][INFO] - aggregate_fit: received 2 results and 0 failures
[2025-01-06 11:23:07,643][flwr][INFO] - fit progress: (41, 107.97985029220581, {'accuracy': 0.7076878105817013}, 297.4946559270029)
[2025-01-06 11:23:07,643][flwr][INFO] - configure_evaluate: strategy sampled 2 clients (out of 50)
[2025-01-06 11:23:08,002][flwr][INFO] - aggregate_evaluate: received 2 results and 0 failures
[2025-01-06 11:23:08,002][flwr][INFO] - 
[2025-01-06 11:23:08,002][flwr][INFO] - [ROUND 42]
[2025-01-06 11:23:08,002][flwr][INFO] - configure_fit: strategy sampled 2 clients (out of 50)
[2025-01-06 11:23:09,595][flwr][INFO] - aggregate_fit: received 2 results and 0 failures
[2025-01-06 11:23:15,155][flwr][INFO] - fit progress: (42, 66.95332422852516, {'accuracy': 0.8351359251680796}, 305.0062889379915)
[2025-01-06 11:23:15,155][flwr][INFO] - configure_evaluate: strategy sampled 2 clients (out of 50)
[2025-01-06 11:23:15,510][flwr][INFO] - aggregate_evaluate: received 2 results and 0 failures
[2025-01-06 11:23:15,510][flwr][INFO] - 
[2025-01-06 11:23:15,510][flwr][INFO] - [ROUND 43]
[2025-01-06 11:23:15,511][flwr][INFO] - configure_fit: strategy sampled 2 clients (out of 50)
[2025-01-06 11:23:16,699][flwr][INFO] - aggregate_fit: received 2 results and 0 failures
[2025-01-06 11:23:22,327][flwr][INFO] - fit progress: (43, 54.577502600848675, {'accuracy': 0.8430283542823735}, 312.1782864119741)
[2025-01-06 11:23:22,327][flwr][INFO] - configure_evaluate: strategy sampled 2 clients (out of 50)
[2025-01-06 11:23:22,838][flwr][INFO] - aggregate_evaluate: received 2 results and 0 failures
[2025-01-06 11:23:22,838][flwr][INFO] - 
[2025-01-06 11:23:22,838][flwr][INFO] - [ROUND 44]
[2025-01-06 11:23:22,839][flwr][INFO] - configure_fit: strategy sampled 2 clients (out of 50)
[2025-01-06 11:23:24,473][flwr][INFO] - aggregate_fit: received 2 results and 0 failures
[2025-01-06 11:23:30,048][flwr][INFO] - fit progress: (44, 65.78917191177607, {'accuracy': 0.827828120432622}, 319.89994567696704)
[2025-01-06 11:23:30,049][flwr][INFO] - configure_evaluate: strategy sampled 2 clients (out of 50)
[2025-01-06 11:23:30,368][flwr][INFO] - aggregate_evaluate: received 2 results and 0 failures
[2025-01-06 11:23:30,368][flwr][INFO] - 
[2025-01-06 11:23:30,368][flwr][INFO] - [ROUND 45]
[2025-01-06 11:23:30,368][flwr][INFO] - configure_fit: strategy sampled 2 clients (out of 50)
[2025-01-06 11:23:32,323][flwr][INFO] - aggregate_fit: received 2 results and 0 failures
[2025-01-06 11:23:37,550][flwr][INFO] - fit progress: (45, 81.49014542996883, {'accuracy': 0.8012277111955568}, 327.4016020819545)
[2025-01-06 11:23:37,550][flwr][INFO] - configure_evaluate: strategy sampled 2 clients (out of 50)
[2025-01-06 11:23:37,851][flwr][INFO] - aggregate_evaluate: received 2 results and 0 failures
[2025-01-06 11:23:37,851][flwr][INFO] - 
[2025-01-06 11:23:37,851][flwr][INFO] - [ROUND 46]
[2025-01-06 11:23:37,851][flwr][INFO] - configure_fit: strategy sampled 2 clients (out of 50)
[2025-01-06 11:23:39,221][flwr][INFO] - aggregate_fit: received 2 results and 0 failures
[2025-01-06 11:23:43,954][flwr][INFO] - fit progress: (46, 196.16415041685104, {'accuracy': 0.5492546039169833}, 333.805940027989)
[2025-01-06 11:23:43,955][flwr][INFO] - configure_evaluate: strategy sampled 2 clients (out of 50)
[2025-01-06 11:23:44,250][flwr][INFO] - aggregate_evaluate: received 2 results and 0 failures
[2025-01-06 11:23:44,251][flwr][INFO] - 
[2025-01-06 11:23:44,251][flwr][INFO] - [ROUND 47]
[2025-01-06 11:23:44,251][flwr][INFO] - configure_fit: strategy sampled 2 clients (out of 50)
[2025-01-06 11:23:45,796][flwr][INFO] - aggregate_fit: received 2 results and 0 failures
[2025-01-06 11:23:50,742][flwr][INFO] - fit progress: (47, 61.79914875328541, {'accuracy': 0.8327974276527331}, 340.5940126639907)
[2025-01-06 11:23:50,743][flwr][INFO] - configure_evaluate: strategy sampled 2 clients (out of 50)
[2025-01-06 11:23:51,049][flwr][INFO] - aggregate_evaluate: received 2 results and 0 failures
[2025-01-06 11:23:51,050][flwr][INFO] - 
[2025-01-06 11:23:51,050][flwr][INFO] - [ROUND 48]
[2025-01-06 11:23:51,050][flwr][INFO] - configure_fit: strategy sampled 2 clients (out of 50)
[2025-01-06 11:23:52,661][flwr][INFO] - aggregate_fit: received 2 results and 0 failures
[2025-01-06 11:23:57,547][flwr][INFO] - fit progress: (48, 72.650715097785, {'accuracy': 0.8114586378251973}, 347.3985829249723)
[2025-01-06 11:23:57,547][flwr][INFO] - configure_evaluate: strategy sampled 2 clients (out of 50)
[2025-01-06 11:23:57,831][flwr][INFO] - aggregate_evaluate: received 2 results and 0 failures
[2025-01-06 11:23:57,832][flwr][INFO] - 
[2025-01-06 11:23:57,832][flwr][INFO] - [ROUND 49]
[2025-01-06 11:23:57,832][flwr][INFO] - configure_fit: strategy sampled 2 clients (out of 50)
[2025-01-06 11:23:58,942][flwr][INFO] - aggregate_fit: received 2 results and 0 failures
[2025-01-06 11:24:03,900][flwr][INFO] - fit progress: (49, 38.82237372174859, {'accuracy': 0.8880444314527915}, 353.75144694099436)
[2025-01-06 11:24:03,900][flwr][INFO] - configure_evaluate: strategy sampled 2 clients (out of 50)
[2025-01-06 11:24:04,287][flwr][INFO] - aggregate_evaluate: received 2 results and 0 failures
[2025-01-06 11:24:04,287][flwr][INFO] - 
[2025-01-06 11:24:04,287][flwr][INFO] - [ROUND 50]
[2025-01-06 11:24:04,287][flwr][INFO] - configure_fit: strategy sampled 2 clients (out of 50)
[2025-01-06 11:24:05,362][flwr][INFO] - aggregate_fit: received 2 results and 0 failures
[2025-01-06 11:24:10,251][flwr][INFO] - fit progress: (50, 60.66945445537567, {'accuracy': 0.8392282958199357}, 360.10289021296194)
[2025-01-06 11:24:10,252][flwr][INFO] - configure_evaluate: strategy sampled 2 clients (out of 50)
[2025-01-06 11:24:10,533][flwr][INFO] - aggregate_evaluate: received 2 results and 0 failures
[2025-01-06 11:24:10,534][flwr][INFO] - 
[2025-01-06 11:24:10,534][flwr][INFO] - [ROUND 51]
[2025-01-06 11:24:10,534][flwr][INFO] - configure_fit: strategy sampled 2 clients (out of 50)
[2025-01-06 11:24:11,806][flwr][INFO] - aggregate_fit: received 2 results and 0 failures
[2025-01-06 11:24:16,671][flwr][INFO] - fit progress: (51, 66.93814426288009, {'accuracy': 0.8287050570008769}, 366.5223151409882)
[2025-01-06 11:24:16,671][flwr][INFO] - configure_evaluate: strategy sampled 2 clients (out of 50)
[2025-01-06 11:24:16,964][flwr][INFO] - aggregate_evaluate: received 2 results and 0 failures
[2025-01-06 11:24:16,965][flwr][INFO] - 
[2025-01-06 11:24:16,965][flwr][INFO] - [ROUND 52]
[2025-01-06 11:24:16,965][flwr][INFO] - configure_fit: strategy sampled 2 clients (out of 50)
[2025-01-06 11:24:18,686][flwr][INFO] - aggregate_fit: received 2 results and 0 failures
[2025-01-06 11:24:23,557][flwr][INFO] - fit progress: (52, 99.15682600438595, {'accuracy': 0.7676118094124526}, 373.40814081096323)
[2025-01-06 11:24:23,557][flwr][INFO] - configure_evaluate: strategy sampled 2 clients (out of 50)
[2025-01-06 11:24:23,908][flwr][INFO] - aggregate_evaluate: received 2 results and 0 failures
[2025-01-06 11:24:23,908][flwr][INFO] - 
[2025-01-06 11:24:23,908][flwr][INFO] - [ROUND 53]
[2025-01-06 11:24:23,908][flwr][INFO] - configure_fit: strategy sampled 2 clients (out of 50)
[2025-01-06 11:24:24,966][flwr][INFO] - aggregate_fit: received 2 results and 0 failures
[2025-01-06 11:24:29,732][flwr][INFO] - fit progress: (53, 77.02516039460897, {'accuracy': 0.808243203741596}, 379.58370944700437)
[2025-01-06 11:24:29,733][flwr][INFO] - configure_evaluate: strategy sampled 2 clients (out of 50)
[2025-01-06 11:24:30,030][flwr][INFO] - aggregate_evaluate: received 2 results and 0 failures
[2025-01-06 11:24:30,030][flwr][INFO] - 
[2025-01-06 11:24:30,031][flwr][INFO] - [ROUND 54]
[2025-01-06 11:24:30,031][flwr][INFO] - configure_fit: strategy sampled 2 clients (out of 50)
[2025-01-06 11:24:31,456][flwr][INFO] - aggregate_fit: received 2 results and 0 failures
[2025-01-06 11:24:36,207][flwr][INFO] - fit progress: (54, 49.894806526601315, {'accuracy': 0.8626132709733996}, 386.05827375897206)
[2025-01-06 11:24:36,207][flwr][INFO] - configure_evaluate: strategy sampled 2 clients (out of 50)
[2025-01-06 11:24:36,822][flwr][INFO] - aggregate_evaluate: received 2 results and 0 failures
[2025-01-06 11:24:36,822][flwr][INFO] - 
[2025-01-06 11:24:36,822][flwr][INFO] - [ROUND 55]
[2025-01-06 11:24:36,822][flwr][INFO] - configure_fit: strategy sampled 2 clients (out of 50)
[2025-01-06 11:24:37,937][flwr][INFO] - aggregate_fit: received 2 results and 0 failures
[2025-01-06 11:24:42,826][flwr][INFO] - fit progress: (55, 135.9867261648178, {'accuracy': 0.6822566501023093}, 392.6776869369787)
[2025-01-06 11:24:42,826][flwr][INFO] - configure_evaluate: strategy sampled 2 clients (out of 50)
[2025-01-06 11:24:43,089][flwr][INFO] - aggregate_evaluate: received 2 results and 0 failures
[2025-01-06 11:24:43,089][flwr][INFO] - 
[2025-01-06 11:24:43,089][flwr][INFO] - [ROUND 56]
[2025-01-06 11:24:43,089][flwr][INFO] - configure_fit: strategy sampled 2 clients (out of 50)
[2025-01-06 11:24:45,152][flwr][INFO] - aggregate_fit: received 2 results and 0 failures
[2025-01-06 11:24:49,914][flwr][INFO] - fit progress: (56, 103.44268698059022, {'accuracy': 0.779888921368021}, 399.76526420697337)
[2025-01-06 11:24:49,914][flwr][INFO] - configure_evaluate: strategy sampled 2 clients (out of 50)
[2025-01-06 11:24:50,320][flwr][INFO] - aggregate_evaluate: received 2 results and 0 failures
[2025-01-06 11:24:50,320][flwr][INFO] - 
[2025-01-06 11:24:50,320][flwr][INFO] - [ROUND 57]
[2025-01-06 11:24:50,321][flwr][INFO] - configure_fit: strategy sampled 2 clients (out of 50)
[2025-01-06 11:24:51,499][flwr][INFO] - aggregate_fit: received 2 results and 0 failures
[2025-01-06 11:24:56,251][flwr][INFO] - fit progress: (57, 50.34925557486713, {'accuracy': 0.8588132125109617}, 406.1022809529677)
[2025-01-06 11:24:56,251][flwr][INFO] - configure_evaluate: strategy sampled 2 clients (out of 50)
[2025-01-06 11:24:56,761][flwr][INFO] - aggregate_evaluate: received 2 results and 0 failures
[2025-01-06 11:24:56,761][flwr][INFO] - 
[2025-01-06 11:24:56,761][flwr][INFO] - [ROUND 58]
[2025-01-06 11:24:56,761][flwr][INFO] - configure_fit: strategy sampled 2 clients (out of 50)
[2025-01-06 11:24:57,905][flwr][INFO] - aggregate_fit: received 2 results and 0 failures
[2025-01-06 11:25:02,788][flwr][INFO] - fit progress: (58, 59.932002279907465, {'accuracy': 0.8661210172464192}, 412.6393135180115)
[2025-01-06 11:25:02,788][flwr][INFO] - configure_evaluate: strategy sampled 2 clients (out of 50)
[2025-01-06 11:25:03,084][flwr][INFO] - aggregate_evaluate: received 2 results and 0 failures
[2025-01-06 11:25:03,084][flwr][INFO] - 
[2025-01-06 11:25:03,084][flwr][INFO] - [ROUND 59]
[2025-01-06 11:25:03,084][flwr][INFO] - configure_fit: strategy sampled 2 clients (out of 50)
[2025-01-06 11:25:04,021][flwr][INFO] - aggregate_fit: received 2 results and 0 failures
[2025-01-06 11:25:08,750][flwr][INFO] - fit progress: (59, 95.80472585558891, {'accuracy': 0.7740426775796551}, 418.60172431496903)
[2025-01-06 11:25:08,751][flwr][INFO] - configure_evaluate: strategy sampled 2 clients (out of 50)
[2025-01-06 11:25:09,070][flwr][INFO] - aggregate_evaluate: received 2 results and 0 failures
[2025-01-06 11:25:09,070][flwr][INFO] - 
[2025-01-06 11:25:09,070][flwr][INFO] - [ROUND 60]
[2025-01-06 11:25:09,070][flwr][INFO] - configure_fit: strategy sampled 2 clients (out of 50)
[2025-01-06 11:25:10,386][flwr][INFO] - aggregate_fit: received 2 results and 0 failures
[2025-01-06 11:25:15,380][flwr][INFO] - fit progress: (60, 53.483267061412334, {'accuracy': 0.8570593393744519}, 425.2315903849667)
[2025-01-06 11:25:15,380][flwr][INFO] - configure_evaluate: strategy sampled 2 clients (out of 50)
[2025-01-06 11:25:15,887][flwr][INFO] - aggregate_evaluate: received 2 results and 0 failures
[2025-01-06 11:25:15,888][flwr][INFO] - 
[2025-01-06 11:25:15,888][flwr][INFO] - [ROUND 61]
[2025-01-06 11:25:15,888][flwr][INFO] - configure_fit: strategy sampled 2 clients (out of 50)
[2025-01-06 11:25:17,668][flwr][INFO] - aggregate_fit: received 2 results and 0 failures
[2025-01-06 11:25:22,810][flwr][INFO] - fit progress: (61, 126.63931274414062, {'accuracy': 0.7462730195849167}, 432.661449428997)
[2025-01-06 11:25:22,810][flwr][INFO] - configure_evaluate: strategy sampled 2 clients (out of 50)
[2025-01-06 11:25:23,099][flwr][INFO] - aggregate_evaluate: received 2 results and 0 failures
[2025-01-06 11:25:23,099][flwr][INFO] - 
[2025-01-06 11:25:23,099][flwr][INFO] - [ROUND 62]
[2025-01-06 11:25:23,100][flwr][INFO] - configure_fit: strategy sampled 2 clients (out of 50)
[2025-01-06 11:25:24,562][flwr][INFO] - aggregate_fit: received 2 results and 0 failures
[2025-01-06 11:25:29,378][flwr][INFO] - fit progress: (62, 69.59653030708432, {'accuracy': 0.8266588716749489}, 439.22989834996406)
[2025-01-06 11:25:29,379][flwr][INFO] - configure_evaluate: strategy sampled 2 clients (out of 50)
[2025-01-06 11:25:29,767][flwr][INFO] - aggregate_evaluate: received 2 results and 0 failures
[2025-01-06 11:25:29,767][flwr][INFO] - 
[2025-01-06 11:25:29,767][flwr][INFO] - [ROUND 63]
[2025-01-06 11:25:29,767][flwr][INFO] - configure_fit: strategy sampled 2 clients (out of 50)
[2025-01-06 11:25:31,472][flwr][INFO] - aggregate_fit: received 2 results and 0 failures
[2025-01-06 11:25:36,335][flwr][INFO] - fit progress: (63, 84.03232736885548, {'accuracy': 0.8105817012569424}, 446.18700623500627)
[2025-01-06 11:25:36,336][flwr][INFO] - configure_evaluate: strategy sampled 2 clients (out of 50)
[2025-01-06 11:25:36,651][flwr][INFO] - aggregate_evaluate: received 2 results and 0 failures
[2025-01-06 11:25:36,651][flwr][INFO] - 
[2025-01-06 11:25:36,651][flwr][INFO] - [ROUND 64]
[2025-01-06 11:25:36,651][flwr][INFO] - configure_fit: strategy sampled 2 clients (out of 50)
[2025-01-06 11:25:38,041][flwr][INFO] - aggregate_fit: received 2 results and 0 failures
[2025-01-06 11:25:42,919][flwr][INFO] - fit progress: (64, 76.75725154578686, {'accuracy': 0.7924583455130079}, 452.77061171695823)
[2025-01-06 11:25:42,919][flwr][INFO] - configure_evaluate: strategy sampled 2 clients (out of 50)
[2025-01-06 11:25:43,206][flwr][INFO] - aggregate_evaluate: received 2 results and 0 failures
[2025-01-06 11:25:43,206][flwr][INFO] - 
[2025-01-06 11:25:43,206][flwr][INFO] - [ROUND 65]
[2025-01-06 11:25:43,206][flwr][INFO] - configure_fit: strategy sampled 2 clients (out of 50)
[2025-01-06 11:25:44,396][flwr][INFO] - aggregate_fit: received 2 results and 0 failures
[2025-01-06 11:25:49,187][flwr][INFO] - fit progress: (65, 43.31954700872302, {'accuracy': 0.8690441391406022}, 459.03813031397294)
[2025-01-06 11:25:49,187][flwr][INFO] - configure_evaluate: strategy sampled 2 clients (out of 50)
[2025-01-06 11:25:49,472][flwr][INFO] - aggregate_evaluate: received 2 results and 0 failures
[2025-01-06 11:25:49,472][flwr][INFO] - 
[2025-01-06 11:25:49,472][flwr][INFO] - [ROUND 66]
[2025-01-06 11:25:49,472][flwr][INFO] - configure_fit: strategy sampled 2 clients (out of 50)
[2025-01-06 11:25:50,944][flwr][INFO] - aggregate_fit: received 2 results and 0 failures
[2025-01-06 11:25:55,811][flwr][INFO] - fit progress: (66, 53.426151022315025, {'accuracy': 0.864951768488746}, 465.66273547901073)
[2025-01-06 11:25:55,812][flwr][INFO] - configure_evaluate: strategy sampled 2 clients (out of 50)
[2025-01-06 11:25:56,232][flwr][INFO] - aggregate_evaluate: received 2 results and 0 failures
[2025-01-06 11:25:56,232][flwr][INFO] - 
[2025-01-06 11:25:56,232][flwr][INFO] - [ROUND 67]
[2025-01-06 11:25:56,232][flwr][INFO] - configure_fit: strategy sampled 2 clients (out of 50)
[2025-01-06 11:25:57,652][flwr][INFO] - aggregate_fit: received 2 results and 0 failures
[2025-01-06 11:26:02,501][flwr][INFO] - fit progress: (67, 57.74352869391441, {'accuracy': 0.8357205495469161}, 472.3521346380003)
[2025-01-06 11:26:02,501][flwr][INFO] - configure_evaluate: strategy sampled 2 clients (out of 50)
[2025-01-06 11:26:02,792][flwr][INFO] - aggregate_evaluate: received 2 results and 0 failures
[2025-01-06 11:26:02,793][flwr][INFO] - 
[2025-01-06 11:26:02,793][flwr][INFO] - [ROUND 68]
[2025-01-06 11:26:02,793][flwr][INFO] - configure_fit: strategy sampled 2 clients (out of 50)
[2025-01-06 11:26:03,952][flwr][INFO] - aggregate_fit: received 2 results and 0 failures
[2025-01-06 11:26:08,770][flwr][INFO] - fit progress: (68, 77.39302609115839, {'accuracy': 0.8143817597193803}, 478.6219565049978)
[2025-01-06 11:26:08,771][flwr][INFO] - configure_evaluate: strategy sampled 2 clients (out of 50)
[2025-01-06 11:26:09,080][flwr][INFO] - aggregate_evaluate: received 2 results and 0 failures
[2025-01-06 11:26:09,080][flwr][INFO] - 
[2025-01-06 11:26:09,080][flwr][INFO] - [ROUND 69]
[2025-01-06 11:26:09,080][flwr][INFO] - configure_fit: strategy sampled 2 clients (out of 50)
[2025-01-06 11:26:10,989][flwr][INFO] - aggregate_fit: received 2 results and 0 failures
[2025-01-06 11:26:15,836][flwr][INFO] - fit progress: (69, 92.91146085783839, {'accuracy': 0.7880736626717334}, 485.6877278430038)
[2025-01-06 11:26:15,836][flwr][INFO] - configure_evaluate: strategy sampled 2 clients (out of 50)
[2025-01-06 11:26:16,176][flwr][INFO] - aggregate_evaluate: received 2 results and 0 failures
[2025-01-06 11:26:16,177][flwr][INFO] - 
[2025-01-06 11:26:16,177][flwr][INFO] - [ROUND 70]
[2025-01-06 11:26:16,177][flwr][INFO] - configure_fit: strategy sampled 2 clients (out of 50)
[2025-01-06 11:26:17,540][flwr][INFO] - aggregate_fit: received 2 results and 0 failures
[2025-01-06 11:26:22,765][flwr][INFO] - fit progress: (70, 58.59630682878196, {'accuracy': 0.8745980707395499}, 492.6166972059873)
[2025-01-06 11:26:22,765][flwr][INFO] - configure_evaluate: strategy sampled 2 clients (out of 50)
[2025-01-06 11:26:23,057][flwr][INFO] - aggregate_evaluate: received 2 results and 0 failures
[2025-01-06 11:26:23,057][flwr][INFO] - 
[2025-01-06 11:26:23,057][flwr][INFO] - [ROUND 71]
[2025-01-06 11:26:23,057][flwr][INFO] - configure_fit: strategy sampled 2 clients (out of 50)
[2025-01-06 11:26:24,574][flwr][INFO] - aggregate_fit: received 2 results and 0 failures
[2025-01-06 11:26:29,288][flwr][INFO] - fit progress: (71, 78.63089210540056, {'accuracy': 0.7892429114294066}, 499.1401162229595)
[2025-01-06 11:26:29,289][flwr][INFO] - configure_evaluate: strategy sampled 2 clients (out of 50)
[2025-01-06 11:26:29,613][flwr][INFO] - aggregate_evaluate: received 2 results and 0 failures
[2025-01-06 11:26:29,613][flwr][INFO] - 
[2025-01-06 11:26:29,613][flwr][INFO] - [ROUND 72]
[2025-01-06 11:26:29,613][flwr][INFO] - configure_fit: strategy sampled 2 clients (out of 50)
[2025-01-06 11:26:30,901][flwr][INFO] - aggregate_fit: received 2 results and 0 failures
[2025-01-06 11:26:35,692][flwr][INFO] - fit progress: (72, 109.28804128617048, {'accuracy': 0.7021338789827536}, 505.5439355279668)
[2025-01-06 11:26:35,693][flwr][INFO] - configure_evaluate: strategy sampled 2 clients (out of 50)
[2025-01-06 11:26:35,992][flwr][INFO] - aggregate_evaluate: received 2 results and 0 failures
[2025-01-06 11:26:35,992][flwr][INFO] - 
[2025-01-06 11:26:35,992][flwr][INFO] - [ROUND 73]
[2025-01-06 11:26:35,992][flwr][INFO] - configure_fit: strategy sampled 2 clients (out of 50)
[2025-01-06 11:26:37,313][flwr][INFO] - aggregate_fit: received 2 results and 0 failures
[2025-01-06 11:26:42,510][flwr][INFO] - fit progress: (73, 36.56121202558279, {'accuracy': 0.8965214849459222}, 512.3619969679858)
[2025-01-06 11:26:42,511][flwr][INFO] - configure_evaluate: strategy sampled 2 clients (out of 50)
[2025-01-06 11:26:42,812][flwr][INFO] - aggregate_evaluate: received 2 results and 0 failures
[2025-01-06 11:26:42,813][flwr][INFO] - 
[2025-01-06 11:26:42,813][flwr][INFO] - [ROUND 74]
[2025-01-06 11:26:42,813][flwr][INFO] - configure_fit: strategy sampled 2 clients (out of 50)
[2025-01-06 11:26:43,933][flwr][INFO] - aggregate_fit: received 2 results and 0 failures
[2025-01-06 11:26:48,787][flwr][INFO] - fit progress: (74, 61.700866252183914, {'accuracy': 0.8097047646886876}, 518.6384851739858)
[2025-01-06 11:26:48,787][flwr][INFO] - configure_evaluate: strategy sampled 2 clients (out of 50)
[2025-01-06 11:26:49,094][flwr][INFO] - aggregate_evaluate: received 2 results and 0 failures
[2025-01-06 11:26:49,095][flwr][INFO] - 
[2025-01-06 11:26:49,095][flwr][INFO] - [ROUND 75]
[2025-01-06 11:26:49,095][flwr][INFO] - configure_fit: strategy sampled 2 clients (out of 50)
[2025-01-06 11:26:50,559][flwr][INFO] - aggregate_fit: received 2 results and 0 failures
[2025-01-06 11:26:55,358][flwr][INFO] - fit progress: (75, 53.32091059163213, {'accuracy': 0.8702133878982754}, 525.2100476109772)
[2025-01-06 11:26:55,359][flwr][INFO] - configure_evaluate: strategy sampled 2 clients (out of 50)
[2025-01-06 11:26:55,654][flwr][INFO] - aggregate_evaluate: received 2 results and 0 failures
[2025-01-06 11:26:55,654][flwr][INFO] - 
[2025-01-06 11:26:55,654][flwr][INFO] - [ROUND 76]
[2025-01-06 11:26:55,655][flwr][INFO] - configure_fit: strategy sampled 2 clients (out of 50)
[2025-01-06 11:26:56,643][flwr][INFO] - aggregate_fit: received 2 results and 0 failures
[2025-01-06 11:27:01,621][flwr][INFO] - fit progress: (76, 48.09539011493325, {'accuracy': 0.8608593978368898}, 531.4725838410086)
[2025-01-06 11:27:01,621][flwr][INFO] - configure_evaluate: strategy sampled 2 clients (out of 50)
[2025-01-06 11:27:02,075][flwr][INFO] - aggregate_evaluate: received 2 results and 0 failures
[2025-01-06 11:27:02,075][flwr][INFO] - 
[2025-01-06 11:27:02,075][flwr][INFO] - [ROUND 77]
[2025-01-06 11:27:02,075][flwr][INFO] - configure_fit: strategy sampled 2 clients (out of 50)
[2025-01-06 11:27:03,458][flwr][INFO] - aggregate_fit: received 2 results and 0 failures
[2025-01-06 11:27:09,256][flwr][INFO] - fit progress: (77, 43.321437418460846, {'accuracy': 0.8889213680210465}, 539.1076298269909)
[2025-01-06 11:27:09,257][flwr][INFO] - configure_evaluate: strategy sampled 2 clients (out of 50)
[2025-01-06 11:27:09,563][flwr][INFO] - aggregate_evaluate: received 2 results and 0 failures
[2025-01-06 11:27:09,563][flwr][INFO] - 
[2025-01-06 11:27:09,563][flwr][INFO] - [ROUND 78]
[2025-01-06 11:27:09,563][flwr][INFO] - configure_fit: strategy sampled 2 clients (out of 50)
[2025-01-06 11:27:11,343][flwr][INFO] - aggregate_fit: received 2 results and 0 failures
[2025-01-06 11:27:16,638][flwr][INFO] - fit progress: (78, 56.19738453254104, {'accuracy': 0.8392282958199357}, 546.4893337709946)
[2025-01-06 11:27:16,638][flwr][INFO] - configure_evaluate: strategy sampled 2 clients (out of 50)
[2025-01-06 11:27:16,927][flwr][INFO] - aggregate_evaluate: received 2 results and 0 failures
[2025-01-06 11:27:16,928][flwr][INFO] - 
[2025-01-06 11:27:16,928][flwr][INFO] - [ROUND 79]
[2025-01-06 11:27:16,928][flwr][INFO] - configure_fit: strategy sampled 2 clients (out of 50)
[2025-01-06 11:27:18,571][flwr][INFO] - aggregate_fit: received 2 results and 0 failures
[2025-01-06 11:27:23,378][flwr][INFO] - fit progress: (79, 42.658881176263094, {'accuracy': 0.8693364513300205}, 553.2292798759881)
[2025-01-06 11:27:23,378][flwr][INFO] - configure_evaluate: strategy sampled 2 clients (out of 50)
[2025-01-06 11:27:23,868][flwr][INFO] - aggregate_evaluate: received 2 results and 0 failures
[2025-01-06 11:27:23,868][flwr][INFO] - 
[2025-01-06 11:27:23,868][flwr][INFO] - [ROUND 80]
[2025-01-06 11:27:23,868][flwr][INFO] - configure_fit: strategy sampled 2 clients (out of 50)
[2025-01-06 11:27:25,036][flwr][INFO] - aggregate_fit: received 2 results and 0 failures
[2025-01-06 11:27:29,817][flwr][INFO] - fit progress: (80, 59.32387691736221, {'accuracy': 0.8316281788950599}, 559.6686639669933)
[2025-01-06 11:27:29,817][flwr][INFO] - configure_evaluate: strategy sampled 2 clients (out of 50)
[2025-01-06 11:27:30,246][flwr][INFO] - aggregate_evaluate: received 2 results and 0 failures
[2025-01-06 11:27:30,246][flwr][INFO] - 
[2025-01-06 11:27:30,246][flwr][INFO] - [ROUND 81]
[2025-01-06 11:27:30,246][flwr][INFO] - configure_fit: strategy sampled 2 clients (out of 50)
[2025-01-06 11:27:31,203][flwr][INFO] - aggregate_fit: received 2 results and 0 failures
[2025-01-06 11:27:35,975][flwr][INFO] - fit progress: (81, 71.78713062405586, {'accuracy': 0.8000584624378837}, 565.8264505149564)
[2025-01-06 11:27:35,975][flwr][INFO] - configure_evaluate: strategy sampled 2 clients (out of 50)
[2025-01-06 11:27:36,303][flwr][INFO] - aggregate_evaluate: received 2 results and 0 failures
[2025-01-06 11:27:36,303][flwr][INFO] - 
[2025-01-06 11:27:36,303][flwr][INFO] - [ROUND 82]
[2025-01-06 11:27:36,303][flwr][INFO] - configure_fit: strategy sampled 2 clients (out of 50)
[2025-01-06 11:27:37,859][flwr][INFO] - aggregate_fit: received 2 results and 0 failures
[2025-01-06 11:27:42,629][flwr][INFO] - fit progress: (82, 43.16749386489391, {'accuracy': 0.8754750073078047}, 572.480637414963)
[2025-01-06 11:27:42,629][flwr][INFO] - configure_evaluate: strategy sampled 2 clients (out of 50)
[2025-01-06 11:27:42,940][flwr][INFO] - aggregate_evaluate: received 2 results and 0 failures
[2025-01-06 11:27:42,940][flwr][INFO] - 
[2025-01-06 11:27:42,940][flwr][INFO] - [ROUND 83]
[2025-01-06 11:27:42,940][flwr][INFO] - configure_fit: strategy sampled 2 clients (out of 50)
[2025-01-06 11:27:44,017][flwr][INFO] - aggregate_fit: received 2 results and 0 failures
[2025-01-06 11:27:48,939][flwr][INFO] - fit progress: (83, 44.08770535886288, {'accuracy': 0.8748903829289681}, 578.7901535599958)
[2025-01-06 11:27:48,939][flwr][INFO] - configure_evaluate: strategy sampled 2 clients (out of 50)
[2025-01-06 11:27:49,327][flwr][INFO] - aggregate_evaluate: received 2 results and 0 failures
[2025-01-06 11:27:49,327][flwr][INFO] - 
[2025-01-06 11:27:49,327][flwr][INFO] - [ROUND 84]
[2025-01-06 11:27:49,328][flwr][INFO] - configure_fit: strategy sampled 2 clients (out of 50)
[2025-01-06 11:27:50,621][flwr][INFO] - aggregate_fit: received 2 results and 0 failures
[2025-01-06 11:27:55,510][flwr][INFO] - fit progress: (84, 35.70534195937216, {'accuracy': 0.8982753580824321}, 585.3618344370043)
[2025-01-06 11:27:55,511][flwr][INFO] - configure_evaluate: strategy sampled 2 clients (out of 50)
[2025-01-06 11:27:55,842][flwr][INFO] - aggregate_evaluate: received 2 results and 0 failures
[2025-01-06 11:27:55,842][flwr][INFO] - 
[2025-01-06 11:27:55,842][flwr][INFO] - [ROUND 85]
[2025-01-06 11:27:55,842][flwr][INFO] - configure_fit: strategy sampled 2 clients (out of 50)
[2025-01-06 11:27:56,806][flwr][INFO] - aggregate_fit: received 2 results and 0 failures
[2025-01-06 11:28:01,908][flwr][INFO] - fit progress: (85, 89.06285746768117, {'accuracy': 0.8237357497807658}, 591.7596496790065)
[2025-01-06 11:28:01,908][flwr][INFO] - configure_evaluate: strategy sampled 2 clients (out of 50)
[2025-01-06 11:28:02,215][flwr][INFO] - aggregate_evaluate: received 2 results and 0 failures
[2025-01-06 11:28:02,216][flwr][INFO] - 
[2025-01-06 11:28:02,216][flwr][INFO] - [ROUND 86]
[2025-01-06 11:28:02,216][flwr][INFO] - configure_fit: strategy sampled 2 clients (out of 50)
[2025-01-06 11:28:04,112][flwr][INFO] - aggregate_fit: received 2 results and 0 failures
[2025-01-06 11:28:08,907][flwr][INFO] - fit progress: (86, 34.6331544322893, {'accuracy': 0.9076293481438176}, 598.7584170429618)
[2025-01-06 11:28:08,907][flwr][INFO] - configure_evaluate: strategy sampled 2 clients (out of 50)
[2025-01-06 11:28:09,421][flwr][INFO] - aggregate_evaluate: received 2 results and 0 failures
[2025-01-06 11:28:09,422][flwr][INFO] - 
[2025-01-06 11:28:09,422][flwr][INFO] - [ROUND 87]
[2025-01-06 11:28:09,422][flwr][INFO] - configure_fit: strategy sampled 2 clients (out of 50)
[2025-01-06 11:28:10,468][flwr][INFO] - aggregate_fit: received 2 results and 0 failures
[2025-01-06 11:28:15,271][flwr][INFO] - fit progress: (87, 64.4519711509347, {'accuracy': 0.8471207249342297}, 605.1222395499935)
[2025-01-06 11:28:15,271][flwr][INFO] - configure_evaluate: strategy sampled 2 clients (out of 50)
[2025-01-06 11:28:15,569][flwr][INFO] - aggregate_evaluate: received 2 results and 0 failures
[2025-01-06 11:28:15,569][flwr][INFO] - 
[2025-01-06 11:28:15,570][flwr][INFO] - [ROUND 88]
[2025-01-06 11:28:15,570][flwr][INFO] - configure_fit: strategy sampled 2 clients (out of 50)
[2025-01-06 11:28:17,735][flwr][INFO] - aggregate_fit: received 2 results and 0 failures
[2025-01-06 11:28:22,545][flwr][INFO] - fit progress: (88, 111.98907532542944, {'accuracy': 0.8339666764104063}, 612.3966401249636)
[2025-01-06 11:28:22,545][flwr][INFO] - configure_evaluate: strategy sampled 2 clients (out of 50)
[2025-01-06 11:28:22,831][flwr][INFO] - aggregate_evaluate: received 2 results and 0 failures
[2025-01-06 11:28:22,831][flwr][INFO] - 
[2025-01-06 11:28:22,831][flwr][INFO] - [ROUND 89]
[2025-01-06 11:28:22,831][flwr][INFO] - configure_fit: strategy sampled 2 clients (out of 50)
[2025-01-06 11:28:24,469][flwr][INFO] - aggregate_fit: received 2 results and 0 failures
[2025-01-06 11:28:29,261][flwr][INFO] - fit progress: (89, 48.689975118264556, {'accuracy': 0.889505992399883}, 619.1126769309631)
[2025-01-06 11:28:29,261][flwr][INFO] - configure_evaluate: strategy sampled 2 clients (out of 50)
[2025-01-06 11:28:29,711][flwr][INFO] - aggregate_evaluate: received 2 results and 0 failures
[2025-01-06 11:28:29,711][flwr][INFO] - 
[2025-01-06 11:28:29,711][flwr][INFO] - [ROUND 90]
[2025-01-06 11:28:29,711][flwr][INFO] - configure_fit: strategy sampled 2 clients (out of 50)
[2025-01-06 11:28:30,979][flwr][INFO] - aggregate_fit: received 2 results and 0 failures
[2025-01-06 11:28:35,793][flwr][INFO] - fit progress: (90, 37.05929930508137, {'accuracy': 0.8871674948845367}, 625.6445492199855)
[2025-01-06 11:28:35,793][flwr][INFO] - configure_evaluate: strategy sampled 2 clients (out of 50)
[2025-01-06 11:28:36,186][flwr][INFO] - aggregate_evaluate: received 2 results and 0 failures
[2025-01-06 11:28:36,186][flwr][INFO] - 
[2025-01-06 11:28:36,187][flwr][INFO] - [ROUND 91]
[2025-01-06 11:28:36,187][flwr][INFO] - configure_fit: strategy sampled 2 clients (out of 50)
[2025-01-06 11:28:37,692][flwr][INFO] - aggregate_fit: received 2 results and 0 failures
[2025-01-06 11:28:42,512][flwr][INFO] - fit progress: (91, 75.81319882813841, {'accuracy': 0.827828120432622}, 632.3637162430095)
[2025-01-06 11:28:42,513][flwr][INFO] - configure_evaluate: strategy sampled 2 clients (out of 50)
[2025-01-06 11:28:42,928][flwr][INFO] - aggregate_evaluate: received 2 results and 0 failures
[2025-01-06 11:28:42,929][flwr][INFO] - 
[2025-01-06 11:28:42,929][flwr][INFO] - [ROUND 92]
[2025-01-06 11:28:42,929][flwr][INFO] - configure_fit: strategy sampled 2 clients (out of 50)
[2025-01-06 11:28:44,499][flwr][INFO] - aggregate_fit: received 2 results and 0 failures
[2025-01-06 11:28:49,276][flwr][INFO] - fit progress: (92, 61.90392501652241, {'accuracy': 0.8529669687225957}, 639.1272275419906)
[2025-01-06 11:28:49,276][flwr][INFO] - configure_evaluate: strategy sampled 2 clients (out of 50)
[2025-01-06 11:28:49,582][flwr][INFO] - aggregate_evaluate: received 2 results and 0 failures
[2025-01-06 11:28:49,582][flwr][INFO] - 
[2025-01-06 11:28:49,582][flwr][INFO] - [ROUND 93]
[2025-01-06 11:28:49,582][flwr][INFO] - configure_fit: strategy sampled 2 clients (out of 50)
[2025-01-06 11:28:51,410][flwr][INFO] - aggregate_fit: received 2 results and 0 failures
[2025-01-06 11:28:56,169][flwr][INFO] - fit progress: (93, 76.94244692474604, {'accuracy': 0.8374744226834259}, 646.0209789159708)
[2025-01-06 11:28:56,170][flwr][INFO] - configure_evaluate: strategy sampled 2 clients (out of 50)
[2025-01-06 11:28:56,499][flwr][INFO] - aggregate_evaluate: received 2 results and 0 failures
[2025-01-06 11:28:56,499][flwr][INFO] - 
[2025-01-06 11:28:56,499][flwr][INFO] - [ROUND 94]
[2025-01-06 11:28:56,500][flwr][INFO] - configure_fit: strategy sampled 2 clients (out of 50)
[2025-01-06 11:28:57,925][flwr][INFO] - aggregate_fit: received 2 results and 0 failures
[2025-01-06 11:29:02,715][flwr][INFO] - fit progress: (94, 68.90264080092311, {'accuracy': 0.8360128617363344}, 652.5669493909809)
[2025-01-06 11:29:02,716][flwr][INFO] - configure_evaluate: strategy sampled 2 clients (out of 50)
[2025-01-06 11:29:03,003][flwr][INFO] - aggregate_evaluate: received 2 results and 0 failures
[2025-01-06 11:29:03,003][flwr][INFO] - 
[2025-01-06 11:29:03,003][flwr][INFO] - [ROUND 95]
[2025-01-06 11:29:03,003][flwr][INFO] - configure_fit: strategy sampled 2 clients (out of 50)
[2025-01-06 11:29:04,831][flwr][INFO] - aggregate_fit: received 2 results and 0 failures
[2025-01-06 11:29:09,565][flwr][INFO] - fit progress: (95, 42.62331237271428, {'accuracy': 0.8725518854136217}, 659.4168895059847)
[2025-01-06 11:29:09,566][flwr][INFO] - configure_evaluate: strategy sampled 2 clients (out of 50)
[2025-01-06 11:29:09,869][flwr][INFO] - aggregate_evaluate: received 2 results and 0 failures
[2025-01-06 11:29:09,870][flwr][INFO] - 
[2025-01-06 11:29:09,870][flwr][INFO] - [ROUND 96]
[2025-01-06 11:29:09,870][flwr][INFO] - configure_fit: strategy sampled 2 clients (out of 50)
[2025-01-06 11:29:10,831][flwr][INFO] - aggregate_fit: received 2 results and 0 failures
[2025-01-06 11:29:15,569][flwr][INFO] - fit progress: (96, 111.56598576903343, {'accuracy': 0.7752119263373283}, 665.4204811200034)
[2025-01-06 11:29:15,569][flwr][INFO] - configure_evaluate: strategy sampled 2 clients (out of 50)
[2025-01-06 11:29:15,917][flwr][INFO] - aggregate_evaluate: received 2 results and 0 failures
[2025-01-06 11:29:15,918][flwr][INFO] - 
[2025-01-06 11:29:15,918][flwr][INFO] - [ROUND 97]
[2025-01-06 11:29:15,918][flwr][INFO] - configure_fit: strategy sampled 2 clients (out of 50)
[2025-01-06 11:29:17,900][flwr][INFO] - aggregate_fit: received 2 results and 0 failures
[2025-01-06 11:29:22,635][flwr][INFO] - fit progress: (97, 37.249695632606745, {'accuracy': 0.8859982461268635}, 672.4869660139666)
[2025-01-06 11:29:22,636][flwr][INFO] - configure_evaluate: strategy sampled 2 clients (out of 50)
[2025-01-06 11:29:22,971][flwr][INFO] - aggregate_evaluate: received 2 results and 0 failures
[2025-01-06 11:29:22,972][flwr][INFO] - 
[2025-01-06 11:29:22,972][flwr][INFO] - [ROUND 98]
[2025-01-06 11:29:22,972][flwr][INFO] - configure_fit: strategy sampled 2 clients (out of 50)
[2025-01-06 11:29:23,745][flwr][INFO] - aggregate_fit: received 2 results and 0 failures
[2025-01-06 11:29:28,606][flwr][INFO] - fit progress: (98, 32.6824572570622, {'accuracy': 0.9038292896813798}, 678.457581998955)
[2025-01-06 11:29:28,606][flwr][INFO] - configure_evaluate: strategy sampled 2 clients (out of 50)
[2025-01-06 11:29:28,927][flwr][INFO] - aggregate_evaluate: received 2 results and 0 failures
[2025-01-06 11:29:28,927][flwr][INFO] - 
[2025-01-06 11:29:28,927][flwr][INFO] - [ROUND 99]
[2025-01-06 11:29:28,927][flwr][INFO] - configure_fit: strategy sampled 2 clients (out of 50)
[2025-01-06 11:29:30,451][flwr][INFO] - aggregate_fit: received 2 results and 0 failures
[2025-01-06 11:29:35,168][flwr][INFO] - fit progress: (99, 53.179348200559616, {'accuracy': 0.8655363928675825}, 685.0197721589939)
[2025-01-06 11:29:35,168][flwr][INFO] - configure_evaluate: strategy sampled 2 clients (out of 50)
[2025-01-06 11:29:35,484][flwr][INFO] - aggregate_evaluate: received 2 results and 0 failures
[2025-01-06 11:29:35,484][flwr][INFO] - 
[2025-01-06 11:29:35,484][flwr][INFO] - [ROUND 100]
[2025-01-06 11:29:35,484][flwr][INFO] - configure_fit: strategy sampled 2 clients (out of 50)
[2025-01-06 11:29:36,982][flwr][INFO] - aggregate_fit: received 2 results and 0 failures
[2025-01-06 11:29:41,739][flwr][INFO] - fit progress: (100, 67.8863120675087, {'accuracy': 0.8325051154633148}, 691.5905192099744)
[2025-01-06 11:29:41,739][flwr][INFO] - configure_evaluate: strategy sampled 2 clients (out of 50)
[2025-01-06 11:29:42,039][flwr][INFO] - aggregate_evaluate: received 2 results and 0 failures
[2025-01-06 11:29:42,039][flwr][INFO] - 
[2025-01-06 11:29:42,040][flwr][INFO] - [SUMMARY]
[2025-01-06 11:29:42,040][flwr][INFO] - Run finished 100 round(s) in 691.89s
[2025-01-06 11:29:42,043][flwr][INFO] - 	History (loss, distributed):
[2025-01-06 11:29:42,044][flwr][INFO] - 		round 1: 1.6182783858876832
[2025-01-06 11:29:42,044][flwr][INFO] - 		round 2: 1.7351335134261694
[2025-01-06 11:29:42,044][flwr][INFO] - 		round 3: 4.700486681678078
[2025-01-06 11:29:42,044][flwr][INFO] - 		round 4: 1.9277902245521545
[2025-01-06 11:29:42,044][flwr][INFO] - 		round 5: 0.8100531060587276
[2025-01-06 11:29:42,044][flwr][INFO] - 		round 6: 0.7290086588081048
[2025-01-06 11:29:42,044][flwr][INFO] - 		round 7: 1.9316467753911422
[2025-01-06 11:29:42,044][flwr][INFO] - 		round 8: 0.7727628946304321
[2025-01-06 11:29:42,044][flwr][INFO] - 		round 9: 1.6462349724024534
[2025-01-06 11:29:42,044][flwr][INFO] - 		round 10: 0.48746820352971554
[2025-01-06 11:29:42,044][flwr][INFO] - 		round 11: 0.4828601708369596
[2025-01-06 11:29:42,044][flwr][INFO] - 		round 12: 0.5174300721231496
[2025-01-06 11:29:42,044][flwr][INFO] - 		round 13: 0.5826246317695168
[2025-01-06 11:29:42,044][flwr][INFO] - 		round 14: 0.44214027465843575
[2025-01-06 11:29:42,044][flwr][INFO] - 		round 15: 2.6921001411065824
[2025-01-06 11:29:42,045][flwr][INFO] - 		round 16: 1.831205149491628
[2025-01-06 11:29:42,045][flwr][INFO] - 		round 17: 0.5327096129285878
[2025-01-06 11:29:42,045][flwr][INFO] - 		round 18: 1.3282759118435987
[2025-01-06 11:29:42,045][flwr][INFO] - 		round 19: 1.8334059774875642
[2025-01-06 11:29:42,045][flwr][INFO] - 		round 20: 1.3706778978046619
[2025-01-06 11:29:42,045][flwr][INFO] - 		round 21: 0.29143457475936774
[2025-01-06 11:29:42,045][flwr][INFO] - 		round 22: 0.3313017338514328
[2025-01-06 11:29:42,045][flwr][INFO] - 		round 23: 2.6275030600058065
[2025-01-06 11:29:42,045][flwr][INFO] - 		round 24: 0.2875188887119293
[2025-01-06 11:29:42,045][flwr][INFO] - 		round 25: 1.2705629829204443
[2025-01-06 11:29:42,045][flwr][INFO] - 		round 26: 1.055295578976895
[2025-01-06 11:29:42,045][flwr][INFO] - 		round 27: 0.4216869158240465
[2025-01-06 11:29:42,045][flwr][INFO] - 		round 28: 0.8246663277213638
[2025-01-06 11:29:42,045][flwr][INFO] - 		round 29: 0.541532716301621
[2025-01-06 11:29:42,045][flwr][INFO] - 		round 30: 0.7404191600133295
[2025-01-06 11:29:42,046][flwr][INFO] - 		round 31: 1.0681496311207206
[2025-01-06 11:29:42,046][flwr][INFO] - 		round 32: 1.747991863419028
[2025-01-06 11:29:42,046][flwr][INFO] - 		round 33: 0.9039997180302938
[2025-01-06 11:29:42,046][flwr][INFO] - 		round 34: 0.8668663421192685
[2025-01-06 11:29:42,046][flwr][INFO] - 		round 35: 0.8687411792138043
[2025-01-06 11:29:42,046][flwr][INFO] - 		round 36: 0.5990131272644293
[2025-01-06 11:29:42,046][flwr][INFO] - 		round 37: 0.5190467497087875
[2025-01-06 11:29:42,046][flwr][INFO] - 		round 38: 0.814852271324549
[2025-01-06 11:29:42,046][flwr][INFO] - 		round 39: 1.368911245594854
[2025-01-06 11:29:42,046][flwr][INFO] - 		round 40: 0.33137420900166037
[2025-01-06 11:29:42,046][flwr][INFO] - 		round 41: 1.0337576992968296
[2025-01-06 11:29:42,046][flwr][INFO] - 		round 42: 0.6365621635666141
[2025-01-06 11:29:42,046][flwr][INFO] - 		round 43: 0.5344950045858111
[2025-01-06 11:29:42,046][flwr][INFO] - 		round 44: 0.5285042759143945
[2025-01-06 11:29:42,046][flwr][INFO] - 		round 45: 0.9331306142466409
[2025-01-06 11:29:42,046][flwr][INFO] - 		round 46: 1.840554290347629
[2025-01-06 11:29:42,047][flwr][INFO] - 		round 47: 0.5760659211211734
[2025-01-06 11:29:42,047][flwr][INFO] - 		round 48: 1.251464649250633
[2025-01-06 11:29:42,047][flwr][INFO] - 		round 49: 0.3096712310359163
[2025-01-06 11:29:42,047][flwr][INFO] - 		round 50: 1.0533407256007195
[2025-01-06 11:29:42,047][flwr][INFO] - 		round 51: 0.6722457907637771
[2025-01-06 11:29:42,047][flwr][INFO] - 		round 52: 1.0260195976648576
[2025-01-06 11:29:42,047][flwr][INFO] - 		round 53: 2.1311033566792807
[2025-01-06 11:29:42,047][flwr][INFO] - 		round 54: 0.5181059292678175
[2025-01-06 11:29:42,047][flwr][INFO] - 		round 55: 1.488333991595677
[2025-01-06 11:29:42,047][flwr][INFO] - 		round 56: 1.3728750626246133
[2025-01-06 11:29:42,047][flwr][INFO] - 		round 57: 0.5704936981201172
[2025-01-06 11:29:42,047][flwr][INFO] - 		round 58: 0.505285640557607
[2025-01-06 11:29:42,047][flwr][INFO] - 		round 59: 0.34545609525271825
[2025-01-06 11:29:42,047][flwr][INFO] - 		round 60: 1.0467478247249828
[2025-01-06 11:29:42,047][flwr][INFO] - 		round 61: 1.4223541915416718
[2025-01-06 11:29:42,048][flwr][INFO] - 		round 62: 0.2687967189078061
[2025-01-06 11:29:42,048][flwr][INFO] - 		round 63: 1.016440422584613
[2025-01-06 11:29:42,048][flwr][INFO] - 		round 64: 0.39943088503444896
[2025-01-06 11:29:42,048][flwr][INFO] - 		round 65: 0.44290241102377575
[2025-01-06 11:29:42,048][flwr][INFO] - 		round 66: 0.4996946383925045
[2025-01-06 11:29:42,048][flwr][INFO] - 		round 67: 0.20842507630586624
[2025-01-06 11:29:42,048][flwr][INFO] - 		round 68: 0.6153318538504132
[2025-01-06 11:29:42,048][flwr][INFO] - 		round 69: 0.6829208337863826
[2025-01-06 11:29:42,048][flwr][INFO] - 		round 70: 0.36387229095334594
[2025-01-06 11:29:42,048][flwr][INFO] - 		round 71: 0.6789495348930359
[2025-01-06 11:29:42,048][flwr][INFO] - 		round 72: 0.8212951307113354
[2025-01-06 11:29:42,048][flwr][INFO] - 		round 73: 0.3965372010294733
[2025-01-06 11:29:42,048][flwr][INFO] - 		round 74: 0.32525153998391365
[2025-01-06 11:29:42,048][flwr][INFO] - 		round 75: 0.3944123466059847
[2025-01-06 11:29:42,048][flwr][INFO] - 		round 76: 0.97729914897197
[2025-01-06 11:29:42,048][flwr][INFO] - 		round 77: 0.4241667687892914
[2025-01-06 11:29:42,049][flwr][INFO] - 		round 78: 0.6117946609854699
[2025-01-06 11:29:42,049][flwr][INFO] - 		round 79: 0.09529594011431516
[2025-01-06 11:29:42,049][flwr][INFO] - 		round 80: 0.7894472005855606
[2025-01-06 11:29:42,049][flwr][INFO] - 		round 81: 0.4118279851212793
[2025-01-06 11:29:42,049][flwr][INFO] - 		round 82: 0.30083829164505005
[2025-01-06 11:29:42,049][flwr][INFO] - 		round 83: 0.8457624197006226
[2025-01-06 11:29:42,049][flwr][INFO] - 		round 84: 0.29544707058474073
[2025-01-06 11:29:42,049][flwr][INFO] - 		round 85: 1.5571457743644714
[2025-01-06 11:29:42,049][flwr][INFO] - 		round 86: 0.3872304368019104
[2025-01-06 11:29:42,049][flwr][INFO] - 		round 87: 1.1118314663569133
[2025-01-06 11:29:42,049][flwr][INFO] - 		round 88: 0.30723153670196945
[2025-01-06 11:29:42,049][flwr][INFO] - 		round 89: 0.2525398497554389
[2025-01-06 11:29:42,049][flwr][INFO] - 		round 90: 0.30934361724749854
[2025-01-06 11:29:42,049][flwr][INFO] - 		round 91: 0.7083791146675745
[2025-01-06 11:29:42,049][flwr][INFO] - 		round 92: 0.6710791559446425
[2025-01-06 11:29:42,049][flwr][INFO] - 		round 93: 0.5360438185825682
[2025-01-06 11:29:42,050][flwr][INFO] - 		round 94: 0.8533830046653748
[2025-01-06 11:29:42,050][flwr][INFO] - 		round 95: 0.4225604121989392
[2025-01-06 11:29:42,050][flwr][INFO] - 		round 96: 1.5813852846622467
[2025-01-06 11:29:42,050][flwr][INFO] - 		round 97: 0.38557079976255243
[2025-01-06 11:29:42,050][flwr][INFO] - 		round 98: 0.33994141817092893
[2025-01-06 11:29:42,050][flwr][INFO] - 		round 99: 1.0655939695311756
[2025-01-06 11:29:42,050][flwr][INFO] - 		round 100: 0.6103777553886175
[2025-01-06 11:29:42,050][flwr][INFO] - 	History (loss, centralized):
[2025-01-06 11:29:42,050][flwr][INFO] - 		round 0: 232.50764179229736
[2025-01-06 11:29:42,050][flwr][INFO] - 		round 1: 202.11710000038147
[2025-01-06 11:29:42,050][flwr][INFO] - 		round 2: 193.39464592933655
[2025-01-06 11:29:42,050][flwr][INFO] - 		round 3: 349.77603220939636
[2025-01-06 11:29:42,050][flwr][INFO] - 		round 4: 181.34980291128159
[2025-01-06 11:29:42,050][flwr][INFO] - 		round 5: 84.42559838294983
[2025-01-06 11:29:42,050][flwr][INFO] - 		round 6: 76.571000918746
[2025-01-06 11:29:42,051][flwr][INFO] - 		round 7: 215.08709931373596
[2025-01-06 11:29:42,051][flwr][INFO] - 		round 8: 183.23096650838852
[2025-01-06 11:29:42,051][flwr][INFO] - 		round 9: 105.48256206512451
[2025-01-06 11:29:42,051][flwr][INFO] - 		round 10: 63.01746340095997
[2025-01-06 11:29:42,051][flwr][INFO] - 		round 11: 67.1492219120264
[2025-01-06 11:29:42,051][flwr][INFO] - 		round 12: 42.77621731907129
[2025-01-06 11:29:42,051][flwr][INFO] - 		round 13: 71.47728610038757
[2025-01-06 11:29:42,051][flwr][INFO] - 		round 14: 74.6909999102354
[2025-01-06 11:29:42,051][flwr][INFO] - 		round 15: 266.17796301841736
[2025-01-06 11:29:42,051][flwr][INFO] - 		round 16: 213.88459312915802
[2025-01-06 11:29:42,051][flwr][INFO] - 		round 17: 78.50583851337433
[2025-01-06 11:29:42,051][flwr][INFO] - 		round 18: 98.83929961919785
[2025-01-06 11:29:42,051][flwr][INFO] - 		round 19: 142.15597727894783
[2025-01-06 11:29:42,051][flwr][INFO] - 		round 20: 109.28633651137352
[2025-01-06 11:29:42,051][flwr][INFO] - 		round 21: 67.3143785148859
[2025-01-06 11:29:42,051][flwr][INFO] - 		round 22: 76.60904075205326
[2025-01-06 11:29:42,052][flwr][INFO] - 		round 23: 197.72148656845093
[2025-01-06 11:29:42,052][flwr][INFO] - 		round 24: 57.43863828480244
[2025-01-06 11:29:42,052][flwr][INFO] - 		round 25: 135.63263633847237
[2025-01-06 11:29:42,052][flwr][INFO] - 		round 26: 145.99538761377335
[2025-01-06 11:29:42,052][flwr][INFO] - 		round 27: 60.32039311528206
[2025-01-06 11:29:42,052][flwr][INFO] - 		round 28: 109.19811423122883
[2025-01-06 11:29:42,052][flwr][INFO] - 		round 29: 39.3903630040586
[2025-01-06 11:29:42,052][flwr][INFO] - 		round 30: 134.63435944914818
[2025-01-06 11:29:42,052][flwr][INFO] - 		round 31: 103.37450924515724
[2025-01-06 11:29:42,052][flwr][INFO] - 		round 32: 100.11689940840006
[2025-01-06 11:29:42,052][flwr][INFO] - 		round 33: 77.71121487021446
[2025-01-06 11:29:42,052][flwr][INFO] - 		round 34: 171.7087659239769
[2025-01-06 11:29:42,052][flwr][INFO] - 		round 35: 101.07122237235308
[2025-01-06 11:29:42,052][flwr][INFO] - 		round 36: 98.65159156918526
[2025-01-06 11:29:42,052][flwr][INFO] - 		round 37: 57.06539295613766
[2025-01-06 11:29:42,052][flwr][INFO] - 		round 38: 116.65109780430794
[2025-01-06 11:29:42,053][flwr][INFO] - 		round 39: 93.50908671319485
[2025-01-06 11:29:42,053][flwr][INFO] - 		round 40: 53.352510161697865
[2025-01-06 11:29:42,053][flwr][INFO] - 		round 41: 107.97985029220581
[2025-01-06 11:29:42,053][flwr][INFO] - 		round 42: 66.95332422852516
[2025-01-06 11:29:42,053][flwr][INFO] - 		round 43: 54.577502600848675
[2025-01-06 11:29:42,053][flwr][INFO] - 		round 44: 65.78917191177607
[2025-01-06 11:29:42,053][flwr][INFO] - 		round 45: 81.49014542996883
[2025-01-06 11:29:42,053][flwr][INFO] - 		round 46: 196.16415041685104
[2025-01-06 11:29:42,053][flwr][INFO] - 		round 47: 61.79914875328541
[2025-01-06 11:29:42,053][flwr][INFO] - 		round 48: 72.650715097785
[2025-01-06 11:29:42,053][flwr][INFO] - 		round 49: 38.82237372174859
[2025-01-06 11:29:42,053][flwr][INFO] - 		round 50: 60.66945445537567
[2025-01-06 11:29:42,053][flwr][INFO] - 		round 51: 66.93814426288009
[2025-01-06 11:29:42,053][flwr][INFO] - 		round 52: 99.15682600438595
[2025-01-06 11:29:42,053][flwr][INFO] - 		round 53: 77.02516039460897
[2025-01-06 11:29:42,054][flwr][INFO] - 		round 54: 49.894806526601315
[2025-01-06 11:29:42,054][flwr][INFO] - 		round 55: 135.9867261648178
[2025-01-06 11:29:42,054][flwr][INFO] - 		round 56: 103.44268698059022
[2025-01-06 11:29:42,054][flwr][INFO] - 		round 57: 50.34925557486713
[2025-01-06 11:29:42,054][flwr][INFO] - 		round 58: 59.932002279907465
[2025-01-06 11:29:42,054][flwr][INFO] - 		round 59: 95.80472585558891
[2025-01-06 11:29:42,054][flwr][INFO] - 		round 60: 53.483267061412334
[2025-01-06 11:29:42,054][flwr][INFO] - 		round 61: 126.63931274414062
[2025-01-06 11:29:42,054][flwr][INFO] - 		round 62: 69.59653030708432
[2025-01-06 11:29:42,054][flwr][INFO] - 		round 63: 84.03232736885548
[2025-01-06 11:29:42,054][flwr][INFO] - 		round 64: 76.75725154578686
[2025-01-06 11:29:42,054][flwr][INFO] - 		round 65: 43.31954700872302
[2025-01-06 11:29:42,054][flwr][INFO] - 		round 66: 53.426151022315025
[2025-01-06 11:29:42,054][flwr][INFO] - 		round 67: 57.74352869391441
[2025-01-06 11:29:42,054][flwr][INFO] - 		round 68: 77.39302609115839
[2025-01-06 11:29:42,054][flwr][INFO] - 		round 69: 92.91146085783839
[2025-01-06 11:29:42,055][flwr][INFO] - 		round 70: 58.59630682878196
[2025-01-06 11:29:42,055][flwr][INFO] - 		round 71: 78.63089210540056
[2025-01-06 11:29:42,055][flwr][INFO] - 		round 72: 109.28804128617048
[2025-01-06 11:29:42,055][flwr][INFO] - 		round 73: 36.56121202558279
[2025-01-06 11:29:42,055][flwr][INFO] - 		round 74: 61.700866252183914
[2025-01-06 11:29:42,055][flwr][INFO] - 		round 75: 53.32091059163213
[2025-01-06 11:29:42,055][flwr][INFO] - 		round 76: 48.09539011493325
[2025-01-06 11:29:42,055][flwr][INFO] - 		round 77: 43.321437418460846
[2025-01-06 11:29:42,055][flwr][INFO] - 		round 78: 56.19738453254104
[2025-01-06 11:29:42,055][flwr][INFO] - 		round 79: 42.658881176263094
[2025-01-06 11:29:42,055][flwr][INFO] - 		round 80: 59.32387691736221
[2025-01-06 11:29:42,055][flwr][INFO] - 		round 81: 71.78713062405586
[2025-01-06 11:29:42,055][flwr][INFO] - 		round 82: 43.16749386489391
[2025-01-06 11:29:42,055][flwr][INFO] - 		round 83: 44.08770535886288
[2025-01-06 11:29:42,055][flwr][INFO] - 		round 84: 35.70534195937216
[2025-01-06 11:29:42,055][flwr][INFO] - 		round 85: 89.06285746768117
[2025-01-06 11:29:42,056][flwr][INFO] - 		round 86: 34.6331544322893
[2025-01-06 11:29:42,056][flwr][INFO] - 		round 87: 64.4519711509347
[2025-01-06 11:29:42,056][flwr][INFO] - 		round 88: 111.98907532542944
[2025-01-06 11:29:42,056][flwr][INFO] - 		round 89: 48.689975118264556
[2025-01-06 11:29:42,056][flwr][INFO] - 		round 90: 37.05929930508137
[2025-01-06 11:29:42,056][flwr][INFO] - 		round 91: 75.81319882813841
[2025-01-06 11:29:42,056][flwr][INFO] - 		round 92: 61.90392501652241
[2025-01-06 11:29:42,056][flwr][INFO] - 		round 93: 76.94244692474604
[2025-01-06 11:29:42,056][flwr][INFO] - 		round 94: 68.90264080092311
[2025-01-06 11:29:42,056][flwr][INFO] - 		round 95: 42.62331237271428
[2025-01-06 11:29:42,056][flwr][INFO] - 		round 96: 111.56598576903343
[2025-01-06 11:29:42,056][flwr][INFO] - 		round 97: 37.249695632606745
[2025-01-06 11:29:42,056][flwr][INFO] - 		round 98: 32.6824572570622
[2025-01-06 11:29:42,056][flwr][INFO] - 		round 99: 53.179348200559616
[2025-01-06 11:29:42,056][flwr][INFO] - 		round 100: 67.8863120675087
[2025-01-06 11:29:42,056][flwr][INFO] - 	History (metrics, distributed, evaluate):
[2025-01-06 11:29:42,057][flwr][INFO] - 	{'accuracy': [(1, 0.676056338028169),
[2025-01-06 11:29:42,057][flwr][INFO] - 	              (2, 0.4358974358974359),
[2025-01-06 11:29:42,057][flwr][INFO] - 	              (3, 0.25),
[2025-01-06 11:29:42,057][flwr][INFO] - 	              (4, 0.5128205128205128),
[2025-01-06 11:29:42,057][flwr][INFO] - 	              (5, 0.7954545454545454),
[2025-01-06 11:29:42,057][flwr][INFO] - 	              (6, 0.7551020408163265),
[2025-01-06 11:29:42,057][flwr][INFO] - 	              (7, 0.2542372881355932),
[2025-01-06 11:29:42,057][flwr][INFO] - 	              (8, 0.7837837837837838),
[2025-01-06 11:29:42,057][flwr][INFO] - 	              (9, 0.46875),
[2025-01-06 11:29:42,057][flwr][INFO] - 	              (10, 0.78125),
[2025-01-06 11:29:42,057][flwr][INFO] - 	              (11, 0.8571428571428571),
[2025-01-06 11:29:42,057][flwr][INFO] - 	              (12, 0.7735849056603774),
[2025-01-06 11:29:42,057][flwr][INFO] - 	              (13, 0.7941176470588235),
[2025-01-06 11:29:42,057][flwr][INFO] - 	              (14, 0.9024390243902439),
[2025-01-06 11:29:42,057][flwr][INFO] - 	              (15, 0.5121951219512195),
[2025-01-06 11:29:42,057][flwr][INFO] - 	              (16, 0.5555555555555556),
[2025-01-06 11:29:42,058][flwr][INFO] - 	              (17, 0.7931034482758621),
[2025-01-06 11:29:42,058][flwr][INFO] - 	              (18, 0.5671641791044776),
[2025-01-06 11:29:42,058][flwr][INFO] - 	              (19, 0.6),
[2025-01-06 11:29:42,058][flwr][INFO] - 	              (20, 0.7368421052631579),
[2025-01-06 11:29:42,058][flwr][INFO] - 	              (21, 0.8484848484848485),
[2025-01-06 11:29:42,058][flwr][INFO] - 	              (22, 0.8902439024390244),
[2025-01-06 11:29:42,058][flwr][INFO] - 	              (23, 0.40540540540540543),
[2025-01-06 11:29:42,058][flwr][INFO] - 	              (24, 0.9166666666666666),
[2025-01-06 11:29:42,058][flwr][INFO] - 	              (25, 0.6363636363636364),
[2025-01-06 11:29:42,058][flwr][INFO] - 	              (26, 0.7872340425531915),
[2025-01-06 11:29:42,058][flwr][INFO] - 	              (27, 0.8846153846153846),
[2025-01-06 11:29:42,058][flwr][INFO] - 	              (28, 0.7027027027027027),
[2025-01-06 11:29:42,058][flwr][INFO] - 	              (29, 0.819672131147541),
[2025-01-06 11:29:42,058][flwr][INFO] - 	              (30, 0.821917808219178),
[2025-01-06 11:29:42,058][flwr][INFO] - 	              (31, 0.7551020408163265),
[2025-01-06 11:29:42,058][flwr][INFO] - 	              (32, 0.7352941176470589),
[2025-01-06 11:29:42,059][flwr][INFO] - 	              (33, 0.7555555555555555),
[2025-01-06 11:29:42,059][flwr][INFO] - 	              (34, 0.7837837837837838),
[2025-01-06 11:29:42,059][flwr][INFO] - 	              (35, 0.7058823529411765),
[2025-01-06 11:29:42,059][flwr][INFO] - 	              (36, 0.819672131147541),
[2025-01-06 11:29:42,059][flwr][INFO] - 	              (37, 0.8301886792452831),
[2025-01-06 11:29:42,059][flwr][INFO] - 	              (38, 0.7948717948717948),
[2025-01-06 11:29:42,059][flwr][INFO] - 	              (39, 0.6304347826086957),
[2025-01-06 11:29:42,059][flwr][INFO] - 	              (40, 0.8375),
[2025-01-06 11:29:42,059][flwr][INFO] - 	              (41, 0.7446808510638298),
[2025-01-06 11:29:42,059][flwr][INFO] - 	              (42, 0.8441558441558441),
[2025-01-06 11:29:42,059][flwr][INFO] - 	              (43, 0.75),
[2025-01-06 11:29:42,059][flwr][INFO] - 	              (44, 0.8636363636363636),
[2025-01-06 11:29:42,059][flwr][INFO] - 	              (45, 0.7285714285714285),
[2025-01-06 11:29:42,059][flwr][INFO] - 	              (46, 0.37777777777777777),
[2025-01-06 11:29:42,059][flwr][INFO] - 	              (47, 0.8333333333333334),
[2025-01-06 11:29:42,059][flwr][INFO] - 	              (48, 0.7894736842105263),
[2025-01-06 11:29:42,060][flwr][INFO] - 	              (49, 0.9245283018867925),
[2025-01-06 11:29:42,060][flwr][INFO] - 	              (50, 0.8275862068965517),
[2025-01-06 11:29:42,060][flwr][INFO] - 	              (51, 0.7959183673469388),
[2025-01-06 11:29:42,060][flwr][INFO] - 	              (52, 0.7692307692307693),
[2025-01-06 11:29:42,060][flwr][INFO] - 	              (53, 0.6153846153846154),
[2025-01-06 11:29:42,060][flwr][INFO] - 	              (54, 0.8620689655172413),
[2025-01-06 11:29:42,060][flwr][INFO] - 	              (55, 0.5357142857142857),
[2025-01-06 11:29:42,060][flwr][INFO] - 	              (56, 0.7166666666666667),
[2025-01-06 11:29:42,060][flwr][INFO] - 	              (57, 0.7777777777777778),
[2025-01-06 11:29:42,060][flwr][INFO] - 	              (58, 0.8888888888888888),
[2025-01-06 11:29:42,060][flwr][INFO] - 	              (59, 0.9142857142857143),
[2025-01-06 11:29:42,060][flwr][INFO] - 	              (60, 0.7058823529411765),
[2025-01-06 11:29:42,060][flwr][INFO] - 	              (61, 0.6666666666666666),
[2025-01-06 11:29:42,060][flwr][INFO] - 	              (62, 0.8867924528301887),
[2025-01-06 11:29:42,060][flwr][INFO] - 	              (63, 0.7708333333333334),
[2025-01-06 11:29:42,060][flwr][INFO] - 	              (64, 0.9117647058823529),
[2025-01-06 11:29:42,061][flwr][INFO] - 	              (65, 0.8),
[2025-01-06 11:29:42,061][flwr][INFO] - 	              (66, 0.8529411764705882),
[2025-01-06 11:29:42,061][flwr][INFO] - 	              (67, 0.925),
[2025-01-06 11:29:42,061][flwr][INFO] - 	              (68, 0.8135593220338984),
[2025-01-06 11:29:42,061][flwr][INFO] - 	              (69, 0.8695652173913043),
[2025-01-06 11:29:42,061][flwr][INFO] - 	              (70, 0.8913043478260869),
[2025-01-06 11:29:42,061][flwr][INFO] - 	              (71, 0.8333333333333334),
[2025-01-06 11:29:42,061][flwr][INFO] - 	              (72, 0.7948717948717948),
[2025-01-06 11:29:42,061][flwr][INFO] - 	              (73, 0.9310344827586207),
[2025-01-06 11:29:42,061][flwr][INFO] - 	              (74, 0.9090909090909091),
[2025-01-06 11:29:42,061][flwr][INFO] - 	              (75, 0.8679245283018868),
[2025-01-06 11:29:42,061][flwr][INFO] - 	              (76, 0.7432432432432432),
[2025-01-06 11:29:42,061][flwr][INFO] - 	              (77, 0.8125),
[2025-01-06 11:29:42,061][flwr][INFO] - 	              (78, 0.8),
[2025-01-06 11:29:42,061][flwr][INFO] - 	              (79, 0.9534883720930233),
[2025-01-06 11:29:42,061][flwr][INFO] - 	              (80, 0.8072289156626506),
[2025-01-06 11:29:42,062][flwr][INFO] - 	              (81, 0.8367346938775511),
[2025-01-06 11:29:42,062][flwr][INFO] - 	              (82, 0.8888888888888888),
[2025-01-06 11:29:42,062][flwr][INFO] - 	              (83, 0.775),
[2025-01-06 11:29:42,062][flwr][INFO] - 	              (84, 0.8837209302325582),
[2025-01-06 11:29:42,062][flwr][INFO] - 	              (85, 0.725),
[2025-01-06 11:29:42,062][flwr][INFO] - 	              (86, 0.92),
[2025-01-06 11:29:42,062][flwr][INFO] - 	              (87, 0.7878787878787878),
[2025-01-06 11:29:42,062][flwr][INFO] - 	              (88, 0.9130434782608695),
[2025-01-06 11:29:42,062][flwr][INFO] - 	              (89, 0.9393939393939394),
[2025-01-06 11:29:42,062][flwr][INFO] - 	              (90, 0.8695652173913043),
[2025-01-06 11:29:42,062][flwr][INFO] - 	              (91, 0.8472222222222222),
[2025-01-06 11:29:42,062][flwr][INFO] - 	              (92, 0.8412698412698413),
[2025-01-06 11:29:42,062][flwr][INFO] - 	              (93, 0.8596491228070176),
[2025-01-06 11:29:42,062][flwr][INFO] - 	              (94, 0.8222222222222222),
[2025-01-06 11:29:42,062][flwr][INFO] - 	              (95, 0.9148936170212766),
[2025-01-06 11:29:42,062][flwr][INFO] - 	              (96, 0.7083333333333334),
[2025-01-06 11:29:42,063][flwr][INFO] - 	              (97, 0.8484848484848485),
[2025-01-06 11:29:42,063][flwr][INFO] - 	              (98, 0.8444444444444444),
[2025-01-06 11:29:42,063][flwr][INFO] - 	              (99, 0.7317073170731707),
[2025-01-06 11:29:42,063][flwr][INFO] - 	              (100, 0.825)]}
[2025-01-06 11:29:42,063][flwr][INFO] - 	History (metrics, centralized):
[2025-01-06 11:29:42,063][flwr][INFO] - 	{'accuracy': [(0, 0.05203156971645718),
[2025-01-06 11:29:42,063][flwr][INFO] - 	              (1, 0.35983630517392573),
[2025-01-06 11:29:42,063][flwr][INFO] - 	              (2, 0.40777550423852676),
[2025-01-06 11:29:42,063][flwr][INFO] - 	              (3, 0.4381759719380298),
[2025-01-06 11:29:42,063][flwr][INFO] - 	              (4, 0.5390236772873429),
[2025-01-06 11:29:42,063][flwr][INFO] - 	              (5, 0.7787196726103478),
[2025-01-06 11:29:42,063][flwr][INFO] - 	              (6, 0.7693656825489623),
[2025-01-06 11:29:42,063][flwr][INFO] - 	              (7, 0.3051739257527039),
[2025-01-06 11:29:42,063][flwr][INFO] - 	              (8, 0.6363636363636364),
[2025-01-06 11:29:42,063][flwr][INFO] - 	              (9, 0.6916106401636948),
[2025-01-06 11:29:42,064][flwr][INFO] - 	              (10, 0.7845659163987139),
[2025-01-06 11:29:42,064][flwr][INFO] - 	              (11, 0.7977199649225373),
[2025-01-06 11:29:42,064][flwr][INFO] - 	              (12, 0.8617363344051447),
[2025-01-06 11:29:42,064][flwr][INFO] - 	              (13, 0.7646886875182695),
[2025-01-06 11:29:42,064][flwr][INFO] - 	              (14, 0.8047354574685764),
[2025-01-06 11:29:42,064][flwr][INFO] - 	              (15, 0.5764396375328851),
[2025-01-06 11:29:42,064][flwr][INFO] - 	              (16, 0.4688687518269512),
[2025-01-06 11:29:42,064][flwr][INFO] - 	              (17, 0.746565331774335),
[2025-01-06 11:29:42,064][flwr][INFO] - 	              (18, 0.6737795966091786),
[2025-01-06 11:29:42,064][flwr][INFO] - 	              (19, 0.710318620286466),
[2025-01-06 11:29:42,064][flwr][INFO] - 	              (20, 0.7173341128325051),
[2025-01-06 11:29:42,064][flwr][INFO] - 	              (21, 0.77491961414791),
[2025-01-06 11:29:42,064][flwr][INFO] - 	              (22, 0.7658579362759427),
[2025-01-06 11:29:42,064][flwr][INFO] - 	              (23, 0.5340543700672318),
[2025-01-06 11:29:42,064][flwr][INFO] - 	              (24, 0.8196433791289097),
[2025-01-06 11:29:42,064][flwr][INFO] - 	              (25, 0.6615024846536101),
[2025-01-06 11:29:42,064][flwr][INFO] - 	              (26, 0.6480561239403683),
[2025-01-06 11:29:42,065][flwr][INFO] - 	              (27, 0.799473838059047),
[2025-01-06 11:29:42,065][flwr][INFO] - 	              (28, 0.6971645717626425),
[2025-01-06 11:29:42,065][flwr][INFO] - 	              (29, 0.8693364513300205),
[2025-01-06 11:29:42,065][flwr][INFO] - 	              (30, 0.7322420344928383),
[2025-01-06 11:29:42,065][flwr][INFO] - 	              (31, 0.7310727857351652),
[2025-01-06 11:29:42,065][flwr][INFO] - 	              (32, 0.754457760888629),
[2025-01-06 11:29:42,065][flwr][INFO] - 	              (33, 0.7679041216018708),
[2025-01-06 11:29:42,065][flwr][INFO] - 	              (34, 0.6465945629932768),
[2025-01-06 11:29:42,065][flwr][INFO] - 	              (35, 0.7301958491669103),
[2025-01-06 11:29:42,065][flwr][INFO] - 	              (36, 0.7351651563870213),
[2025-01-06 11:29:42,065][flwr][INFO] - 	              (37, 0.8175971938029816),
[2025-01-06 11:29:42,065][flwr][INFO] - 	              (38, 0.7404267757965507),
[2025-01-06 11:29:42,065][flwr][INFO] - 	              (39, 0.7471499561531716),
[2025-01-06 11:29:42,065][flwr][INFO] - 	              (40, 0.8576439637532886),
[2025-01-06 11:29:42,065][flwr][INFO] - 	              (41, 0.7076878105817013),
[2025-01-06 11:29:42,065][flwr][INFO] - 	              (42, 0.8351359251680796),
[2025-01-06 11:29:42,066][flwr][INFO] - 	              (43, 0.8430283542823735),
[2025-01-06 11:29:42,066][flwr][INFO] - 	              (44, 0.827828120432622),
[2025-01-06 11:29:42,066][flwr][INFO] - 	              (45, 0.8012277111955568),
[2025-01-06 11:29:42,066][flwr][INFO] - 	              (46, 0.5492546039169833),
[2025-01-06 11:29:42,066][flwr][INFO] - 	              (47, 0.8327974276527331),
[2025-01-06 11:29:42,066][flwr][INFO] - 	              (48, 0.8114586378251973),
[2025-01-06 11:29:42,066][flwr][INFO] - 	              (49, 0.8880444314527915),
[2025-01-06 11:29:42,066][flwr][INFO] - 	              (50, 0.8392282958199357),
[2025-01-06 11:29:42,066][flwr][INFO] - 	              (51, 0.8287050570008769),
[2025-01-06 11:29:42,066][flwr][INFO] - 	              (52, 0.7676118094124526),
[2025-01-06 11:29:42,066][flwr][INFO] - 	              (53, 0.808243203741596),
[2025-01-06 11:29:42,066][flwr][INFO] - 	              (54, 0.8626132709733996),
[2025-01-06 11:29:42,066][flwr][INFO] - 	              (55, 0.6822566501023093),
[2025-01-06 11:29:42,066][flwr][INFO] - 	              (56, 0.779888921368021),
[2025-01-06 11:29:42,066][flwr][INFO] - 	              (57, 0.8588132125109617),
[2025-01-06 11:29:42,066][flwr][INFO] - 	              (58, 0.8661210172464192),
[2025-01-06 11:29:42,067][flwr][INFO] - 	              (59, 0.7740426775796551),
[2025-01-06 11:29:42,067][flwr][INFO] - 	              (60, 0.8570593393744519),
[2025-01-06 11:29:42,067][flwr][INFO] - 	              (61, 0.7462730195849167),
[2025-01-06 11:29:42,067][flwr][INFO] - 	              (62, 0.8266588716749489),
[2025-01-06 11:29:42,067][flwr][INFO] - 	              (63, 0.8105817012569424),
[2025-01-06 11:29:42,067][flwr][INFO] - 	              (64, 0.7924583455130079),
[2025-01-06 11:29:42,067][flwr][INFO] - 	              (65, 0.8690441391406022),
[2025-01-06 11:29:42,067][flwr][INFO] - 	              (66, 0.864951768488746),
[2025-01-06 11:29:42,067][flwr][INFO] - 	              (67, 0.8357205495469161),
[2025-01-06 11:29:42,067][flwr][INFO] - 	              (68, 0.8143817597193803),
[2025-01-06 11:29:42,067][flwr][INFO] - 	              (69, 0.7880736626717334),
[2025-01-06 11:29:42,067][flwr][INFO] - 	              (70, 0.8745980707395499),
[2025-01-06 11:29:42,067][flwr][INFO] - 	              (71, 0.7892429114294066),
[2025-01-06 11:29:42,067][flwr][INFO] - 	              (72, 0.7021338789827536),
[2025-01-06 11:29:42,067][flwr][INFO] - 	              (73, 0.8965214849459222),
[2025-01-06 11:29:42,067][flwr][INFO] - 	              (74, 0.8097047646886876),
[2025-01-06 11:29:42,067][flwr][INFO] - 	              (75, 0.8702133878982754),
[2025-01-06 11:29:42,068][flwr][INFO] - 	              (76, 0.8608593978368898),
[2025-01-06 11:29:42,068][flwr][INFO] - 	              (77, 0.8889213680210465),
[2025-01-06 11:29:42,068][flwr][INFO] - 	              (78, 0.8392282958199357),
[2025-01-06 11:29:42,068][flwr][INFO] - 	              (79, 0.8693364513300205),
[2025-01-06 11:29:42,068][flwr][INFO] - 	              (80, 0.8316281788950599),
[2025-01-06 11:29:42,068][flwr][INFO] - 	              (81, 0.8000584624378837),
[2025-01-06 11:29:42,068][flwr][INFO] - 	              (82, 0.8754750073078047),
[2025-01-06 11:29:42,068][flwr][INFO] - 	              (83, 0.8748903829289681),
[2025-01-06 11:29:42,068][flwr][INFO] - 	              (84, 0.8982753580824321),
[2025-01-06 11:29:42,068][flwr][INFO] - 	              (85, 0.8237357497807658),
[2025-01-06 11:29:42,068][flwr][INFO] - 	              (86, 0.9076293481438176),
[2025-01-06 11:29:42,068][flwr][INFO] - 	              (87, 0.8471207249342297),
[2025-01-06 11:29:42,068][flwr][INFO] - 	              (88, 0.8339666764104063),
[2025-01-06 11:29:42,068][flwr][INFO] - 	              (89, 0.889505992399883),
[2025-01-06 11:29:42,068][flwr][INFO] - 	              (90, 0.8871674948845367),
[2025-01-06 11:29:42,068][flwr][INFO] - 	              (91, 0.827828120432622),
[2025-01-06 11:29:42,069][flwr][INFO] - 	              (92, 0.8529669687225957),
[2025-01-06 11:29:42,069][flwr][INFO] - 	              (93, 0.8374744226834259),
[2025-01-06 11:29:42,069][flwr][INFO] - 	              (94, 0.8360128617363344),
[2025-01-06 11:29:42,069][flwr][INFO] - 	              (95, 0.8725518854136217),
[2025-01-06 11:29:42,069][flwr][INFO] - 	              (96, 0.7752119263373283),
[2025-01-06 11:29:42,069][flwr][INFO] - 	              (97, 0.8859982461268635),
[2025-01-06 11:29:42,069][flwr][INFO] - 	              (98, 0.9038292896813798),
[2025-01-06 11:29:42,069][flwr][INFO] - 	              (99, 0.8655363928675825),
[2025-01-06 11:29:42,069][flwr][INFO] - 	              (100, 0.8325051154633148)]}
[2025-01-06 11:29:42,069][flwr][INFO] - 
